spk_ver/v00/v0000	SES146	1.02098	14.1177	13.0968
spk_ver/v00/v0001	SES002	-7.27797	5.59868	12.8766
spk_ver/v00/v0002	SES002	-3.77943	9.44797	13.2274
spk_ver/v00/v0003	SES002	-7.87634	5.11146	12.9878
spk_ver/v00/v0004	SES002	-3.62327	9.00653	12.6298
spk_ver/v00/v0005	SES002	-3.97278	8.12691	12.0997
spk_ver/v00/v0006	SES002	-5.01825	9.34957	14.3678
spk_ver/v00/v0007	SES002	-4.69325	6.94809	11.6413
spk_ver/v00/v0008	SES146	0.593664	12.9217	12.328
spk_ver/v00/v0009	SES002	-1.935	13.1559	15.0909
spk_ver/v00/v0010	SES002	-5.29667	6.08656	11.3832
spk_ver/v00/v0011	SES002	-2.3319	8.87679	11.2087
spk_ver/v00/v0012	SES002	-3.89293	11.6769	15.5698
spk_ver/v00/v0013	SES002	-3.93377	11.1301	15.0638
spk_ver/v00/v0014	SES002	-0.911509	13.0562	13.9677
spk_ver/v00/v0015	SES002	-2.63354	11.3137	13.9473
spk_ver/v00/v0016	SES275	0.913426	13.3671	12.4537
spk_ver/v00/v0017	SES002	-1.66754	12.3183	13.9859
spk_ver/v00/v0018	SES002	-6.18556	6.46896	12.6545
spk_ver/v00/v0019	SES002	-2.61245	10.4347	13.0471
spk_ver/v00/v0020	SES002	-7.06369	5.27943	12.3431
spk_ver/v00/v0021	SES002	-4.65941	8.25268	12.9121
spk_ver/v00/v0022	SES002	-3.19943	10.2558	13.4552
spk_ver/v00/v0023	SES002	-6.00364	9.32454	15.3282
spk_ver/v00/v0024	SES002	-7.55479	5.24015	12.7949
spk_ver/v00/v0025	SES002	-4.65053	9.04679	13.6973
spk_ver/v00/v0026	SES002	-5.00696	8.57617	13.5831
spk_ver/v00/v0027	SES129	1.41211	14.595	13.1829
spk_ver/v00/v0028	SES007	-2.45996	11.8289	14.2888
spk_ver/v00/v0029	SES083	-0.0232925	15.0321	15.0554
spk_ver/v00/v0030	SES019	3.06349	15.4492	12.3857
spk_ver/v00/v0031	SES007	-1.64324	11.4746	13.1179
spk_ver/v00/v0032	SES270	1.27693	14.1491	12.8722
spk_ver/v00/v0033	SES007	-2.84389	10.7138	13.5577
spk_ver/v00/v0034	SES007	-2.39478	10.4501	12.8449
spk_ver/v00/v0035	SES007	-1.35838	13.3616	14.7199
spk_ver/v00/v0036	SES007	-2.41465	8.85568	11.2703
spk_ver/v00/v0037	SES007	-3.82023	10.0321	13.8524
spk_ver/v00/v0038	SES259	2.90169	17.1383	14.2366
spk_ver/v00/v0039	SES007	-3.43911	7.54811	10.9872
spk_ver/v00/v0040	SES007	-4.29047	11.0821	15.3726
spk_ver/v00/v0041	SES007	-1.80372	11.2009	13.0046
spk_ver/v00/v0042	SES007	-1.64258	9.19084	10.8334
spk_ver/v00/v0043	SES007	-1.45781	11.5881	13.046
spk_ver/v00/v0044	SES007	-3.29456	12.7297	16.0243
spk_ver/v00/v0045	SES007	-1.83366	12.8851	14.7188
spk_ver/v00/v0046	SES007	-2.07486	12.0205	14.0954
spk_ver/v00/v0047	SES172	0.382533	14.333	13.9505
spk_ver/v00/v0048	SES105	1.74357	14.5626	12.819
spk_ver/v00/v0049	SES007	-1.2463	13.7015	14.9478
spk_ver/v00/v0050	SES292	-0.501294	13.7981	14.2994
spk_ver/v00/v0051	SES007	-1.62244	11.7346	13.357
spk_ver/v00/v0052	SES068	0.775297	16.0481	15.2728
spk_ver/v00/v0053	SES008	-1.81673	13.3757	15.1924
spk_ver/v00/v0054	SES008	-2.71034	10.0711	12.7815
spk_ver/v00/v0055	SES008	-2.65937	11.2578	13.9171
spk_ver/v00/v0056	SES008	-5.7111	7.2798	12.9909
spk_ver/v00/v0057	SES008	-4.25077	9.51342	13.7642
spk_ver/v00/v0058	SES083	0.565232	14.9516	14.3864
spk_ver/v00/v0059	SES158	1.79852	14.8407	13.0422
spk_ver/v00/v0060	SES008	-3.15325	10.2519	13.4051
spk_ver/v00/v0061	SES101	-0.0177851	14.1367	14.1545
spk_ver/v00/v0062	SES008	-3.14077	10.3092	13.45
spk_ver/v00/v0063	SES008	-2.87875	11.1736	14.0523
spk_ver/v00/v0064	SES117	1.08099	13.8924	12.8114
spk_ver/v00/v0065	SES149	1.54103	16.645	15.104
spk_ver/v00/v0066	SES008	0.184897	14.5048	14.3199
spk_ver/v00/v0067	SES008	-2.39542	9.70752	12.1029
spk_ver/v00/v0068	SES162	1.52479	14.1766	12.6519
spk_ver/v00/v0069	SES008	-7.28556	6.3388	13.6244
spk_ver/v00/v0070	SES008	-0.881231	13.5697	14.4509
spk_ver/v00/v0071	SES008	-3.30643	11.1973	14.5037
spk_ver/v00/v0072	SES008	-1.89723	14.1186	16.0158
spk_ver/v00/v0073	SES008	-2.59104	12.2111	14.8021
spk_ver/v00/v0074	SES008	-4.3113	8.85429	13.1656
spk_ver/v00/v0075	SES008	-7.39638	4.63981	12.0362
spk_ver/v00/v0076	SES167	1.69994	15.894	14.1941
spk_ver/v00/v0077	SES008	-1.88171	13.266	15.1477
spk_ver/v00/v0078	SES177	0.827106	15.3763	14.5492
spk_ver/v00/v0079	SES008	-1.61541	11.5754	13.1908
spk_ver/v00/v0080	SES008	-2.87675	10.8849	13.7617
spk_ver/v00/v0081	SES008	-6.33538	5.5383	11.8737
spk_ver/v00/v0082	SES008	-3.01862	11.4073	14.4259
spk_ver/v00/v0083	SES008	-6.14772	4.9535	11.1012
spk_ver/v00/v0084	SES144	1.47143	15.5244	14.053
spk_ver/v00/v0085	SES008	-2.26258	11.5794	13.8419
spk_ver/v00/v0086	SES008	-2.70255	12.9951	15.6977
spk_ver/v00/v0087	SES008	-4.94304	8.21036	13.1534
spk_ver/v00/v0088	SES008	-1.60578	14.2632	15.8689
spk_ver/v00/v0089	SES008	-2.42589	9.90918	12.3351
spk_ver/v00/v0090	SES142	2.39716	14.5169	12.1198
spk_ver/v00/v0091	SES008	-4.79817	9.01815	13.8163
spk_ver/v00/v0092	SES158	1.23566	13.6387	12.403
spk_ver/v00/v0093	SES014	-2.36436	12.4171	14.7815
spk_ver/v00/v0094	SES014	-4.54625	6.24698	10.7932
spk_ver/v00/v0095	SES014	-0.946608	14.3767	15.3233
spk_ver/v00/v0096	SES014	-9.3031	2.82059	12.1237
spk_ver/v00/v0097	SES014	-2.08095	10.3733	12.4542
spk_ver/v00/v0098	SES014	-2.43443	12.5711	15.0055
spk_ver/v00/v0099	SES014	-3.58912	9.18578	12.7749
spk_ver/v01/v0100	SES127	0.577327	14.7672	14.1898
spk_ver/v01/v0101	SES014	-5.80737	6.53157	12.3389
spk_ver/v01/v0102	SES014	-5.56213	7.04289	12.605
spk_ver/v01/v0103	SES014	-6.0521	6.55841	12.6105
spk_ver/v01/v0104	SES014	-6.83771	6.57693	13.4146
spk_ver/v01/v0105	SES014	-4.66906	6.39578	11.0648
spk_ver/v01/v0106	SES014	-3.32484	9.22999	12.5548
spk_ver/v01/v0107	SES014	-6.4545	8.536	14.9905
spk_ver/v01/v0108	SES014	-6.38723	6.74292	13.1301
spk_ver/v01/v0109	SES014	-3.45818	8.30768	11.7659
spk_ver/v01/v0110	SES014	-3.95166	8.23293	12.1846
spk_ver/v01/v0111	SES014	-1.58025	12.9627	14.543
spk_ver/v01/v0112	SES014	-4.3258	10.2483	14.5741
spk_ver/v01/v0113	SES104	0.135687	13.7432	13.6075
spk_ver/v01/v0114	SES082	1.12413	15.9154	14.7913
spk_ver/v01/v0115	SES087	1.46113	14.9888	13.5277
spk_ver/v01/v0116	SES014	-1.78271	11.5667	13.3494
spk_ver/v01/v0117	SES177	0.532183	14.2399	13.7077
spk_ver/v01/v0118	SES014	-4.14034	7.54505	11.6854
spk_ver/v01/v0119	SES014	-1.60438	12.4353	14.0397
spk_ver/v01/v0120	SES014	-6.86019	6.63915	13.4993
spk_ver/v01/v0121	SES146	0.142984	14.0389	13.8959
spk_ver/v01/v0122	SES014	2.51248	17.7046	15.1921
spk_ver/v01/v0123	SES014	-2.8718	11.5828	14.4546
spk_ver/v01/v0124	SES014	-9.69159	4.09236	13.784
spk_ver/v01/v0125	SES014	-4.46034	9.2223	13.6826
spk_ver/v01/v0126	SES016	-2.46353	11.0974	13.5609
spk_ver/v01/v0127	SES016	-2.69142	9.34946	12.0409
spk_ver/v01/v0128	SES106	2.65979	15.6727	13.0129
spk_ver/v01/v0129	SES016	-3.70295	10.364	14.0669
spk_ver/v01/v0130	SES016	-2.60427	11.0473	13.6516
spk_ver/v01/v0131	SES016	-5.17664	7.674	12.8506
spk_ver/v01/v0132	SES016	-3.32232	10.8781	14.2004
spk_ver/v01/v0133	SES016	-2.79947	12.1342	14.9336
spk_ver/v01/v0134	SES016	-2.79438	12.0563	14.8507
spk_ver/v01/v0135	SES016	-4.08501	10.2252	14.3102
spk_ver/v01/v0136	SES016	-4.32597	8.3644	12.6904
spk_ver/v01/v0137	SES007	0.966154	13.5496	12.5834
spk_ver/v01/v0138	SES016	-1.33134	12.9758	14.3071
spk_ver/v01/v0139	SES016	-1.92966	12.6046	14.5342
spk_ver/v01/v0140	SES016	1.8911	16.6347	14.7436
spk_ver/v01/v0141	SES016	-7.88139	2.25124	10.1326
spk_ver/v01/v0142	SES016	-6.03373	7.52686	13.5606
spk_ver/v01/v0143	SES016	-5.45654	6.11851	11.575
spk_ver/v01/v0144	SES016	-4.7409	9.71477	14.4557
spk_ver/v01/v0145	SES016	-6.09916	5.45056	11.5497
spk_ver/v01/v0146	SES016	-1.8629	12.6069	14.4698
spk_ver/v01/v0147	SES016	-1.86774	12.6509	14.5187
spk_ver/v01/v0148	SES127	0.390605	14.207	13.8163
spk_ver/v01/v0149	SES016	-3.43706	9.85114	13.2882
spk_ver/v01/v0150	SES016	-2.5305	11.5888	14.1193
spk_ver/v01/v0151	SES147	1.33893	13.4844	12.1454
spk_ver/v01/v0152	SES016	-1.6071	11.8104	13.4175
spk_ver/v01/v0153	SES104	1.64624	16.6834	15.0372
spk_ver/v01/v0154	SES016	-4.40172	8.4559	12.8576
spk_ver/v01/v0155	SES016	-3.01909	9.52929	12.5484
spk_ver/v01/v0156	SES019	-1.4132	10.3296	11.7428
spk_ver/v01/v0157	SES019	-3.33689	12.1949	15.5317
spk_ver/v01/v0158	SES019	-0.415963	13.0066	13.4226
spk_ver/v01/v0159	SES007	1.05364	14.5241	13.4705
spk_ver/v01/v0160	SES019	-2.61796	12.1294	14.7474
spk_ver/v01/v0161	SES019	-3.8234	8.62052	12.4439
spk_ver/v01/v0162	SES019	-4.21353	11.3545	15.568
spk_ver/v01/v0163	SES189	1.15018	14.5059	13.3557
spk_ver/v01/v0164	SES019	-2.65259	11.4405	14.0931
spk_ver/v01/v0165	SES019	-1.11571	10.3026	11.4183
spk_ver/v01/v0166	SES019	-4.80133	10.1571	14.9584
spk_ver/v01/v0167	SES019	-4.9758	8.06975	13.0456
spk_ver/v01/v0168	SES019	-2.32311	8.01917	10.3423
spk_ver/v01/v0169	SES019	-4.55796	7.92916	12.4871
spk_ver/v01/v0170	SES270	1.1952	14.2424	13.0472
spk_ver/v01/v0171	SES019	-2.37526	10.9165	13.2918
spk_ver/v01/v0172	SES019	-5.40744	7.85083	13.2583
spk_ver/v01/v0173	SES206	1.18203	14.9465	13.7645
spk_ver/v01/v0174	SES019	-2.19103	9.62988	11.8209
spk_ver/v01/v0175	SES014	2.10725	17.4876	15.3803
spk_ver/v01/v0176	SES019	-4.77646	9.74852	14.525
spk_ver/v01/v0177	SES120	1.00952	13.7418	12.7322
spk_ver/v01/v0178	SES019	-2.26437	9.23153	11.4959
spk_ver/v01/v0179	SES019	-6.17596	9.86381	16.0398
spk_ver/v01/v0180	SES175	0.806548	14.1822	13.3757
spk_ver/v01/v0181	SES019	-4.73793	8.01879	12.7567
spk_ver/v01/v0182	SES019	-4.98914	10.1876	15.1768
spk_ver/v01/v0183	SES029	-2.49	11.5023	13.9923
spk_ver/v01/v0184	SES029	-6.21237	7.3856	13.598
spk_ver/v01/v0185	SES029	-2.65276	12.2822	14.935
spk_ver/v01/v0186	SES068	1.18609	16.2449	15.0589
spk_ver/v01/v0187	SES029	-3.3766	10.0441	13.4207
spk_ver/v01/v0188	SES029	-2.83305	12.1352	14.9682
spk_ver/v01/v0189	SES149	2.24401	17.0882	14.8442
spk_ver/v01/v0190	SES029	-3.3004	11.4842	14.7846
spk_ver/v01/v0191	SES029	-3.58196	9.52457	13.1065
spk_ver/v01/v0192	SES183	1.27051	15.5486	14.2781
spk_ver/v01/v0193	SES029	-2.21498	11.4714	13.6864
spk_ver/v01/v0194	SES016	2.11042	16.652	14.5416
spk_ver/v01/v0195	SES029	-3.17817	11.0055	14.1837
spk_ver/v01/v0196	SES029	-1.05814	11.7373	12.7954
spk_ver/v01/v0197	SES029	-4.0319	10.4991	14.531
spk_ver/v01/v0198	SES146	0.808026	13.4526	12.6445
spk_ver/v01/v0199	SES029	-3.96057	7.60709	11.5677
spk_ver/v02/v0200	SES029	-2.10638	12.1452	14.2516
spk_ver/v02/v0201	SES068	1.44594	16.3756	14.9297
spk_ver/v02/v0202	SES148	2.20099	14.8157	12.6147
spk_ver/v02/v0203	SES029	-2.97589	10.6488	13.6247
spk_ver/v02/v0204	SES029	-1.07586	12.5384	13.6142
spk_ver/v02/v0205	SES060	1.01575	16.8052	15.7895
spk_ver/v02/v0206	SES127	2.45186	17.5987	15.1468
spk_ver/v02/v0207	SES029	-3.26887	9.72801	12.9969
spk_ver/v02/v0208	SES048	1.67546	14.2418	12.5663
spk_ver/v02/v0209	SES029	-1.45848	12.5232	13.9816
spk_ver/v02/v0210	SES029	-2.95644	10.2539	13.2103
spk_ver/v02/v0211	SES029	-3.31642	11.0287	14.3451
spk_ver/v02/v0212	SES042	-7.42692	5.17357	12.6005
spk_ver/v02/v0213	SES085	1.67801	15.085	13.407
spk_ver/v02/v0214	SES206	1.81061	16.4264	14.6158
spk_ver/v02/v0215	SES144	0.605392	14.1657	13.5604
spk_ver/v02/v0216	SES042	-3.07081	10.4768	13.5476
spk_ver/v02/v0217	SES042	-2.6768	5.73408	8.41089
spk_ver/v02/v0218	SES042	-2.60663	11.5649	14.1715
spk_ver/v02/v0219	SES206	1.19043	16.5787	15.3883
spk_ver/v02/v0220	SES019	4.3714	16.3649	11.9935
spk_ver/v02/v0221	SES007	0.471506	14.3502	13.8787
spk_ver/v02/v0222	SES042	-7.71297	5.03214	12.7451
spk_ver/v02/v0223	SES147	1.34886	13.3803	12.0314
spk_ver/v02/v0224	SES105	1.52724	14.2044	12.6771
spk_ver/v02/v0225	SES042	-2.05126	11.5551	13.6064
spk_ver/v02/v0226	SES275	1.34487	14.5154	13.1705
spk_ver/v02/v0227	SES042	-5.36435	7.1753	12.5397
spk_ver/v02/v0228	SES042	-5.60844	8.96535	14.5738
spk_ver/v02/v0229	SES042	-4.98453	10.1	15.0846
spk_ver/v02/v0230	SES085	1.1038	16.8417	15.7379
spk_ver/v02/v0231	SES014	2.64664	18.2969	15.6503
spk_ver/v02/v0232	SES042	-1.53343	12.6294	14.1628
spk_ver/v02/v0233	SES048	-4.81822	9.53569	14.3539
spk_ver/v02/v0234	SES048	-2.74412	11.2779	14.022
spk_ver/v02/v0235	SES029	0.972074	15.5247	14.5526
spk_ver/v02/v0236	SES048	-2.78382	12.2995	15.0833
spk_ver/v02/v0237	SES048	-4.531	8.41156	12.9426
spk_ver/v02/v0238	SES048	-2.46499	11.7738	14.2388
spk_ver/v02/v0239	SES060	1.36088	16.0015	14.6406
spk_ver/v02/v0240	SES048	-4.20725	8.82794	13.0352
spk_ver/v02/v0241	SES048	-2.76098	11.5753	14.3363
spk_ver/v02/v0242	SES189	2.23217	14.6038	12.3717
spk_ver/v02/v0243	SES162	1.10106	14.4269	13.3258
spk_ver/v02/v0244	SES048	-5.701	9.0681	14.7691
spk_ver/v02/v0245	SES048	-4.05229	9.01628	13.0686
spk_ver/v02/v0246	SES048	-3.91452	10.1509	14.0654
spk_ver/v02/v0247	SES048	-5.66819	5.88394	11.5521
spk_ver/v02/v0248	SES226	2.62817	16.2272	13.599
spk_ver/v02/v0249	SES048	-1.88132	11.3951	13.2765
spk_ver/v02/v0250	SES048	-3.21649	9.83674	13.0532
spk_ver/v02/v0251	SES048	-5.30715	6.92009	12.2272
spk_ver/v02/v0252	SES060	-4.3865	8.15558	12.5421
spk_ver/v02/v0253	SES060	-6.00839	7.42138	13.4298
spk_ver/v02/v0254	SES259	2.85474	16.9772	14.1225
spk_ver/v02/v0255	SES060	-4.65558	7.73575	12.3913
spk_ver/v02/v0256	SES202	1.2211	13.9012	12.6801
spk_ver/v02/v0257	SES148	1.31951	15.3697	14.0502
spk_ver/v02/v0258	SES060	-4.73123	5.40477	10.136
spk_ver/v02/v0259	SES060	-2.18256	12.6404	14.823
spk_ver/v02/v0260	SES060	-3.43736	11.0524	14.4897
spk_ver/v02/v0261	SES099	2.47772	15.8675	13.3898
spk_ver/v02/v0262	SES060	-3.20408	10.5701	13.7742
spk_ver/v02/v0263	SES060	-3.46201	12.0146	15.4766
spk_ver/v02/v0264	SES292	0.324575	14.302	13.9774
spk_ver/v02/v0265	SES060	-1.5933	12.1091	13.7024
spk_ver/v02/v0266	SES060	-6.37066	5.58823	11.9589
spk_ver/v02/v0267	SES060	-4.98096	7.52163	12.5026
spk_ver/v02/v0268	SES060	-5.7655	5.03851	10.804
spk_ver/v02/v0269	SES127	0.789741	15.7306	14.9408
spk_ver/v02/v0270	SES060	-4.01872	9.47948	13.4982
spk_ver/v02/v0271	SES060	-1.7619	13.3142	15.0761
spk_ver/v02/v0272	SES060	-4.54573	6.72814	11.2739
spk_ver/v02/v0273	SES087	1.8189	15.4687	13.6498
spk_ver/v02/v0274	SES146	0.957324	13.3021	12.3448
spk_ver/v02/v0275	SES060	-3.73592	8.88999	12.6259
spk_ver/v02/v0276	SES002	2.45392	15.9551	13.5012
spk_ver/v02/v0277	SES060	-2.15699	12.3866	14.5436
spk_ver/v02/v0278	SES060	-4.76118	7.90497	12.6661
spk_ver/v02/v0279	SES060	-6.07542	8.04699	14.1224
spk_ver/v02/v0280	SES129	2.64073	16.0641	13.4234
spk_ver/v02/v0281	SES162	1.60505	14.6894	13.0843
spk_ver/v02/v0282	SES060	-3.29162	10.0225	13.3141
spk_ver/v02/v0283	SES060	-3.40628	11.7856	15.1919
spk_ver/v02/v0284	SES062	-3.94888	7.10135	11.0502
spk_ver/v02/v0285	SES062	-4.6589	8.73335	13.3923
spk_ver/v02/v0286	SES120	-0.223864	12.1421	12.3659
spk_ver/v02/v0287	SES062	-4.09614	9.10235	13.1985
spk_ver/v02/v0288	SES062	-3.31739	9.79945	13.1168
spk_ver/v02/v0289	SES062	-2.65941	12.0593	14.7187
spk_ver/v02/v0290	SES062	-2.08829	12.3582	14.4465
spk_ver/v02/v0291	SES275	0.564745	13.8438	13.279
spk_ver/v02/v0292	SES062	-2.58005	11.2705	13.8505
spk_ver/v02/v0293	SES062	-3.00444	10.937	13.9415
spk_ver/v02/v0294	SES062	-3.38196	10.5645	13.9464
spk_ver/v02/v0295	SES062	-2.06951	10.9111	12.9806
spk_ver/v02/v0296	SES062	-2.62057	10.9297	13.5503
spk_ver/v02/v0297	SES062	-4.97927	8.25517	13.2344
spk_ver/v02/v0298	SES062	-2.24783	10.3261	12.574
spk_ver/v02/v0299	SES062	-2.28958	11.9178	14.2074
spk_ver/v03/v0300	SES062	-2.72834	10.6293	13.3576
spk_ver/v03/v0301	SES062	-2.12992	12.421	14.5509
spk_ver/v03/v0302	SES172	0.469517	16.0276	15.558
spk_ver/v03/v0303	SES062	-1.73563	12.2449	13.9805
spk_ver/v03/v0304	SES062	-2.39807	10.3387	12.7367
spk_ver/v03/v0305	SES062	-2.36435	11.0694	13.4337
spk_ver/v03/v0306	SES062	-3.60011	8.71463	12.3147
spk_ver/v03/v0307	SES062	-2.82633	11.3264	14.1527
spk_ver/v03/v0308	SES062	-2.05281	11.4773	13.5301
spk_ver/v03/v0309	SES062	-2.44798	8.49012	10.9381
spk_ver/v03/v0310	SES125	1.33397	16.5739	15.2399
spk_ver/v03/v0311	SES062	-1.78717	12.0777	13.8649
spk_ver/v03/v0312	SES062	-4.41947	8.03584	12.4553
spk_ver/v03/v0313	SES062	-2.11138	11.3684	13.4798
spk_ver/v03/v0314	SES068	-4.1936	9.79404	13.9876
spk_ver/v03/v0315	SES068	-3.20708	11.0531	14.2602
spk_ver/v03/v0316	SES068	-2.30512	10.7243	13.0294
spk_ver/v03/v0317	SES068	-1.96303	10.481	12.444
spk_ver/v03/v0318	SES068	-3.38189	11.7391	15.121
spk_ver/v03/v0319	SES068	-6.75905	5.15646	11.9155
spk_ver/v03/v0320	SES068	-1.43461	12.7095	14.1441
spk_ver/v03/v0321	SES068	-1.76656	11.5648	13.3313
spk_ver/v03/v0322	SES068	-1.44561	11.2157	12.6613
spk_ver/v03/v0323	SES068	-2.24181	12.2743	14.5161
spk_ver/v03/v0324	SES144	0.871388	12.816	11.9446
spk_ver/v03/v0325	SES068	-2.15137	12.564	14.7153
spk_ver/v03/v0326	SES068	-0.867432	13.9968	14.8642
spk_ver/v03/v0327	SES068	-1.67677	12.5626	14.2394
spk_ver/v03/v0328	SES068	-5.16023	7.44267	12.6029
spk_ver/v03/v0329	SES068	-2.62811	11.5066	14.1347
spk_ver/v03/v0330	SES180	0.37843	14.0863	13.7079
spk_ver/v03/v0331	SES068	-0.967028	13.04	14.0071
spk_ver/v03/v0332	SES275	1.72287	15.0377	13.3148
spk_ver/v03/v0333	SES062	1.10013	17.2002	16.1001
spk_ver/v03/v0334	SES270	1.60348	13.9816	12.3781
spk_ver/v03/v0335	SES068	-6.22589	4.73318	10.9591
spk_ver/v03/v0336	SES068	-1.4811	14.6835	16.1646
spk_ver/v03/v0337	SES068	-2.12941	10.7616	12.891
spk_ver/v03/v0338	SES068	-2.75186	9.79853	12.5504
spk_ver/v03/v0339	SES068	-1.76822	12.2072	13.9755
spk_ver/v03/v0340	SES068	-1.98207	10.861	12.8431
spk_ver/v03/v0341	SES016	1.68291	16.9809	15.298
spk_ver/v03/v0342	SES068	-2.45088	10.6777	13.1286
spk_ver/v03/v0343	SES068	-2.41519	10.664	13.0792
spk_ver/v03/v0344	SES125	1.12731	15.0183	13.891
spk_ver/v03/v0345	SES187	0.944636	15.2789	14.3343
spk_ver/v03/v0346	SES068	-3.22575	11.3509	14.5766
spk_ver/v03/v0347	SES143	1.2121	14.0784	12.8663
spk_ver/v03/v0348	SES292	0.7983	14.7741	13.9758
spk_ver/v03/v0349	SES082	-5.36417	8.92631	14.2905
spk_ver/v03/v0350	SES101	1.00018	15.6189	14.6187
spk_ver/v03/v0351	SES082	-0.971231	11.8528	12.8241
spk_ver/v03/v0352	SES082	-1.86768	9.32331	11.191
spk_ver/v03/v0353	SES082	-3.13601	10.7463	13.8824
spk_ver/v03/v0354	SES082	-7.53476	4.91608	12.4508
spk_ver/v03/v0355	SES083	0.632695	16.083	15.4504
spk_ver/v03/v0356	SES082	-2.74485	9.90437	12.6492
spk_ver/v03/v0357	SES082	-4.69089	8.17197	12.8629
spk_ver/v03/v0358	SES082	-2.19752	10.9739	13.1714
spk_ver/v03/v0359	SES117	0.962944	12.6751	11.7121
spk_ver/v03/v0360	SES082	-5.42077	9.3207	14.7415
spk_ver/v03/v0361	SES082	-2.22969	10.9898	13.2195
spk_ver/v03/v0362	SES007	1.06593	14.5203	13.4544
spk_ver/v03/v0363	SES082	-2.95691	10.9577	13.9146
spk_ver/v03/v0364	SES019	2.9535	15.7676	12.8141
spk_ver/v03/v0365	SES082	-1.01472	11.7704	12.7851
spk_ver/v03/v0366	SES226	2.15715	16.0195	13.8623
spk_ver/v03/v0367	SES167	1.83232	16.8255	14.9932
spk_ver/v03/v0368	SES082	-3.40142	11.504	14.9055
spk_ver/v03/v0369	SES042	3.63061	18.4706	14.84
spk_ver/v03/v0370	SES042	3.04218	17.6005	14.5583
spk_ver/v03/v0371	SES082	-4.86633	8.83682	13.7031
spk_ver/v03/v0372	SES082	-1.81716	12.5336	14.3508
spk_ver/v03/v0373	SES082	-5.30348	8.88778	14.1913
spk_ver/v03/v0374	SES083	-1.5712	14.1038	15.675
spk_ver/v03/v0375	SES292	0.439552	14.404	13.9644
spk_ver/v03/v0376	SES083	-3.4423	10.9275	14.3698
spk_ver/v03/v0377	SES083	-3.57288	8.95984	12.5327
spk_ver/v03/v0378	SES083	-0.824645	12.2594	13.0841
spk_ver/v03/v0379	SES083	-1.14582	12.1401	13.2859
spk_ver/v03/v0380	SES083	-3.09331	10.5656	13.659
spk_ver/v03/v0381	SES083	-3.3423	10.5263	13.8686
spk_ver/v03/v0382	SES148	-0.0471373	14.8492	14.8963
spk_ver/v03/v0383	SES083	-1.94685	12.6459	14.5927
spk_ver/v03/v0384	SES226	2.038	15.9183	13.8803
spk_ver/v03/v0385	SES226	2.81373	17.0234	14.2097
spk_ver/v03/v0386	SES087	1.82556	15.0706	13.2451
spk_ver/v03/v0387	SES029	1.33216	15.4364	14.1042
spk_ver/v03/v0388	SES147	1.16339	14.3011	13.1377
spk_ver/v03/v0389	SES083	-4.01138	7.86835	11.8797
spk_ver/v03/v0390	SES189	1.85452	15.2537	13.3992
spk_ver/v03/v0391	SES083	-1.60487	12.5755	14.1804
spk_ver/v03/v0392	SES083	-0.522727	14.8233	15.346
spk_ver/v03/v0393	SES083	-3.64149	10.4138	14.0553
spk_ver/v03/v0394	SES083	-3.66024	9.1409	12.8011
spk_ver/v03/v0395	SES083	-1.86942	12.9438	14.8132
spk_ver/v03/v0396	SES014	2.88436	19.0389	16.1545
spk_ver/v03/v0397	SES085	-0.616103	15.9213	16.5374
spk_ver/v03/v0398	SES085	-1.7468	13.7494	15.4962
spk_ver/v03/v0399	SES085	-2.55794	11.3027	13.8606
spk_ver/v04/v0400	SES106	2.24112	16.2052	13.964
spk_ver/v04/v0401	SES085	-4.01123	9.39197	13.4032
spk_ver/v04/v0402	SES085	-6.99825	3.16173	10.16
spk_ver/v04/v0403	SES085	-0.185825	14.5999	14.7858
spk_ver/v04/v0404	SES180	0.991215	15.0518	14.0606
spk_ver/v04/v0405	SES129	1.50068	16.0338	14.5332
spk_ver/v04/v0406	SES085	-4.58864	8.87718	13.4658
spk_ver/v04/v0407	SES146	0.0886478	12.3637	12.2751
spk_ver/v04/v0408	SES085	-1.13788	13.5736	14.7115
spk_ver/v04/v0409	SES085	-2.50769	10.1103	12.618
spk_ver/v04/v0410	SES085	-3.76474	10.804	14.5688
spk_ver/v04/v0411	SES292	0.425833	14.0044	13.5785
spk_ver/v04/v0412	SES085	-1.54076	13.675	15.2157
spk_ver/v04/v0413	SES125	1.81832	16.4493	14.631
spk_ver/v04/v0414	SES085	-2.19326	10.6794	12.8727
spk_ver/v04/v0415	SES085	-2.45314	12.4985	14.9516
spk_ver/v04/v0416	SES085	-1.6097	12.4505	14.0602
spk_ver/v04/v0417	SES062	1.00489	16.9997	15.9948
spk_ver/v04/v0418	SES060	1.80871	16.1945	14.3858
spk_ver/v04/v0419	SES085	-1.22865	13.3027	14.5314
spk_ver/v04/v0420	SES085	-6.14015	7.68061	13.8208
spk_ver/v04/v0421	SES085	-5.42841	5.92755	11.356
spk_ver/v04/v0422	SES085	-1.5998	10.8599	12.4597
spk_ver/v04/v0423	SES085	-4.33277	8.71735	13.0501
spk_ver/v04/v0424	SES085	-4.47351	6.84847	11.322
spk_ver/v04/v0425	SES183	0.644763	13.9743	13.3295
spk_ver/v04/v0426	SES085	-4.28764	8.52166	12.8093
spk_ver/v04/v0427	SES087	-2.52311	9.99573	12.5188
spk_ver/v04/v0428	SES162	1.01515	14.8127	13.7975
spk_ver/v04/v0429	SES087	-1.96483	12.1753	14.1402
spk_ver/v04/v0430	SES087	-4.47812	9.94953	14.4276
spk_ver/v04/v0431	SES087	-4.31066	8.68627	12.9969
spk_ver/v04/v0432	SES087	-2.36913	9.76121	12.1303
spk_ver/v04/v0433	SES087	-3.4536	11.4042	14.8578
spk_ver/v04/v0434	SES142	2.36077	15.6447	13.2839
spk_ver/v04/v0435	SES087	-4.46771	8.71848	13.1862
spk_ver/v04/v0436	SES099	1.83112	15.8867	14.0556
spk_ver/v04/v0437	SES087	-1.01315	13.972	14.9851
spk_ver/v04/v0438	SES087	-4.35863	9.30195	13.6606
spk_ver/v04/v0439	SES087	-1.74955	12.8363	14.5859
spk_ver/v04/v0440	SES087	-2.86589	12.0057	14.8716
spk_ver/v04/v0441	SES087	-5.14317	8.53745	13.6806
spk_ver/v04/v0442	SES187	1.39418	14.7289	13.3347
spk_ver/v04/v0443	SES172	1.58499	16.066	14.481
spk_ver/v04/v0444	SES087	-2.41766	10.673	13.0907
spk_ver/v04/v0445	SES087	-2.41523	11.6133	14.0286
spk_ver/v04/v0446	SES087	-0.896304	13.2188	14.1151
spk_ver/v04/v0447	SES087	-1.45149	12.8383	14.2898
spk_ver/v04/v0448	SES106	2.4739	14.172	11.6981
spk_ver/v04/v0449	SES146	0.838033	13.6116	12.7736
spk_ver/v04/v0450	SES087	-4.66847	8.9871	13.6556
spk_ver/v04/v0451	SES087	-1.9731	11.7109	13.684
spk_ver/v04/v0452	SES007	1.54831	14.3336	12.7853
spk_ver/v04/v0453	SES087	-3.0098	9.90403	12.9138
spk_ver/v04/v0454	SES087	-5.87189	7.5721	13.444
spk_ver/v04/v0455	SES180	0.819044	14.2869	13.4679
spk_ver/v04/v0456	SES099	-5.18904	8.4577	13.6467
spk_ver/v04/v0457	SES042	2.09511	16.5857	14.4906
spk_ver/v04/v0458	SES099	-0.875612	12.4774	13.353
spk_ver/v04/v0459	SES099	-5.30974	9.18472	14.4945
spk_ver/v04/v0460	SES099	-4.81034	7.44316	12.2535
spk_ver/v04/v0461	SES099	-3.15497	11.6766	14.8316
spk_ver/v04/v0462	SES082	2.48058	16.9517	14.4712
spk_ver/v04/v0463	SES099	-0.769033	12.7942	13.5633
spk_ver/v04/v0464	SES099	0.260742	14.5024	14.2417
spk_ver/v04/v0465	SES099	-5.87162	7.98356	13.8552
spk_ver/v04/v0466	SES099	-1.01461	12.7259	13.7405
spk_ver/v04/v0467	SES099	-0.529901	12.9373	13.4672
spk_ver/v04/v0468	SES129	2.01704	16.2232	14.2062
spk_ver/v04/v0469	SES101	0.949398	14.2542	13.3048
spk_ver/v04/v0470	SES099	-5.14901	7.76484	12.9139
spk_ver/v04/v0471	SES172	1.69576	15.4819	13.7861
spk_ver/v04/v0472	SES099	-0.140643	12.3907	12.5313
spk_ver/v04/v0473	SES270	3.44599	15.889	12.443
spk_ver/v04/v0474	SES099	-5.00373	9.61587	14.6196
spk_ver/v04/v0475	SES099	-2.70335	12.1993	14.9026
spk_ver/v04/v0476	SES099	-4.13671	6.8255	10.9622
spk_ver/v04/v0477	SES002	2.05325	16.6123	14.559
spk_ver/v04/v0478	SES099	-0.929805	12.54	13.4698
spk_ver/v04/v0479	SES007	-0.0640354	13.1692	13.2333
spk_ver/v04/v0480	SES101	-5.81431	8.83915	14.6535
spk_ver/v04/v0481	SES101	-3.41538	9.51714	12.9325
spk_ver/v04/v0482	SES175	0.801141	14.0619	13.2607
spk_ver/v04/v0483	SES101	-4.58855	8.77269	13.3612
spk_ver/v04/v0484	SES101	-5.34631	10.812	16.1583
spk_ver/v04/v0485	SES101	-1.32572	11.6218	12.9475
spk_ver/v04/v0486	SES101	-1.71706	10.3658	12.0828
spk_ver/v04/v0487	SES101	-1.28024	13.3379	14.6182
spk_ver/v04/v0488	SES101	-6.48127	6.18009	12.6614
spk_ver/v04/v0489	SES147	1.37352	12.4155	11.0419
spk_ver/v04/v0490	SES085	-0.381561	12.9044	13.2859
spk_ver/v04/v0491	SES101	-2.845	9.91154	12.7565
spk_ver/v04/v0492	SES101	-5.57714	5.8489	11.426
spk_ver/v04/v0493	SES101	-3.68968	11.2299	14.9196
spk_ver/v04/v0494	SES101	-2.03852	11.1515	13.1901
spk_ver/v04/v0495	SES101	-1.43503	14.237	15.672
spk_ver/v04/v0496	SES101	-2.05783	12.5062	14.564
spk_ver/v04/v0497	SES014	2.60051	18.6315	16.031
spk_ver/v04/v0498	SES101	-3.71361	9.74126	13.4549
spk_ver/v04/v0499	SES101	-3.38646	11.3492	14.7357
spk_ver/v05/v0500	SES085	0.7414	16.3303	15.5889
spk_ver/v05/v0501	SES101	-5.50676	8.44444	13.9512
spk_ver/v05/v0502	SES275	0.83104	13.8924	13.0613
spk_ver/v05/v0503	SES117	1.08548	14.0279	12.9425
spk_ver/v05/v0504	SES101	-4.54619	8.96113	13.5073
spk_ver/v05/v0505	SES101	-2.90829	10.7876	13.6959
spk_ver/v05/v0506	SES101	-2.17833	11.2382	13.4166
spk_ver/v05/v0507	SES048	0.901628	16.2171	15.3155
spk_ver/v05/v0508	SES117	0.40593	12.894	12.4881
spk_ver/v05/v0509	SES202	2.09702	14.9577	12.8607
spk_ver/v05/v0510	SES104	-2.29377	9.08059	11.3744
spk_ver/v05/v0511	SES008	1.62566	14.4481	12.8225
spk_ver/v05/v0512	SES104	-1.65211	10.2727	11.9248
spk_ver/v05/v0513	SES104	-3.23852	11.2536	14.4921
spk_ver/v05/v0514	SES104	-4.52583	10.3377	14.8635
spk_ver/v05/v0515	SES104	-6.00366	8.51164	14.5153
spk_ver/v05/v0516	SES104	-2.52044	8.06095	10.5814
spk_ver/v05/v0517	SES060	1.20744	17.298	16.0906
spk_ver/v05/v0518	SES104	-4.73813	8.23476	12.9729
spk_ver/v05/v0519	SES104	-6.25959	6.28042	12.54
spk_ver/v05/v0520	SES104	-1.07302	14.2812	15.3542
spk_ver/v05/v0521	SES008	1.03792	16.46	15.422
spk_ver/v05/v0522	SES068	1.36867	15.7105	14.3418
spk_ver/v05/v0523	SES087	1.86063	16.3391	14.4784
spk_ver/v05/v0524	SES104	-1.10993	11.687	12.7969
spk_ver/v05/v0525	SES104	-0.765132	12.675	13.4401
spk_ver/v05/v0526	SES104	-1.79364	12.2293	14.023
spk_ver/v05/v0527	SES083	1.06044	15.3822	14.3218
spk_ver/v05/v0528	SES148	1.5991	14.5229	12.9238
spk_ver/v05/v0529	SES104	-2.98281	9.92782	12.9106
spk_ver/v05/v0530	SES104	-5.63674	8.22932	13.8661
spk_ver/v05/v0531	SES125	1.60901	15.214	13.605
spk_ver/v05/v0532	SES104	-6.01323	7.34094	13.3542
spk_ver/v05/v0533	SES149	2.64366	18.2972	15.6536
spk_ver/v05/v0534	SES104	-4.35507	9.85789	14.213
spk_ver/v05/v0535	SES187	0.645971	13.2214	12.5755
spk_ver/v05/v0536	SES104	-2.14323	11.5514	13.6947
spk_ver/v05/v0537	SES104	-2.35741	10.2322	12.5896
spk_ver/v05/v0538	SES167	1.69183	15.8843	14.1925
spk_ver/v05/v0539	SES104	-1.81166	8.93634	10.748
spk_ver/v05/v0540	SES104	-6.34204	9.94596	16.288
spk_ver/v05/v0541	SES183	1.39863	13.4815	12.0829
spk_ver/v05/v0542	SES104	-1.68623	11.1875	12.8737
spk_ver/v05/v0543	SES104	-5.50112	9.31553	14.8166
spk_ver/v05/v0544	SES105	-4.60677	9.88244	14.4892
spk_ver/v05/v0545	SES105	-2.52287	10.7884	13.3113
spk_ver/v05/v0546	SES105	-3.75205	9.49691	13.249
spk_ver/v05/v0547	SES105	-3.73922	9.21185	12.9511
spk_ver/v05/v0548	SES019	3.65126	15.7836	12.1324
spk_ver/v05/v0549	SES105	-2.55257	11.6339	14.1865
spk_ver/v05/v0550	SES105	-4.40109	7.92031	12.3214
spk_ver/v05/v0551	SES202	2.30283	13.332	11.0292
spk_ver/v05/v0552	SES105	-4.26455	9.71643	13.981
spk_ver/v05/v0553	SES105	-1.48469	12.8348	14.3195
spk_ver/v05/v0554	SES105	-2.18657	12.4615	14.648
spk_ver/v05/v0555	SES105	-3.16561	9.15189	12.3175
spk_ver/v05/v0556	SES082	0.879813	15.5352	14.6554
spk_ver/v05/v0557	SES105	-4.79844	9.60071	14.3991
spk_ver/v05/v0558	SES014	1.38035	16.0195	14.6392
spk_ver/v05/v0559	SES105	-2.44154	11.8222	14.2637
spk_ver/v05/v0560	SES177	0.267738	14.4249	14.1572
spk_ver/v05/v0561	SES189	3.61695	11.3379	7.72097
spk_ver/v05/v0562	SES105	-3.5023	8.67821	12.1805
spk_ver/v05/v0563	SES099	1.94745	13.6766	11.7291
spk_ver/v05/v0564	SES105	-2.23076	12.0308	14.2615
spk_ver/v05/v0565	SES105	-3.90101	9.01208	12.9131
spk_ver/v05/v0566	SES105	-5.58584	7.30909	12.8949
spk_ver/v05/v0567	SES142	2.1999	14.7069	12.507
spk_ver/v05/v0568	SES048	0.745042	14.0279	13.2829
spk_ver/v05/v0569	SES105	-4.31808	9.95446	14.2725
spk_ver/v05/v0570	SES105	-1.88053	12.3387	14.2192
spk_ver/v05/v0571	SES105	-3.32139	9.8308	13.1522
spk_ver/v05/v0572	SES105	-5.12436	6.43408	11.5584
spk_ver/v05/v0573	SES105	-5.51118	6.84023	12.3514
spk_ver/v05/v0574	SES105	-0.840972	13.1535	13.9944
spk_ver/v05/v0575	SES105	-0.855227	12.9475	13.8027
spk_ver/v05/v0576	SES106	-4.48771	8.12465	12.6124
spk_ver/v05/v0577	SES106	-5.31398	7.92086	13.2348
spk_ver/v05/v0578	SES106	-4.5511	9.86148	14.4126
spk_ver/v05/v0579	SES106	-5.27778	8.61044	13.8882
spk_ver/v05/v0580	SES106	-2.32303	12.7636	15.0867
spk_ver/v05/v0581	SES106	-7.17219	6.89469	14.0669
spk_ver/v05/v0582	SES106	-2.18903	9.95742	12.1465
spk_ver/v05/v0583	SES106	-1.26676	13.2233	14.49
spk_ver/v05/v0584	SES106	-4.98411	7.55808	12.5422
spk_ver/v05/v0585	SES106	0.252557	10.8471	10.5945
spk_ver/v05/v0586	SES106	-4.39417	8.74888	13.143
spk_ver/v05/v0587	SES106	-3.11578	9.0607	12.1765
spk_ver/v05/v0588	SES106	-4.99646	9.55407	14.5505
spk_ver/v05/v0589	SES106	-5.55182	9.33632	14.8881
spk_ver/v05/v0590	SES082	0.850838	14.1128	13.2619
spk_ver/v05/v0591	SES180	0.974754	14.7056	13.7308
spk_ver/v05/v0592	SES106	-1.93733	10.8924	12.8297
spk_ver/v05/v0593	SES106	-5.76999	7.22548	12.9955
spk_ver/v05/v0594	SES292	0.844151	14.9902	14.146
spk_ver/v05/v0595	SES106	-1.35598	11.9454	13.3014
spk_ver/v05/v0596	SES106	-5.1519	8.67604	13.8279
spk_ver/v05/v0597	SES106	-6.10683	7.55861	13.6654
spk_ver/v05/v0598	SES042	2.55614	16.7807	14.2246
spk_ver/v05/v0599	SES106	-5.62648	7.16846	12.7949
spk_ver/v06/v0600	SES106	0.0266933	11.0767	11.05
spk_ver/v06/v0601	SES106	-1.97057	10.5983	12.5688
spk_ver/v06/v0602	SES106	-3.8131	10.0667	13.8798
spk_ver/v06/v0603	SES106	-4.77904	8.81828	13.5973
spk_ver/v06/v0604	SES106	-4.47167	8.99272	13.4644
spk_ver/v06/v0605	SES106	-5.86497	6.96746	12.8324
spk_ver/v06/v0606	SES048	1.73372	16.4375	14.7038
spk_ver/v06/v0607	SES167	2.50862	17.6288	15.1202
spk_ver/v06/v0608	SES106	-4.53551	8.92871	13.4642
spk_ver/v06/v0609	SES143	1.66682	14.6889	13.0221
spk_ver/v06/v0610	SES106	-7.99972	4.43261	12.4323
spk_ver/v06/v0611	SES106	-3.62576	10.0246	13.6504
spk_ver/v06/v0612	SES106	-6.50767	6.37475	12.8824
spk_ver/v06/v0613	SES117	-0.94703	13.575	14.522
spk_ver/v06/v0614	SES117	-3.89595	10.2412	14.1372
spk_ver/v06/v0615	SES117	-1.99589	11.5147	13.5105
spk_ver/v06/v0616	SES106	2.68566	17.4754	14.7897
spk_ver/v06/v0617	SES142	2.46652	13.7625	11.296
spk_ver/v06/v0618	SES048	1.94043	16.6959	14.7555
spk_ver/v06/v0619	SES175	0.695479	13.9132	13.2178
spk_ver/v06/v0620	SES180	0.812183	15.6651	14.8529
spk_ver/v06/v0621	SES117	-0.75922	11.0834	11.8426
spk_ver/v06/v0622	SES029	1.07601	15.043	13.967
spk_ver/v06/v0623	SES117	-1.75475	12.1817	13.9365
spk_ver/v06/v0624	SES117	-3.7574	9.19066	12.9481
spk_ver/v06/v0625	SES117	-2.14854	10.1628	12.3113
spk_ver/v06/v0626	SES106	1.7383	15.2216	13.4832
spk_ver/v06/v0627	SES226	2.80467	16.9083	14.1036
spk_ver/v06/v0628	SES117	-0.90824	13.2923	14.2006
spk_ver/v06/v0629	SES117	-3.60767	11.7723	15.38
spk_ver/v06/v0630	SES117	-3.73961	9.91577	13.6554
spk_ver/v06/v0631	SES117	-4.30166	6.71974	11.0214
spk_ver/v06/v0632	SES117	-1.5847	13.0736	14.6583
spk_ver/v06/v0633	SES099	2.63992	15.4586	12.8187
spk_ver/v06/v0634	SES105	2.54088	15.2561	12.7152
spk_ver/v06/v0635	SES167	0.60438	15.1092	14.5048
spk_ver/v06/v0636	SES117	-0.931561	12.9471	13.8787
spk_ver/v06/v0637	SES202	2.03845	14.408	12.3695
spk_ver/v06/v0638	SES117	-2.97099	11.2631	14.2341
spk_ver/v06/v0639	SES167	0.847359	13.6038	12.7564
spk_ver/v06/v0640	SES117	-1.77241	12.0249	13.7973
spk_ver/v06/v0641	SES117	-3.24486	10.5578	13.8027
spk_ver/v06/v0642	SES101	1.14984	15.7183	14.5685
spk_ver/v06/v0643	SES068	1.11873	15.8247	14.7059
spk_ver/v06/v0644	SES120	-2.683	9.48868	12.1717
spk_ver/v06/v0645	SES120	-1.25696	11.514	12.7709
spk_ver/v06/v0646	SES172	1.05298	14.3821	13.3291
spk_ver/v06/v0647	SES120	-3.15017	11.8168	14.967
spk_ver/v06/v0648	SES120	-0.894762	13.9558	14.8506
spk_ver/v06/v0649	SES120	-1.99365	8.8621	10.8557
spk_ver/v06/v0650	SES087	1.81251	15.7143	13.9018
spk_ver/v06/v0651	SES120	-1.40401	11.6563	13.0603
spk_ver/v06/v0652	SES104	0.948975	12.9825	12.0335
spk_ver/v06/v0653	SES129	2.14323	16.7017	14.5585
spk_ver/v06/v0654	SES120	-2.73796	10.2096	12.9475
spk_ver/v06/v0655	SES120	-1.36396	10.4026	11.7666
spk_ver/v06/v0656	SES120	-2.11568	12.3939	14.5096
spk_ver/v06/v0657	SES147	0.592358	12.7529	12.1605
spk_ver/v06/v0658	SES120	-2.04723	11.0467	13.0939
spk_ver/v06/v0659	SES120	-1.91215	12.3899	14.3021
spk_ver/v06/v0660	SES120	-1.61013	12.4734	14.0835
spk_ver/v06/v0661	SES120	-2.1263	9.43686	11.5632
spk_ver/v06/v0662	SES120	-1.5433	13.4857	15.029
spk_ver/v06/v0663	SES120	-2.4252	9.69638	12.1216
spk_ver/v06/v0664	SES147	0.821785	14.4429	13.6212
spk_ver/v06/v0665	SES162	1.44455	14.7926	13.3481
spk_ver/v06/v0666	SES120	-2.21951	12.2774	14.4969
spk_ver/v06/v0667	SES120	-0.852756	13.3259	14.1787
spk_ver/v06/v0668	SES120	1.24698	15.1212	13.8742
spk_ver/v06/v0669	SES142	2.02594	15.3482	13.3222
spk_ver/v06/v0670	SES106	2.7204	16.5596	13.8392
spk_ver/v06/v0671	SES183	1.91908	14.0901	12.171
spk_ver/v06/v0672	SES120	-0.381851	11.2928	11.6747
spk_ver/v06/v0673	SES029	0.298424	14.2783	13.9799
spk_ver/v06/v0674	SES120	-1.42626	11.5653	12.9916
spk_ver/v06/v0675	SES008	2.15572	16.4488	14.2931
spk_ver/v06/v0676	SES125	-4.92914	6.39889	11.328
spk_ver/v06/v0677	SES143	1.05406	13.4433	12.3893
spk_ver/v06/v0678	SES125	-5.63671	6.90509	12.5418
spk_ver/v06/v0679	SES162	0.85875	14.0146	13.1558
spk_ver/v06/v0680	SES125	-3.07039	10.8834	13.9538
spk_ver/v06/v0681	SES125	-2.51515	10.4775	12.9926
spk_ver/v06/v0682	SES125	-5.46677	9.99868	15.4654
spk_ver/v06/v0683	SES226	1.44862	15.5462	14.0975
spk_ver/v06/v0684	SES125	-3.61062	9.04811	12.6587
spk_ver/v06/v0685	SES125	-6.07764	7.04376	13.1214
spk_ver/v06/v0686	SES120	1.06466	15.5717	14.5071
spk_ver/v06/v0687	SES125	-4.73657	6.65873	11.3953
spk_ver/v06/v0688	SES158	2.23123	14.7707	12.5394
spk_ver/v06/v0689	SES125	-6.97064	6.73444	13.7051
spk_ver/v06/v0690	SES105	2.04045	14.7978	12.7573
spk_ver/v06/v0691	SES125	-1.94638	10.6616	12.608
spk_ver/v06/v0692	SES125	-2.90958	11.1092	14.0188
spk_ver/v06/v0693	SES180	1.74595	15.7379	13.992
spk_ver/v06/v0694	SES125	-7.25836	6.34688	13.6052
spk_ver/v06/v0695	SES125	-4.04506	10.3714	14.4164
spk_ver/v06/v0696	SES125	-7.49966	8.02798	15.5276
spk_ver/v06/v0697	SES125	-6.68193	5.98904	12.671
spk_ver/v06/v0698	SES083	0.900632	16.2467	15.3461
spk_ver/v06/v0699	SES125	-4.30274	9.58634	13.8891
spk_ver/v07/v0700	SES014	2.26638	17.7791	15.5127
spk_ver/v07/v0701	SES125	-4.35437	11.2903	15.6446
spk_ver/v07/v0702	SES127	-1.33586	13.0012	14.3371
spk_ver/v07/v0703	SES127	-1.2908	10.8738	12.1646
spk_ver/v07/v0704	SES206	1.92584	16.5801	14.6543
spk_ver/v07/v0705	SES127	-3.05391	10.5204	13.5743
spk_ver/v07/v0706	SES127	-1.35371	14.0932	15.4469
spk_ver/v07/v0707	SES127	-4.59046	9.46251	14.053
spk_ver/v07/v0708	SES275	0.821816	14.8753	14.0535
spk_ver/v07/v0709	SES127	-3.22445	10.6772	13.9017
spk_ver/v07/v0710	SES105	1.41657	13.9869	12.5703
spk_ver/v07/v0711	SES127	-2.27803	10.0273	12.3054
spk_ver/v07/v0712	SES127	-2.71921	10.5964	13.3156
spk_ver/v07/v0713	SES127	-3.03646	9.41059	12.447
spk_ver/v07/v0714	SES019	4.67788	16.1768	11.4989
spk_ver/v07/v0715	SES127	-3.96063	7.74303	11.7037
spk_ver/v07/v0716	SES148	1.10357	14.1605	13.057
spk_ver/v07/v0717	SES162	1.35991	15.377	14.0171
spk_ver/v07/v0718	SES189	1.03866	13.698	12.6594
spk_ver/v07/v0719	SES149	0.677588	16.2006	15.523
spk_ver/v07/v0720	SES175	1.16786	15.1875	14.0197
spk_ver/v07/v0721	SES127	-3.79334	9.93072	13.7241
spk_ver/v07/v0722	SES127	-1.27246	12.4616	13.7341
spk_ver/v07/v0723	SES127	-2.90339	11.2031	14.1065
spk_ver/v07/v0724	SES127	-2.37936	12.4166	14.7959
spk_ver/v07/v0725	SES127	-2.70292	10.4414	13.1443
spk_ver/v07/v0726	SES259	2.70779	16.8454	14.1376
spk_ver/v07/v0727	SES127	-1.848	11.7957	13.6437
spk_ver/v07/v0728	SES127	-0.780632	14.7427	15.5233
spk_ver/v07/v0729	SES127	-4.64867	7.81857	12.4672
spk_ver/v07/v0730	SES127	-2.30881	9.92091	12.2297
spk_ver/v07/v0731	SES129	-2.42514	13.1927	15.6178
spk_ver/v07/v0732	SES129	-2.09081	11.4687	13.5595
spk_ver/v07/v0733	SES129	-3.8284	8.80721	12.6356
spk_ver/v07/v0734	SES129	-5.11962	7.65943	12.7791
spk_ver/v07/v0735	SES183	0.887112	14.326	13.4389
spk_ver/v07/v0736	SES129	-2.8798	10.4257	13.3055
spk_ver/v07/v0737	SES129	-2.95845	10.5412	13.4997
spk_ver/v07/v0738	SES129	-5.87115	6.74853	12.6197
spk_ver/v07/v0739	SES129	-3.53856	9.50515	13.0437
spk_ver/v07/v0740	SES167	-0.398245	14.7431	15.1414
spk_ver/v07/v0741	SES129	-2.69116	10.1013	12.7925
spk_ver/v07/v0742	SES129	-4.04782	12.1595	16.2073
spk_ver/v07/v0743	SES129	-2.61757	11.6388	14.2564
spk_ver/v07/v0744	SES129	-4.94071	7.62137	12.5621
spk_ver/v07/v0745	SES180	2.05786	16.0226	13.9647
spk_ver/v07/v0746	SES129	-2.16284	12.9173	15.0801
spk_ver/v07/v0747	SES292	0.12229	14.7749	14.6527
spk_ver/v07/v0748	SES202	1.72465	13.5483	11.8237
spk_ver/v07/v0749	SES270	1.53091	14.9013	13.3704
spk_ver/v07/v0750	SES129	-4.12309	11.9201	16.0432
spk_ver/v07/v0751	SES129	-4.98066	9.98457	14.9652
spk_ver/v07/v0752	SES060	0.205011	14.0838	13.8787
spk_ver/v07/v0753	SES129	-2.85983	10.3809	13.2407
spk_ver/v07/v0754	SES129	-5.37106	5.7337	11.1048
spk_ver/v07/v0755	SES129	-4.50625	8.99327	13.4995
spk_ver/v07/v0756	SES175	0.679039	13.8307	13.1516
spk_ver/v07/v0757	SES129	-4.09997	7.53948	11.6395
spk_ver/v07/v0758	SES129	-4.90409	6.87464	11.7787
spk_ver/v07/v0759	SES129	-4.45943	10.0219	14.4813
spk_ver/v07/v0760	SES129	-3.37127	11.3311	14.7024
spk_ver/v07/v0761	SES129	-3.90121	11.1821	15.0833
spk_ver/v07/v0762	SES172	0.965446	14.9914	14.0259
spk_ver/v07/v0763	SES129	-4.78111	6.45275	11.2339
spk_ver/v07/v0764	SES129	-3.39541	11.2403	14.6357
spk_ver/v07/v0765	SES175	0.731087	14.5131	13.782
spk_ver/v07/v0766	SES129	-3.96347	11.2458	15.2093
spk_ver/v07/v0767	SES129	-2.76571	10.2374	13.0032
spk_ver/v07/v0768	SES042	2.78003	17.4033	14.6233
spk_ver/v07/v0769	SES099	1.67474	14.5098	12.8351
spk_ver/v07/v0770	SES142	-3.27567	9.63649	12.9122
spk_ver/v07/v0771	SES142	-2.35416	12.4762	14.8304
spk_ver/v07/v0772	SES101	1.76782	16.8984	15.1306
spk_ver/v07/v0773	SES142	-7.29906	4.42494	11.724
spk_ver/v07/v0774	SES142	-4.99811	6.84085	11.839
spk_ver/v07/v0775	SES142	-2.23896	11.5651	13.8041
spk_ver/v07/v0776	SES142	-3.26662	12.2108	15.4774
spk_ver/v07/v0777	SES142	-4.63239	8.36478	12.9972
spk_ver/v07/v0778	SES142	-1.83987	10.3971	12.237
spk_ver/v07/v0779	SES142	-8.66832	4.46365	13.132
spk_ver/v07/v0780	SES142	-4.28872	6.06286	10.3516
spk_ver/v07/v0781	SES142	-8.15356	4.93238	13.0859
spk_ver/v07/v0782	SES101	1.05953	14.5051	13.4456
spk_ver/v07/v0783	SES142	-4.21959	8.54787	12.7675
spk_ver/v07/v0784	SES187	1.28467	14.8407	13.5561
spk_ver/v07/v0785	SES143	0.947173	12.205	11.2578
spk_ver/v07/v0786	SES142	-4.35599	10.5852	14.9412
spk_ver/v07/v0787	SES144	0.865933	14.7973	13.9314
spk_ver/v07/v0788	SES275	0.680047	13.7873	13.1072
spk_ver/v07/v0789	SES142	-3.10057	10.8703	13.9709
spk_ver/v07/v0790	SES099	2.11087	16.4228	14.3119
spk_ver/v07/v0791	SES142	-6.11157	6.43343	12.545
spk_ver/v07/v0792	SES142	-4.54931	11.9104	16.4597
spk_ver/v07/v0793	SES142	-6.07673	7.03375	13.1105
spk_ver/v07/v0794	SES014	1.81434	16.9441	15.1297
spk_ver/v07/v0795	SES142	-6.71358	7.45462	14.1682
spk_ver/v07/v0796	SES142	-3.07411	11.4844	14.5585
spk_ver/v07/v0797	SES143	-1.06	13.0948	14.1548
spk_ver/v07/v0798	SES206	1.43768	16.6844	15.2467
spk_ver/v07/v0799	SES143	-3.09441	7.69571	10.7901
spk_ver/v08/v0800	SES143	-1.97275	11.0954	13.0681
spk_ver/v08/v0801	SES143	-1.92744	13.585	15.5124
spk_ver/v08/v0802	SES143	-2.41169	9.65295	12.0646
spk_ver/v08/v0803	SES143	-1.61961	11.1417	12.7613
spk_ver/v08/v0804	SES143	-2.34216	9.00473	11.3469
spk_ver/v08/v0805	SES143	-2.0477	10.4954	12.5431
spk_ver/v08/v0806	SES143	-2.96703	9.15958	12.1266
spk_ver/v08/v0807	SES177	0.290957	13.6469	13.356
spk_ver/v08/v0808	SES149	0.651247	15.8103	15.159
spk_ver/v08/v0809	SES143	-4.04811	10.1049	14.153
spk_ver/v08/v0810	SES158	1.76271	14.085	12.3223
spk_ver/v08/v0811	SES143	-2.52927	9.50196	12.0312
spk_ver/v08/v0812	SES062	1.6468	18.0494	16.4026
spk_ver/v08/v0813	SES259	2.48281	16.8924	14.4095
spk_ver/v08/v0814	SES143	-4.15411	10.4866	14.6407
spk_ver/v08/v0815	SES143	-2.91176	10.3441	13.2559
spk_ver/v08/v0816	SES143	-1.31034	12.9053	14.2157
spk_ver/v08/v0817	SES144	0.804852	15.1014	14.2965
spk_ver/v08/v0818	SES143	-2.06045	11.5979	13.6583
spk_ver/v08/v0819	SES143	-2.76161	11.3478	14.1094
spk_ver/v08/v0820	SES143	-1.52151	13.1439	14.6654
spk_ver/v08/v0821	SES143	-2.00751	11.7784	13.7859
spk_ver/v08/v0822	SES143	-3.32375	10.2507	13.5745
spk_ver/v08/v0823	SES104	1.77058	16.5403	14.7697
spk_ver/v08/v0824	SES143	-3.6239	10.3019	13.9258
spk_ver/v08/v0825	SES143	-2.39323	10.744	13.1372
spk_ver/v08/v0826	SES144	-4.07044	9.54193	13.6124
spk_ver/v08/v0827	SES144	-1.7785	12.3915	14.17
spk_ver/v08/v0828	SES144	-1.15831	13.8422	15.0005
spk_ver/v08/v0829	SES172	0.882936	14.3862	13.5032
spk_ver/v08/v0830	SES144	-0.448601	13.1981	13.6467
spk_ver/v08/v0831	SES183	1.39569	14.868	13.4723
spk_ver/v08/v0832	SES144	-4.44092	7.91107	12.352
spk_ver/v08/v0833	SES144	-4.48308	9.58128	14.0644
spk_ver/v08/v0834	SES144	-1.07955	12.3586	13.4381
spk_ver/v08/v0835	SES144	-2.61625	10.4511	13.0673
spk_ver/v08/v0836	SES144	-2.53093	11.0561	13.587
spk_ver/v08/v0837	SES144	-2.18301	12.8969	15.0799
spk_ver/v08/v0838	SES144	-3.26669	9.83596	13.1026
spk_ver/v08/v0839	SES085	0.828733	15.2262	14.3975
spk_ver/v08/v0840	SES144	-0.498197	13.1311	13.6293
spk_ver/v08/v0841	SES144	-4.69657	6.25187	10.9484
spk_ver/v08/v0842	SES144	-3.87222	10.0657	13.9379
spk_ver/v08/v0843	SES144	-0.647466	13.7466	14.3941
spk_ver/v08/v0844	SES144	-3.04487	10.9219	13.9667
spk_ver/v08/v0845	SES144	-3.049	12.8069	15.8559
spk_ver/v08/v0846	SES104	1.41877	14.9896	13.5708
spk_ver/v08/v0847	SES144	-3.21039	10.1125	13.3229
spk_ver/v08/v0848	SES144	-1.93993	10.8803	12.8203
spk_ver/v08/v0849	SES144	-5.19561	8.30667	13.5023
spk_ver/v08/v0850	SES144	-3.4405	10.9085	14.349
spk_ver/v08/v0851	SES144	-1.81432	11.871	13.6854
spk_ver/v08/v0852	SES144	-0.868378	14.5943	15.4627
spk_ver/v08/v0853	SES144	-4.52064	8.2309	12.7515
spk_ver/v08/v0854	SES144	-1.40314	12.9791	14.3822
spk_ver/v08/v0855	SES144	0.121202	15.319	15.1978
spk_ver/v08/v0856	SES082	0.185743	11.6662	11.4805
spk_ver/v08/v0857	SES142	1.95888	16.0045	14.0457
spk_ver/v08/v0858	SES144	-0.378405	12.2502	12.6286
spk_ver/v08/v0859	SES144	-1.09915	12.1651	13.2642
spk_ver/v08/v0860	SES146	-4.28048	8.87748	13.158
spk_ver/v08/v0861	SES146	-3.64822	9.04363	12.6918
spk_ver/v08/v0862	SES146	-4.62082	7.94767	12.5685
spk_ver/v08/v0863	SES146	-1.90988	10.3323	12.2421
spk_ver/v08/v0864	SES146	-3.0223	11.5383	14.5606
spk_ver/v08/v0865	SES008	2.22323	15.4962	13.273
spk_ver/v08/v0866	SES142	1.45204	14.8195	13.3674
spk_ver/v08/v0867	SES146	-4.03261	9.75035	13.783
spk_ver/v08/v0868	SES082	2.53453	17.9403	15.4058
spk_ver/v08/v0869	SES146	-2.4403	11.7077	14.148
spk_ver/v08/v0870	SES146	-4.17625	6.93495	11.1112
spk_ver/v08/v0871	SES146	-4.18385	8.8242	13.0081
spk_ver/v08/v0872	SES146	-3.56226	7.43302	10.9953
spk_ver/v08/v0873	SES082	1.73918	17.1524	15.4132
spk_ver/v08/v0874	SES146	-3.39209	10.4257	13.8178
spk_ver/v08/v0875	SES144	0.298096	13.648	13.3499
spk_ver/v08/v0876	SES146	-2.22374	13.6883	15.9121
spk_ver/v08/v0877	SES146	-3.29091	9.28874	12.5796
spk_ver/v08/v0878	SES146	-2.8472	10.9229	13.7701
spk_ver/v08/v0879	SES146	-2.52149	11.043	13.5644
spk_ver/v08/v0880	SES146	-3.03755	9.67539	12.7129
spk_ver/v08/v0881	SES143	1.29844	13.7099	12.4115
spk_ver/v08/v0882	SES146	-1.14072	14.0038	15.1445
spk_ver/v08/v0883	SES147	-1.84685	12.917	14.7638
spk_ver/v08/v0884	SES147	-1.06343	13.1505	14.214
spk_ver/v08/v0885	SES016	1.62967	16.4053	14.7756
spk_ver/v08/v0886	SES147	-1.58533	11.819	13.4043
spk_ver/v08/v0887	SES147	-2.89028	10.6721	13.5624
spk_ver/v08/v0888	SES147	-2.92566	9.66337	12.589
spk_ver/v08/v0889	SES019	1.6538	14.4761	12.8223
spk_ver/v08/v0890	SES147	-1.94407	10.8624	12.8065
spk_ver/v08/v0891	SES147	-2.36469	12.0125	14.3772
spk_ver/v08/v0892	SES147	-2.20141	10.5254	12.7268
spk_ver/v08/v0893	SES270	2.38138	13.267	10.8856
spk_ver/v08/v0894	SES029	0.436474	14.1092	13.6727
spk_ver/v08/v0895	SES147	-2.45069	10.0175	12.4682
spk_ver/v08/v0896	SES117	1.03089	13.108	12.0772
spk_ver/v08/v0897	SES183	1.85783	12.6223	10.7645
spk_ver/v08/v0898	SES147	-4.555	10.0371	14.5921
spk_ver/v08/v0899	SES147	-2.44668	9.45636	11.903
spk_ver/v09/v0900	SES087	1.25769	15.21	13.9523
spk_ver/v09/v0901	SES147	-5.71409	7.11364	12.8277
spk_ver/v09/v0902	SES147	-3.31009	9.30496	12.6151
spk_ver/v09/v0903	SES147	-1.658	11.5707	13.2287
spk_ver/v09/v0904	SES147	-2.31885	11.9581	14.2769
spk_ver/v09/v0905	SES143	1.07541	13.9552	12.8798
spk_ver/v09/v0906	SES149	0.241627	15.8894	15.6478
spk_ver/v09/v0907	SES148	-1.72245	12.3171	14.0396
spk_ver/v09/v0908	SES148	-0.911818	13.4199	14.3317
spk_ver/v09/v0909	SES106	3.36427	14.5913	11.227
spk_ver/v09/v0910	SES148	-1.10569	10.9785	12.0842
spk_ver/v09/v0911	SES148	-3.71239	10.432	14.1444
spk_ver/v09/v0912	SES142	0.654512	14.7614	14.1068
spk_ver/v09/v0913	SES148	-3.2213	8.99494	12.2162
spk_ver/v09/v0914	SES148	-3.71702	10.1079	13.8249
spk_ver/v09/v0915	SES148	-3.57363	8.47749	12.0511
spk_ver/v09/v0916	SES148	-2.40594	10.0253	12.4312
spk_ver/v09/v0917	SES148	1.29715	14.8468	13.5496
spk_ver/v09/v0918	SES148	-1.13798	12.9095	14.0475
spk_ver/v09/v0919	SES270	2.12217	14.476	12.3538
spk_ver/v09/v0920	SES148	-2.53495	11.8935	14.4284
spk_ver/v09/v0921	SES148	-3.96234	10.143	14.1054
spk_ver/v09/v0922	SES129	1.41796	16.4706	15.0527
spk_ver/v09/v0923	SES117	1.13752	15.1079	13.9704
spk_ver/v09/v0924	SES042	3.84095	18.1488	14.3078
spk_ver/v09/v0925	SES148	-4.64685	7.4869	12.1338
spk_ver/v09/v0926	SES148	-6.10975	5.31043	11.4202
spk_ver/v09/v0927	SES144	1.05641	15.1748	14.1184
spk_ver/v09/v0928	SES007	1.66142	15.4486	13.7872
spk_ver/v09/v0929	SES148	-2.19239	13.968	16.1604
spk_ver/v09/v0930	SES148	-1.42278	13.2996	14.7224
spk_ver/v09/v0931	SES148	-2.70394	10.0736	12.7775
spk_ver/v09/v0932	SES202	2.07407	16.0811	14.007
spk_ver/v09/v0933	SES148	-0.869506	14.25	15.1195
spk_ver/v09/v0934	SES148	-3.7962	9.79684	13.593
spk_ver/v09/v0935	SES060	1.30014	16.2783	14.9782
spk_ver/v09/v0936	SES060	1.26849	15.4207	14.1522
spk_ver/v09/v0937	SES148	-2.18326	12.588	14.7712
spk_ver/v09/v0938	SES148	-2.03198	12.9124	14.9444
spk_ver/v09/v0939	SES148	-3.28822	11.3616	14.6498
spk_ver/v09/v0940	SES148	-2.82584	11.6044	14.4303
spk_ver/v09/v0941	SES149	-3.56884	8.98162	12.5505
spk_ver/v09/v0942	SES149	-2.92696	12.0933	15.0202
spk_ver/v09/v0943	SES149	-1.15071	12.681	13.8317
spk_ver/v09/v0944	SES149	-2.64891	10.2832	12.9321
spk_ver/v09/v0945	SES105	1.4886	14.969	13.4804
spk_ver/v09/v0946	SES149	-3.58799	11.022	14.61
spk_ver/v09/v0947	SES149	-2.89017	9.68544	12.5756
spk_ver/v09/v0948	SES149	-3.61508	10.7478	14.3629
spk_ver/v09/v0949	SES149	-1.63764	13.8682	15.5058
spk_ver/v09/v0950	SES226	1.41743	16.3231	14.9057
spk_ver/v09/v0951	SES149	-2.88389	9.98584	12.8697
spk_ver/v09/v0952	SES149	-4.1609	7.61245	11.7734
spk_ver/v09/v0953	SES062	1.28885	16.1865	14.8976
spk_ver/v09/v0954	SES149	-2.54824	11.2897	13.838
spk_ver/v09/v0955	SES048	0.0361919	15.0802	15.044
spk_ver/v09/v0956	SES158	-1.5967	12.5241	14.1208
spk_ver/v09/v0957	SES158	-6.08075	7.17119	13.2519
spk_ver/v09/v0958	SES158	-1.40988	13.6971	15.107
spk_ver/v09/v0959	SES158	-2.77408	10.5453	13.3193
spk_ver/v09/v0960	SES158	-4.32617	8.23551	12.5617
spk_ver/v09/v0961	SES147	1.21065	14.1141	12.9035
spk_ver/v09/v0962	SES158	-6.80125	6.69177	13.493
spk_ver/v09/v0963	SES292	0.542981	14.9468	14.4038
spk_ver/v09/v0964	SES060	1.40326	16.7835	15.3802
spk_ver/v09/v0965	SES002	1.78868	15.2078	13.4191
spk_ver/v09/v0966	SES149	1.44772	17.322	15.8743
spk_ver/v09/v0967	SES158	-6.17244	7.62304	13.7955
spk_ver/v09/v0968	SES158	-3.91851	8.26377	12.1823
spk_ver/v09/v0969	SES275	0.31639	12.9649	12.6485
spk_ver/v09/v0970	SES158	-5.41667	9.37379	14.7905
spk_ver/v09/v0971	SES158	-3.96182	9.79219	13.754
spk_ver/v09/v0972	SES002	1.69309	15.8542	14.1611
spk_ver/v09/v0973	SES158	-4.65961	9.429	14.0886
spk_ver/v09/v0974	SES202	1.70908	14.8793	13.1702
spk_ver/v09/v0975	SES158	-6.31771	6.20366	12.5214
spk_ver/v09/v0976	SES158	-0.310944	14.0488	14.3597
spk_ver/v09/v0977	SES162	-2.0992	12.6093	14.7085
spk_ver/v09/v0978	SES162	-5.38279	6.14151	11.5243
spk_ver/v09/v0979	SES162	-6.66613	6.45946	13.1256
spk_ver/v09/v0980	SES162	-2.1728	10.6061	12.7789
spk_ver/v09/v0981	SES162	-3.51914	8.2037	11.7228
spk_ver/v09/v0982	SES259	3.50534	17.1485	13.6432
spk_ver/v09/v0983	SES162	-4.47485	5.04475	9.5196
spk_ver/v09/v0984	SES162	-1.81712	13.4918	15.3089
spk_ver/v09/v0985	SES162	-1.53556	12.4682	14.0038
spk_ver/v09/v0986	SES062	1.74279	17.3978	15.6551
spk_ver/v09/v0987	SES162	-0.983052	12.534	13.517
spk_ver/v09/v0988	SES162	-5.20847	8.63261	13.8411
spk_ver/v09/v0989	SES162	-5.73217	5.55106	11.2832
spk_ver/v09/v0990	SES162	-4.36884	10.8305	15.1994
spk_ver/v09/v0991	SES087	1.53333	15.4902	13.9569
spk_ver/v09/v0992	SES120	0.251366	13.0181	12.7668
spk_ver/v09/v0993	SES162	-4.72025	9.69941	14.4197
spk_ver/v09/v0994	SES162	-1.78097	12.6209	14.4019
spk_ver/v09/v0995	SES162	-5.45138	10.0236	15.475
spk_ver/v09/v0996	SES162	-3.28944	13.3703	16.6597
spk_ver/v09/v0997	SES162	-4.55561	9.06354	13.6192
spk_ver/v09/v0998	SES162	-2.97119	9.03006	12.0012
spk_ver/v09/v0999	SES162	-1.95582	14.6305	16.5864
spk_ver/v10/v1000	SES162	-5.85767	7.63115	13.4888
spk_ver/v10/v1001	SES148	1.57974	13.9163	12.3365
spk_ver/v10/v1002	SES162	-1.27489	11.3111	12.586
spk_ver/v10/v1003	SES162	-2.26102	12.9766	15.2376
spk_ver/v10/v1004	SES162	-2.53553	10.1711	12.7067
spk_ver/v10/v1005	SES162	-5.81184	6.83182	12.6437
spk_ver/v10/v1006	SES162	-4.09776	9.80933	13.9071
spk_ver/v10/v1007	SES162	-1.67106	10.6768	12.3478
spk_ver/v10/v1008	SES162	-5.85666	4.98791	10.8446
spk_ver/v10/v1009	SES162	-6.80954	6.83647	13.646
spk_ver/v10/v1010	SES167	-2.74889	9.04087	11.7898
spk_ver/v10/v1011	SES167	-0.893202	12.2746	13.1678
spk_ver/v10/v1012	SES167	-2.22627	9.85853	12.0848
spk_ver/v10/v1013	SES167	-5.73369	7.30436	13.038
spk_ver/v10/v1014	SES167	-1.02904	14.0353	15.0643
spk_ver/v10/v1015	SES167	-2.09805	11.9492	14.0473
spk_ver/v10/v1016	SES167	-2.15575	12.8199	14.9756
spk_ver/v10/v1017	SES167	-1.76306	12.0274	13.7905
spk_ver/v10/v1018	SES167	-3.11803	10.9831	14.1012
spk_ver/v10/v1019	SES167	-3.30671	10.2952	13.6019
spk_ver/v10/v1020	SES167	-6.31094	5.84702	12.158
spk_ver/v10/v1021	SES167	-1.87061	10.0405	11.9112
spk_ver/v10/v1022	SES167	-4.81373	8.34368	13.1574
spk_ver/v10/v1023	SES167	-3.50869	9.66001	13.1687
spk_ver/v10/v1024	SES167	-4.41526	7.84206	12.2573
spk_ver/v10/v1025	SES167	-1.92485	12.9958	14.9207
spk_ver/v10/v1026	SES167	-3.72812	10.3056	14.0337
spk_ver/v10/v1027	SES167	-1.87469	13.2586	15.1333
spk_ver/v10/v1028	SES167	-5.42584	7.47034	12.8962
spk_ver/v10/v1029	SES167	-4.48922	8.7465	13.2357
spk_ver/v10/v1030	SES167	-3.2636	11.2158	14.4794
spk_ver/v10/v1031	SES167	-5.08413	7.60407	12.6882
spk_ver/v10/v1032	SES167	-3.98012	11.3096	15.2897
spk_ver/v10/v1033	SES167	-5.80452	9.4811	15.2856
spk_ver/v10/v1034	SES002	1.62869	16.3997	14.771
spk_ver/v10/v1035	SES167	-0.994191	14.0849	15.079
spk_ver/v10/v1036	SES083	0.852422	15.9193	15.0669
spk_ver/v10/v1037	SES167	-3.21313	9.92698	13.1401
spk_ver/v10/v1038	SES167	-2.7453	10.1767	12.922
spk_ver/v10/v1039	SES167	-2.74961	10.857	13.6066
spk_ver/v10/v1040	SES167	-5.52218	6.29424	11.8164
spk_ver/v10/v1041	SES167	-1.2303	11.9762	13.2065
spk_ver/v10/v1042	SES087	1.19541	14.8289	13.6335
spk_ver/v10/v1043	SES029	1.68837	15.9709	14.2825
spk_ver/v10/v1044	SES206	0.936546	16.0663	15.1298
spk_ver/v10/v1045	SES172	-1.69931	11.0425	12.7418
spk_ver/v10/v1046	SES172	1.28049	15.523	14.2425
spk_ver/v10/v1047	SES172	-1.42707	12.9841	14.4112
spk_ver/v10/v1048	SES259	3.99129	18.1638	14.1725
spk_ver/v10/v1049	SES172	-4.31827	10.2601	14.5784
spk_ver/v10/v1050	SES120	0.952602	13.9535	13.0009
spk_ver/v10/v1051	SES172	-2.60877	12.0153	14.6241
spk_ver/v10/v1052	SES172	-1.76651	12.2898	14.0564
spk_ver/v10/v1053	SES172	-3.18956	10.9351	14.1247
spk_ver/v10/v1054	SES172	-2.38971	11.0218	13.4115
spk_ver/v10/v1055	SES189	1.55669	13.4393	11.8826
spk_ver/v10/v1056	SES172	-2.72939	10.5468	13.2762
spk_ver/v10/v1057	SES172	-1.95026	11.5123	13.4626
spk_ver/v10/v1058	SES172	-1.25154	13.1318	14.3834
spk_ver/v10/v1059	SES172	-3.20206	11.161	14.363
spk_ver/v10/v1060	SES029	0.760752	16.0983	15.3376
spk_ver/v10/v1061	SES175	-5.60682	7.65117	13.258
spk_ver/v10/v1062	SES187	0.36367	15.7938	15.4301
spk_ver/v10/v1063	SES019	3.36753	15.1453	11.7778
spk_ver/v10/v1064	SES175	-3.83534	9.6338	13.4691
spk_ver/v10/v1065	SES175	-4.65131	8.61198	13.2633
spk_ver/v10/v1066	SES175	-5.44776	5.34437	10.7921
spk_ver/v10/v1067	SES175	-2.7267	10.3048	13.0315
spk_ver/v10/v1068	SES175	-2.87567	9.3452	12.2209
spk_ver/v10/v1069	SES016	2.54277	17.458	14.9152
spk_ver/v10/v1070	SES175	-2.31699	11.7231	14.0401
spk_ver/v10/v1071	SES175	-1.70449	13.4631	15.1676
spk_ver/v10/v1072	SES175	-4.16637	9.22749	13.3939
spk_ver/v10/v1073	SES029	0.795396	15.2942	14.4988
spk_ver/v10/v1074	SES175	-2.49551	11.1579	13.6534
spk_ver/v10/v1075	SES175	-1.24016	14.0507	15.2908
spk_ver/v10/v1076	SES175	-0.888969	14.8467	15.7356
spk_ver/v10/v1077	SES175	-2.73255	12.9187	15.6513
spk_ver/v10/v1078	SES127	1.07014	16.7624	15.6923
spk_ver/v10/v1079	SES175	-3.18114	12.164	15.3451
spk_ver/v10/v1080	SES175	-2.61534	9.89963	12.515
spk_ver/v10/v1081	SES175	-3.81132	8.99536	12.8067
spk_ver/v10/v1082	SES175	-2.65056	12.3138	14.9644
spk_ver/v10/v1083	SES007	1.55076	14.2725	12.7218
spk_ver/v10/v1084	SES068	1.19145	16.699	15.5075
spk_ver/v10/v1085	SES008	0.551792	16.3725	15.8207
spk_ver/v10/v1086	SES175	-1.41022	13.5537	14.9639
spk_ver/v10/v1087	SES175	-2.64018	11.5847	14.2249
spk_ver/v10/v1088	SES008	1.68795	16.2167	14.5288
spk_ver/v10/v1089	SES177	-2.45304	13.1449	15.598
spk_ver/v10/v1090	SES177	-3.75014	9.83812	13.5883
spk_ver/v10/v1091	SES177	-3.9072	8.4355	12.3427
spk_ver/v10/v1092	SES177	-0.912136	12.2195	13.1316
spk_ver/v10/v1093	SES177	-3.71815	9.82327	13.5414
spk_ver/v10/v1094	SES002	1.79804	16.4978	14.6998
spk_ver/v10/v1095	SES104	1.85364	16.1401	14.2864
spk_ver/v10/v1096	SES177	-1.5323	12.7496	14.2819
spk_ver/v10/v1097	SES177	-2.14582	9.00459	11.1504
spk_ver/v10/v1098	SES177	-3.17208	12.3451	15.5172
spk_ver/v10/v1099	SES177	-1.01208	12.9385	13.9505
spk_ver/v11/v1100	SES177	-2.71572	9.68615	12.4019
spk_ver/v11/v1101	SES085	1.16403	16.035	14.871
spk_ver/v11/v1102	SES187	0.828088	15.1226	14.2945
spk_ver/v11/v1103	SES177	-1.7014	11.7627	13.4641
spk_ver/v11/v1104	SES177	0.714757	15.443	14.7283
spk_ver/v11/v1105	SES177	-0.872468	13.2646	14.1371
spk_ver/v11/v1106	SES177	-3.03665	11.0892	14.1258
spk_ver/v11/v1107	SES177	-1.28299	13.4441	14.7271
spk_ver/v11/v1108	SES177	-0.580797	14.2817	14.8625
spk_ver/v11/v1109	SES125	1.66491	15.1944	13.5295
spk_ver/v11/v1110	SES177	-3.12093	10.8254	13.9464
spk_ver/v11/v1111	SES177	-1.65748	13.4174	15.0749
spk_ver/v11/v1112	SES177	-3.5906	10.4432	14.0338
spk_ver/v11/v1113	SES177	-4.56789	9.78638	14.3543
spk_ver/v11/v1114	SES177	-1.22342	11.8174	13.0408
spk_ver/v11/v1115	SES177	-2.03514	9.95596	11.9911
spk_ver/v11/v1116	SES085	1.47916	17.6913	16.2121
spk_ver/v11/v1117	SES147	1.24954	14.2725	13.0229
spk_ver/v11/v1118	SES177	-1.33189	11.7378	13.0697
spk_ver/v11/v1119	SES177	-3.33486	9.50638	12.8412
spk_ver/v11/v1120	SES180	-6.05631	7.05743	13.1137
spk_ver/v11/v1121	SES189	0.509178	12.9751	12.4659
spk_ver/v11/v1122	SES117	1.18622	12.7846	11.5984
spk_ver/v11/v1123	SES129	2.30756	16.9245	14.617
spk_ver/v11/v1124	SES180	-1.5684	12.6707	14.2391
spk_ver/v11/v1125	SES180	-1.17208	13.8624	15.0345
spk_ver/v11/v1126	SES180	-1.28382	13.4581	14.7419
spk_ver/v11/v1127	SES180	-3.45042	10.645	14.0955
spk_ver/v11/v1128	SES016	1.28124	14.7846	13.5034
spk_ver/v11/v1129	SES158	0.817776	14.1655	13.3477
spk_ver/v11/v1130	SES180	-3.01756	10.7373	13.7549
spk_ver/v11/v1131	SES180	-4.01095	12.423	16.434
spk_ver/v11/v1132	SES180	-1.35971	12.0938	13.4535
spk_ver/v11/v1133	SES180	-4.15782	10.8576	15.0155
spk_ver/v11/v1134	SES180	-2.43982	10.1184	12.5582
spk_ver/v11/v1135	SES180	-2.42395	12.4557	14.8797
spk_ver/v11/v1136	SES180	-5.60919	4.7768	10.386
spk_ver/v11/v1137	SES148	0.473866	14.5152	14.0413
spk_ver/v11/v1138	SES104	2.11072	18.4825	16.3718
spk_ver/v11/v1139	SES180	-4.95108	6.90624	11.8573
spk_ver/v11/v1140	SES083	1.06493	15.1549	14.09
spk_ver/v11/v1141	SES180	-4.7602	8.66718	13.4274
spk_ver/v11/v1142	SES180	-3.0764	10.3058	13.3822
spk_ver/v11/v1143	SES180	-2.68052	10.0478	12.7284
spk_ver/v11/v1144	SES099	1.99006	14.8778	12.8877
spk_ver/v11/v1145	SES180	-2.14805	12.0858	14.2339
spk_ver/v11/v1146	SES183	-3.20208	11.4008	14.6029
spk_ver/v11/v1147	SES183	-1.4965	13.3636	14.8601
spk_ver/v11/v1148	SES183	-5.49641	6.90435	12.4008
spk_ver/v11/v1149	SES183	-6.75543	8.1813	14.9367
spk_ver/v11/v1150	SES183	-5.81896	7.29958	13.1185
spk_ver/v11/v1151	SES082	1.65808	15.2387	13.5807
spk_ver/v11/v1152	SES183	-2.22807	9.47072	11.6988
spk_ver/v11/v1153	SES183	-1.25337	11.8739	13.1273
spk_ver/v11/v1154	SES002	2.10164	17.2783	15.1767
spk_ver/v11/v1155	SES183	-2.09175	11.2749	13.3667
spk_ver/v11/v1156	SES183	-4.43657	7.56852	12.0051
spk_ver/v11/v1157	SES183	-3.61324	11.5897	15.2029
spk_ver/v11/v1158	SES183	-1.18404	13.335	14.519
spk_ver/v11/v1159	SES183	-1.87362	12.3267	14.2003
spk_ver/v11/v1160	SES183	-5.92128	6.64515	12.5664
spk_ver/v11/v1161	SES183	-3.65745	6.99998	10.6574
spk_ver/v11/v1162	SES105	1.97874	15.308	13.3293
spk_ver/v11/v1163	SES183	-4.8784	9.20816	14.0866
spk_ver/v11/v1164	SES259	2.96909	16.2611	13.292
spk_ver/v11/v1165	SES183	-1.86774	11.5621	13.4298
spk_ver/v11/v1166	SES183	-5.35636	8.73795	14.0943
spk_ver/v11/v1167	SES183	-1.82492	10.5813	12.4062
spk_ver/v11/v1168	SES183	-2.07514	12.9878	15.0629
spk_ver/v11/v1169	SES183	-5.46968	8.85662	14.3263
spk_ver/v11/v1170	SES183	-3.74726	11.547	15.2942
spk_ver/v11/v1171	SES183	-8.61378	3.81295	12.4267
spk_ver/v11/v1172	SES187	-2.70622	10.8709	13.5771
spk_ver/v11/v1173	SES019	3.97457	14.7135	10.7389
spk_ver/v11/v1174	SES187	-3.2897	8.02799	11.3177
spk_ver/v11/v1175	SES187	-2.75363	9.80235	12.556
spk_ver/v11/v1176	SES083	0.992403	16.6332	15.6408
spk_ver/v11/v1177	SES187	-4.89232	7.14814	12.0405
spk_ver/v11/v1178	SES187	-4.2463	8.7044	12.9507
spk_ver/v11/v1179	SES187	-1.9933	11.2677	13.261
spk_ver/v11/v1180	SES187	-1.06381	11.8235	12.8873
spk_ver/v11/v1181	SES187	-4.17723	11.02	15.1972
spk_ver/v11/v1182	SES187	-1.02033	14.2338	15.2542
spk_ver/v11/v1183	SES187	-2.78415	9.35136	12.1355
spk_ver/v11/v1184	SES187	-0.32402	13.2907	13.6147
spk_ver/v11/v1185	SES127	1.4481	16.2608	14.8127
spk_ver/v11/v1186	SES187	-1.37092	12.4818	13.8527
spk_ver/v11/v1187	SES187	-1.75201	13.5195	15.2715
spk_ver/v11/v1188	SES187	-1.95501	10.8092	12.7642
spk_ver/v11/v1189	SES042	2.38888	17.3417	14.9528
spk_ver/v11/v1190	SES187	-1.49605	11.932	13.428
spk_ver/v11/v1191	SES187	-4.34202	7.45925	11.8013
spk_ver/v11/v1192	SES187	-3.80638	8.30175	12.1081
spk_ver/v11/v1193	SES183	1.27409	14.6944	13.4203
spk_ver/v11/v1194	SES187	-2.70198	10.128	12.83
spk_ver/v11/v1195	SES187	-3.46044	9.6467	13.1071
spk_ver/v11/v1196	SES146	1.78637	13.4252	11.6388
spk_ver/v11/v1197	SES189	-4.799	10.0882	14.8872
spk_ver/v11/v1198	SES175	1.47569	15.1928	13.7171
spk_ver/v11/v1199	SES189	-4.6689	7.29393	11.9628
spk_ver/v12/v1200	SES189	-2.26704	14.0247	16.2917
spk_ver/v12/v1201	SES177	1.22841	16.0209	14.7925
spk_ver/v12/v1202	SES189	-2.18958	10.5992	12.7888
spk_ver/v12/v1203	SES143	0.773699	14.1575	13.3838
spk_ver/v12/v1204	SES189	-2.45389	11.6377	14.0916
spk_ver/v12/v1205	SES189	-1.96646	13.7377	15.7042
spk_ver/v12/v1206	SES189	-4.00776	7.22859	11.2363
spk_ver/v12/v1207	SES189	-3.85787	10.026	13.8839
spk_ver/v12/v1208	SES189	-3.86077	12.9656	16.8264
spk_ver/v12/v1209	SES189	-5.44148	6.41031	11.8518
spk_ver/v12/v1210	SES189	-0.907169	12.3486	13.2557
spk_ver/v12/v1211	SES062	2.1814	17.4999	15.3185
spk_ver/v12/v1212	SES189	-2.9997	11.3934	14.3931
spk_ver/v12/v1213	SES048	1.61091	16.2301	14.6192
spk_ver/v12/v1214	SES042	3.85953	18.617	14.7575
spk_ver/v12/v1215	SES008	2.09743	16.7008	14.6034
spk_ver/v12/v1216	SES202	-4.99004	10.395	15.3851
spk_ver/v12/v1217	SES202	-3.27957	9.96488	13.2444
spk_ver/v12/v1218	SES085	1.6097	17.6511	16.0414
spk_ver/v12/v1219	SES202	-2.47057	12.413	14.8836
spk_ver/v12/v1220	SES202	-2.02658	12.9274	14.954
spk_ver/v12/v1221	SES202	-1.86671	11.5607	13.4274
spk_ver/v12/v1222	SES202	-5.98345	6.6348	12.6183
spk_ver/v12/v1223	SES158	1.16649	14.6121	13.4456
spk_ver/v12/v1224	SES202	-2.28159	10.5781	12.8597
spk_ver/v12/v1225	SES202	-3.15365	10.6238	13.7774
spk_ver/v12/v1226	SES202	-3.87759	11.4397	15.3173
spk_ver/v12/v1227	SES202	-3.10129	10.7212	13.8225
spk_ver/v12/v1228	SES177	0.873285	15.0515	14.1782
spk_ver/v12/v1229	SES202	-3.21835	11.3383	14.5566
spk_ver/v12/v1230	SES202	-2.73151	11.2024	13.9339
spk_ver/v12/v1231	SES202	-3.60543	10.5097	14.1152
spk_ver/v12/v1232	SES202	-2.46135	9.57113	12.0325
spk_ver/v12/v1233	SES206	1.40274	16.8154	15.4127
spk_ver/v12/v1234	SES202	-5.25754	6.36713	11.6247
spk_ver/v12/v1235	SES202	-2.69932	12.3455	15.0448
spk_ver/v12/v1236	SES125	2.61145	15.4646	12.8531
spk_ver/v12/v1237	SES127	1.1772	15.4236	14.2464
spk_ver/v12/v1238	SES202	2.91779	16.0266	13.1088
spk_ver/v12/v1239	SES167	1.63067	16.616	14.9853
spk_ver/v12/v1240	SES206	-4.2452	9.27925	13.5244
spk_ver/v12/v1241	SES206	-4.45779	8.80138	13.2592
spk_ver/v12/v1242	SES206	-1.36023	13.6183	14.9785
spk_ver/v12/v1243	SES206	-3.32527	10.1124	13.4377
spk_ver/v12/v1244	SES259	2.85848	15.9397	13.0813
spk_ver/v12/v1245	SES206	-3.41751	11.3798	14.7973
spk_ver/v12/v1246	SES206	-2.75605	12.0717	14.8277
spk_ver/v12/v1247	SES206	-1.78944	12.2313	14.0207
spk_ver/v12/v1248	SES206	-4.94976	7.34026	12.29
spk_ver/v12/v1249	SES270	2.7047	14.0689	11.3642
spk_ver/v12/v1250	SES206	-4.44324	8.76665	13.2099
spk_ver/v12/v1251	SES206	-2.15049	12.9401	15.0906
spk_ver/v12/v1252	SES206	-2.30767	11.7238	14.0315
spk_ver/v12/v1253	SES206	-0.969046	12.8492	13.8183
spk_ver/v12/v1254	SES206	-2.29153	9.72568	12.0172
spk_ver/v12/v1255	SES125	2.05005	16.0412	13.9912
spk_ver/v12/v1256	SES206	-5.68846	8.86062	14.5491
spk_ver/v12/v1257	SES206	-4.39504	10.4067	14.8017
spk_ver/v12/v1258	SES206	-2.37301	11.1256	13.4987
spk_ver/v12/v1259	SES206	-5.01667	8.74254	13.7592
spk_ver/v12/v1260	SES206	-4.48041	8.61349	13.0939
spk_ver/v12/v1261	SES206	-4.57517	10.4051	14.9803
spk_ver/v12/v1262	SES206	-5.73925	8.32343	14.0627
spk_ver/v12/v1263	SES206	-3.39786	11.2207	14.6186
spk_ver/v12/v1264	SES149	0.914124	15.9471	15.0329
spk_ver/v12/v1265	SES206	-1.32804	10.2064	11.5345
spk_ver/v12/v1266	SES206	-4.25315	9.34025	13.5934
spk_ver/v12/v1267	SES206	-1.57675	8.55659	10.1333
spk_ver/v12/v1268	SES206	-2.81201	9.9846	12.7966
spk_ver/v12/v1269	SES206	-5.25122	7.24834	12.4996
spk_ver/v12/v1270	SES206	-5.98055	4.7648	10.7454
spk_ver/v12/v1271	SES226	-5.36462	6.99169	12.3563
spk_ver/v12/v1272	SES226	-1.53396	14.6945	16.2285
spk_ver/v12/v1273	SES226	-4.74356	10.7022	15.4458
spk_ver/v12/v1274	SES226	-4.44881	8.87938	13.3282
spk_ver/v12/v1275	SES226	-0.790562	10.6332	11.4238
spk_ver/v12/v1276	SES226	-4.82841	8.55258	13.381
spk_ver/v12/v1277	SES226	-1.08062	13.3565	14.4372
spk_ver/v12/v1278	SES226	-0.679335	12.278	12.9573
spk_ver/v12/v1279	SES226	-5.19886	10.2187	15.4175
spk_ver/v12/v1280	SES226	-3.61724	10.7096	14.3269
spk_ver/v12/v1281	SES226	-1.94402	11.3733	13.3173
spk_ver/v12/v1282	SES226	-2.47596	10.7611	13.2371
spk_ver/v12/v1283	SES143	1.89809	14.9931	13.095
spk_ver/v12/v1284	SES226	-4.41797	11.1925	15.6105
spk_ver/v12/v1285	SES226	-2.55707	11.5198	14.0769
spk_ver/v12/v1286	SES226	-2.48694	9.87852	12.3655
spk_ver/v12/v1287	SES226	-3.26925	11.2981	14.5674
spk_ver/v12/v1288	SES226	-5.24096	9.05009	14.2911
spk_ver/v12/v1289	SES104	2.07123	15.4216	13.3503
spk_ver/v12/v1290	SES008	3.37068	16.5446	13.1739
spk_ver/v12/v1291	SES226	-1.29399	12.3187	13.6127
spk_ver/v12/v1292	SES259	-5.17318	7.66696	12.8401
spk_ver/v12/v1293	SES062	1.45198	16.662	15.21
spk_ver/v12/v1294	SES099	1.72686	13.7531	12.0262
spk_ver/v12/v1295	SES158	0.808671	12.7264	11.9177
spk_ver/v12/v1296	SES259	-4.58146	11.0075	15.589
spk_ver/v12/v1297	SES259	-6.67279	7.33284	14.0056
spk_ver/v12/v1298	SES259	-3.83666	10.5619	14.3985
spk_ver/v12/v1299	SES259	-4.7859	8.89016	13.6761
spk_ver/v13/v1300	SES120	1.16475	13.7803	12.6155
spk_ver/v13/v1301	SES259	-7.13867	6.70308	13.8418
spk_ver/v13/v1302	SES259	-5.77081	7.21963	12.9904
spk_ver/v13/v1303	SES129	1.57822	15.6909	14.1127
spk_ver/v13/v1304	SES259	-3.55825	9.36782	12.9261
spk_ver/v13/v1305	SES259	-6.55562	6.93475	13.4904
spk_ver/v13/v1306	SES106	1.48118	14.7082	13.2271
spk_ver/v13/v1307	SES259	-4.64552	9.06038	13.7059
spk_ver/v13/v1308	SES259	-2.63957	10.7725	13.4121
spk_ver/v13/v1309	SES259	-5.58234	9.17957	14.7619
spk_ver/v13/v1310	SES259	-6.07498	9.35468	15.4297
spk_ver/v13/v1311	SES259	-4.07972	10.082	14.1618
spk_ver/v13/v1312	SES259	-4.68573	9.95005	14.6358
spk_ver/v13/v1313	SES144	0.73434	15.0245	14.2902
spk_ver/v13/v1314	SES259	-5.90362	7.75521	13.6588
spk_ver/v13/v1315	SES162	1.73306	15.1254	13.3923
spk_ver/v13/v1316	SES206	1.31591	15.9432	14.6273
spk_ver/v13/v1317	SES175	1.29687	14.5166	13.2197
spk_ver/v13/v1318	SES259	-5.46686	7.66014	13.127
spk_ver/v13/v1319	SES259	-4.96428	8.87865	13.8429
spk_ver/v13/v1320	SES270	-0.214749	13.3671	13.5818
spk_ver/v13/v1321	SES101	0.748803	15.1462	14.3974
spk_ver/v13/v1322	SES177	1.10029	16.4172	15.3169
spk_ver/v13/v1323	SES127	0.958408	16.7096	15.7512
spk_ver/v13/v1324	SES270	-4.36592	8.88951	13.2554
spk_ver/v13/v1325	SES062	1.08074	16.4487	15.3679
spk_ver/v13/v1326	SES270	0.511198	13.133	12.6218
spk_ver/v13/v1327	SES120	0.779921	12.552	11.7721
spk_ver/v13/v1328	SES270	-4.71049	7.96078	12.6713
spk_ver/v13/v1329	SES270	-4.92885	10.9646	15.8935
spk_ver/v13/v1330	SES270	-0.50413	12.2781	12.7822
spk_ver/v13/v1331	SES270	-4.24748	11.565	15.8124
spk_ver/v13/v1332	SES270	-1.08598	13.8385	14.9245
spk_ver/v13/v1333	SES270	-3.02049	10.1142	13.1347
spk_ver/v13/v1334	SES270	-3.9515	10.8706	14.8221
spk_ver/v13/v1335	SES270	0.123929	14.175	14.0511
spk_ver/v13/v1336	SES270	-2.34842	10.5461	12.8945
spk_ver/v13/v1337	SES016	1.9366	16.3516	14.415
spk_ver/v13/v1338	SES270	-4.70121	10.855	15.5563
spk_ver/v13/v1339	SES002	1.24456	15.582	14.3374
spk_ver/v13/v1340	SES105	2.69473	15.1323	12.4376
spk_ver/v13/v1341	SES275	-2.63802	11.1161	13.7541
spk_ver/v13/v1342	SES187	0.799927	14.7618	13.9618
spk_ver/v13/v1343	SES275	-1.7617	11.6814	13.4431
spk_ver/v13/v1344	SES275	-3.98215	8.55594	12.5381
spk_ver/v13/v1345	SES275	-2.76555	10.1115	12.877
spk_ver/v13/v1346	SES275	-5.15134	8.50748	13.6588
spk_ver/v13/v1347	SES275	-3.14939	9.68444	12.8338
spk_ver/v13/v1348	SES180	1.10726	15.5114	14.4041
spk_ver/v13/v1349	SES275	-2.82892	9.23726	12.0662
spk_ver/v13/v1350	SES275	-1.28665	13.5709	14.8576
spk_ver/v13/v1351	SES275	-3.4484	6.41748	9.86588
spk_ver/v13/v1352	SES275	-2.66768	12.1652	14.8329
spk_ver/v13/v1353	SES275	-1.5692	8.79253	10.3617
spk_ver/v13/v1354	SES189	1.35839	12.9957	11.6373
spk_ver/v13/v1355	SES068	1.44519	16.8469	15.4017
spk_ver/v13/v1356	SES275	-2.86794	8.28333	11.1513
spk_ver/v13/v1357	SES048	0.354994	14.7433	14.3883
spk_ver/v13/v1358	SES226	2.5455	18.002	15.4565
spk_ver/v13/v1359	SES016	1.31429	16.5216	15.2073
spk_ver/v13/v1360	SES275	-2.85357	10.3034	13.157
spk_ver/v13/v1361	SES068	1.33421	16.6984	15.3642
spk_ver/v13/v1362	SES275	-3.54158	9.51033	13.0519
spk_ver/v13/v1363	SES275	-3.18799	9.82602	13.014
spk_ver/v13/v1364	SES275	-2.86894	9.94495	12.8139
spk_ver/v13/v1365	SES275	-1.35271	13.3515	14.7042
spk_ver/v13/v1366	SES187	1.03379	15.6869	14.6531
spk_ver/v13/v1367	SES275	-4.03359	7.87818	11.9118
spk_ver/v13/v1368	SES125	1.25219	14.7037	13.4515
spk_ver/v13/v1369	SES275	-2.10252	8.41781	10.5203
spk_ver/v13/v1370	SES292	-2.18657	11.5023	13.6888
spk_ver/v13/v1371	SES292	-1.61021	12.2423	13.8525
spk_ver/v13/v1372	SES292	-1.91996	10.1224	12.0424
spk_ver/v13/v1373	SES292	-2.34381	11.1278	13.4716
spk_ver/v13/v1374	SES101	1.72116	14.9365	13.2153
spk_ver/v13/v1375	SES292	-2.15571	11.9829	14.1386
spk_ver/v13/v1376	SES292	-2.09183	12.2503	14.3421
spk_ver/v13/v1377	SES292	-2.88647	9.08703	11.9735
spk_ver/v13/v1378	SES292	-1.34836	12.8031	14.1514
spk_ver/v13/v1379	SES292	-2.03444	10.8947	12.9292
spk_ver/v13/v1380	SES292	-1.63846	12.4963	14.1348
spk_ver/v13/v1381	SES292	-1.18805	15.2709	16.459
spk_ver/v13/v1382	SES292	-1.33601	11.6373	12.9733
spk_ver/v13/v1383	SES292	-1.47544	11.473	12.9484
spk_ver/v13/v1384	SES292	-1.48094	12.421	13.902
spk_ver/v13/v1385	SES292	-1.25698	12.7916	14.0486
spk_ver/v13/v1386	SES292	-1.34538	11.8125	13.1579
spk_ver/v13/v1387	SES158	1.98393	12.3519	10.368
spk_ver/v13/v1388	SES292	-1.28274	14.8818	16.1645
spk_ver/v13/v1389	SES292	-1.14919	16.0939	17.2431
spk_ver/v13/v1390	SES292	-0.978871	13.7247	14.7036
spk_ver/v13/v1391	SES292	-2.12934	12.2944	14.4238
spk_ver/v13/v1392	SES292	-2.92998	10.6821	13.612
spk_ver/v13/v1393	SES292	-1.91496	11.9738	13.8888
spk_ver/v13/v1394	SES292	-1.85171	12.4538	14.3055
spk_ver/v13/v1395	SES292	-1.52628	12.268	13.7943
spk_ver/v13/v1396	SES117	1.18486	12.7883	11.6035
spk_ver/v13/v1397	SES292	-2.50177	11.7831	14.2848
spk_ver/v13/v1398	SES292	-1.99147	10.653	12.6445
spk_ver/v13/v1399	SES292	-0.528299	14.0107	14.539
