BLOCK00/SES002/SA002S12	SES002	1.29961	-57.3355	-58.6351
BLOCK00/SES002/SA002S13	SES002	1.24292	-58.1286	-59.3715
BLOCK00/SES002/SA002S23	SES002	1.33833	-57.4121	-58.7504
BLOCK00/SES002/SA002S26	SES002	1.63839	-57.2965	-58.9348
BLOCK00/SES002/SA002S28	SES002	0.931511	-58.0344	-58.9659
BLOCK00/SES007/SA007S14	SES007	0.743538	-58.3616	-59.1052
BLOCK00/SES007/SA007S15	SES007	0.232529	-59.1623	-59.3949
BLOCK00/SES007/SA007S24	SES007	0.347301	-59.001	-59.3483
BLOCK00/SES007/SA007S27	SES007	0.400669	-59.3255	-59.7261
BLOCK00/SES007/SA007S29	SES007	0.285149	-58.2062	-58.4913
BLOCK00/SES008/SA008S11	SES008	0.81015	-58.6533	-59.4635
BLOCK00/SES008/SA008S12	SES008	0.226139	-58.8627	-59.0888
BLOCK00/SES008/SA008S19	SES008	0.893097	-57.4679	-58.361
BLOCK00/SES008/SA008S22	SES008	0.814587	-58.8116	-59.6262
BLOCK00/SES008/SA008S29	SES008	0.878521	-58.1386	-59.0172
BLOCK01/SES014/SA014S10	SES014	1.28571	-58.2707	-59.5564
BLOCK01/SES014/SA014S12	SES014	1.62818	-56.1832	-57.8114
BLOCK01/SES014/SA014S24	SES014	1.09033	-57.4532	-58.5436
BLOCK01/SES014/SA014S26	SES014	1.68938	-55.3746	-57.064
BLOCK01/SES014/SA014S28	SES014	1.40718	-57.3236	-58.7308
BLOCK01/SES016/SA016S12	SES016	-0.213173	-61.1885	-60.9754
BLOCK01/SES016/SA016S13	SES016	0.698299	-60.2366	-60.9349
BLOCK01/SES016/SA016S22	SES016	0.000984192	-60.9976	-60.9986
BLOCK01/SES016/SA016S25	SES016	0.101192	-58.6847	-58.7859
BLOCK01/SES016/SA016S27	SES016	1.19374	-58.4433	-59.637
BLOCK01/SES019/SA019S13	SES019	2.19074	-59.0204	-61.2111
BLOCK01/SES019/SA019S14	SES019	1.37016	-58.8459	-60.216
BLOCK01/SES019/SA019S22	SES019	1.59673	-58.2412	-59.838
BLOCK01/SES019/SA019S25	SES019	1.61849	-58.9896	-60.608
BLOCK01/SES019/SA019S29	SES019	2.57121	-58.9341	-61.5054
BLOCK02/SES029/SA029S11	SES029	0.397579	-59.1968	-59.5944
BLOCK02/SES029/SA029S12	SES029	0.199951	-58.7782	-58.9782
BLOCK02/SES029/SA029S20	SES029	-0.114395	-60.5855	-60.4711
BLOCK02/SES029/SA029S25	SES029	0.375435	-59.0626	-59.438
BLOCK02/SES029/SA029S28	SES029	0.0855446	-59.6907	-59.7763
BLOCK04/SES042/SA042S12	SES042	1.99952	-56.8477	-58.8473
BLOCK04/SES042/SA042S15	SES042	0.869595	-57.458	-58.3276
BLOCK04/SES042/SA042S22	SES042	2.74256	-55.3326	-58.0752
BLOCK04/SES042/SA042S25	SES042	1.34089	-57.4815	-58.8224
BLOCK04/SES042/SA042S27	SES042	1.60903	-56.0915	-57.7006
BLOCK04/SES048/SA048S11	SES048	0.414558	-58.1533	-58.5678
BLOCK04/SES048/SA048S12	SES048	0.567776	-57.4782	-58.0459
BLOCK04/SES048/SA048S20	SES048	0.431808	-57.9805	-58.4123
BLOCK04/SES048/SA048S23	SES048	0.785591	-58.8105	-59.5961
BLOCK04/SES048/SA048S27	SES048	0.545925	-57.5075	-58.0534
BLOCK06/SES060/SA060S11	SES060	0.903519	-58.8175	-59.721
BLOCK06/SES060/SA060S12	SES060	0.53669	-59.3808	-59.9175
BLOCK06/SES060/SA060S22	SES060	0.17308	-59.5365	-59.7096
BLOCK06/SES060/SA060S24	SES060	0.101395	-58.7615	-58.8629
BLOCK06/SES060/SA060S28	SES060	0.685631	-57.0731	-57.7587
BLOCK06/SES062/SA062S10	SES062	0.637466	-57.842	-58.4795
BLOCK06/SES062/SA062S11	SES062	1.03904	-58.0278	-59.0668
BLOCK06/SES062/SA062S21	SES062	0.775753	-56.7107	-57.4865
BLOCK06/SES062/SA062S26	SES062	0.885372	-57.191	-58.0764
BLOCK06/SES062/SA062S29	SES062	0.857437	-57.4628	-58.3202
BLOCK06/SES068/SA068S14	SES068	0.308666	-59.3199	-59.6285
BLOCK06/SES068/SA068S15	SES068	0.974674	-57.8616	-58.8363
BLOCK06/SES068/SA068S23	SES068	0.0817604	-59.9183	-60
BLOCK06/SES068/SA068S27	SES068	1.32712	-58.899	-60.2262
BLOCK06/SES068/SA068S29	SES068	0.659145	-58.4869	-59.146
BLOCK08/SES082/SA082S12	SES082	0.921127	-57.8652	-58.7864
BLOCK08/SES082/SA082S14	SES082	0.46674	-58.5878	-59.0545
BLOCK08/SES082/SA082S21	SES082	0.439007	-58.9869	-59.4259
BLOCK08/SES082/SA082S24	SES082	0.673042	-58.3899	-59.063
BLOCK08/SES082/SA082S28	SES082	0.218475	-59.2055	-59.424
BLOCK08/SES083/SA083S14	SES083	0.112621	-59.3735	-59.4861
BLOCK08/SES083/SA083S15	SES083	0.360836	-58.8021	-59.1629
BLOCK08/SES083/SA083S24	SES083	0.174583	-59.1656	-59.3401
BLOCK08/SES083/SA083S26	SES083	0.150871	-58.3606	-58.5115
BLOCK08/SES083/SA083S29	SES083	0.119339	-58.8326	-58.9519
BLOCK08/SES085/SA085S10	SES085	0.307171	-59.4435	-59.7507
BLOCK08/SES085/SA085S13	SES085	0.459938	-59.8767	-60.3366
BLOCK08/SES085/SA085S22	SES085	0.000881195	-60.5902	-60.591
BLOCK08/SES085/SA085S26	SES085	0.464828	-60.0949	-60.5597
BLOCK08/SES085/SA085S28	SES085	0.411388	-58.8497	-59.2611
BLOCK08/SES087/SA087S15	SES087	0.929813	-57.3735	-58.3033
BLOCK08/SES087/SA087S16	SES087	0.851723	-57.8571	-58.7088
BLOCK08/SES087/SA087S24	SES087	1.08287	-57.4598	-58.5427
BLOCK08/SES087/SA087S26	SES087	1.16833	-56.4272	-57.5955
BLOCK08/SES087/SA087S29	SES087	0.793575	-57.833	-58.6265
BLOCK09/SES099/SA099S15	SES099	1.059	-58.5026	-59.5616
BLOCK09/SES099/SA099S16	SES099	1.11746	-58.5416	-59.6591
BLOCK09/SES099/SA099S24	SES099	1.03548	-57.7805	-58.816
BLOCK09/SES099/SA099S26	SES099	1.07245	-57.7221	-58.7946
BLOCK09/SES099/SA099S29	SES099	1.11195	-57.7405	-58.8525
BLOCK10/SES101/SA101S11	SES101	0.467785	-58.1192	-58.587
BLOCK10/SES101/SA101S13	SES101	0.634796	-58.6773	-59.3121
BLOCK10/SES101/SA101S22	SES101	0.630741	-59.1691	-59.7998
BLOCK10/SES101/SA101S24	SES101	0.771889	-58.5802	-59.3521
BLOCK10/SES101/SA101S28	SES101	-0.0221519	-59.8832	-59.8611
BLOCK10/SES104/SA104S11	SES104	0.784092	-57.1333	-57.9174
BLOCK10/SES104/SA104S12	SES104	0.938499	-57.1975	-58.136
BLOCK10/SES104/SA104S21	SES104	0.496342	-58.4439	-58.9402
BLOCK10/SES104/SA104S24	SES104	0.732185	-57.9446	-58.6768
BLOCK10/SES104/SA104S28	SES104	1.01045	-57.441	-58.4515
BLOCK10/SES105/SA105S12	SES105	0.129948	-59.2551	-59.385
BLOCK10/SES105/SA105S13	SES105	-0.0192528	-59.0725	-59.0533
BLOCK10/SES105/SA105S22	SES105	0.14045	-59.5612	-59.7016
BLOCK10/SES105/SA105S26	SES105	0.185787	-59.0603	-59.2461
BLOCK10/SES105/SA105S29	SES105	0.0469742	-59.4251	-59.4721
BLOCK10/SES106/SA106S09	SES106	0.386593	-59.0546	-59.4412
BLOCK10/SES106/SA106S11	SES106	0.936123	-57.6583	-58.5945
BLOCK10/SES106/SA106S22	SES106	1.50216	-58.7875	-60.2897
BLOCK10/SES106/SA106S27	SES106	0.489681	-58.4011	-58.8908
BLOCK10/SES106/SA106S29	SES106	0.744152	-57.3746	-58.1187
BLOCK11/SES117/SA117S12	SES117	0.303871	-60.111	-60.4149
BLOCK11/SES117/SA117S13	SES117	-0.0877266	-59.959	-59.8713
BLOCK11/SES117/SA117S23	SES117	1.32473	-60.3273	-61.652
BLOCK11/SES117/SA117S25	SES117	0.658836	-60.2228	-60.8816
BLOCK11/SES117/SA117S28	SES117	0.681866	-60.2073	-60.8892
BLOCK12/SES120/SA120S08	SES120	0.187176	-60.3661	-60.5533
BLOCK12/SES120/SA120S11	SES120	0.36282	-60.6742	-61.037
BLOCK12/SES120/SA120S22	SES120	0.0909424	-59.7302	-59.8211
BLOCK12/SES120/SA120S24	SES120	0.243774	-59.4403	-59.6841
BLOCK12/SES120/SA120S28	SES120	0.293221	-60.8103	-61.1035
BLOCK12/SES125/SA125S13	SES125	1.52423	-56.9309	-58.4551
BLOCK12/SES125/SA125S14	SES125	1.26457	-57.549	-58.8135
BLOCK12/SES125/SA125S25	SES125	1.96804	-56.7599	-58.728
BLOCK12/SES125/SA125S27	SES125	1.82973	-56.1895	-58.0193
BLOCK12/SES125/SA125S29	SES125	1.38387	-57.442	-58.8258
BLOCK12/SES127/SA127S11	SES127	0.126884	-59.9228	-60.0497
BLOCK12/SES127/SA127S12	SES127	0.264439	-59.024	-59.2884
BLOCK12/SES127/SA127S23	SES127	0.162312	-59.582	-59.7443
BLOCK12/SES127/SA127S25	SES127	-0.263683	-59.9176	-59.6539
BLOCK12/SES127/SA127S27	SES127	0.644592	-59.4583	-60.1029
BLOCK12/SES129/SA129S11	SES129	0.897625	-57.6713	-58.5689
BLOCK12/SES129/SA129S12	SES129	0.996403	-57.5269	-58.5233
BLOCK12/SES129/SA129S22	SES129	0.738544	-57.375	-58.1136
BLOCK12/SES129/SA129S27	SES129	1.23468	-56.9536	-58.1883
BLOCK12/SES129/SA129S29	SES129	1.23002	-57.0449	-58.2749
BLOCK14/SES142/SA142S11	SES142	2.34293	-59.7128	-62.0557
BLOCK14/SES142/SA142S12	SES142	1.30606	-60.5858	-61.8918
BLOCK14/SES142/SA142S24	SES142	3.03345	-59.5879	-62.6213
BLOCK14/SES142/SA142S27	SES142	2.44079	-58.862	-61.3028
BLOCK14/SES142/SA142S29	SES142	2.17467	-58.6231	-60.7978
BLOCK14/SES143/SA143S12	SES143	0.525002	-59.8837	-60.4087
BLOCK14/SES143/SA143S13	SES143	0.504799	-59.9656	-60.4704
BLOCK14/SES143/SA143S23	SES143	1.11911	-60.2049	-61.324
BLOCK14/SES143/SA143S25	SES143	0.703472	-59.8933	-60.5968
BLOCK14/SES143/SA143S28	SES143	0.875854	-59.2152	-60.0911
BLOCK14/SES144/SA144S09	SES144	0.421158	-58.5485	-58.9696
BLOCK14/SES144/SA144S11	SES144	0.519539	-59.505	-60.0245
BLOCK14/SES144/SA144S21	SES144	0.127247	-59.2409	-59.3681
BLOCK14/SES144/SA144S25	SES144	-0.0659752	-59.6773	-59.6113
BLOCK14/SES144/SA144S29	SES144	-0.090744	-59.8189	-59.7282
BLOCK14/SES146/SA146S14	SES146	0.441814	-59.1402	-59.582
BLOCK14/SES146/SA146S15	SES146	0.168167	-59.4222	-59.5904
BLOCK14/SES146/SA146S24	SES146	0.452774	-59.0474	-59.5001
BLOCK14/SES146/SA146S26	SES146	0.674473	-59.8386	-60.513
BLOCK14/SES146/SA146S29	SES146	0.18808	-59.5392	-59.7273
BLOCK14/SES147/SA147S11	SES147	0.607624	-59.7645	-60.3721
BLOCK14/SES147/SA147S13	SES147	1.09285	-59.0365	-60.1294
BLOCK14/SES147/SA147S23	SES147	1.01744	-60.2292	-61.2466
BLOCK14/SES147/SA147S26	SES147	0.921059	-59.7976	-60.7187
BLOCK14/SES147/SA147S28	SES147	1.19843	-59.5383	-60.7368
BLOCK14/SES148/SA148S10	SES148	0.451843	-58.3922	-58.844
BLOCK14/SES148/SA148S12	SES148	0.284279	-59.5244	-59.8087
BLOCK14/SES148/SA148S22	SES148	0.334347	-58.425	-58.7593
BLOCK14/SES148/SA148S26	SES148	0.359898	-58.6059	-58.9658
BLOCK14/SES148/SA148S29	SES148	0.316471	-59.3757	-59.6922
BLOCK14/SES149/SA149S13	SES149	0.399788	-58.4091	-58.8089
BLOCK14/SES149/SA149S14	SES149	0.510109	-57.4815	-57.9916
BLOCK14/SES149/SA149S24	SES149	0.688366	-58.0103	-58.6986
BLOCK14/SES149/SA149S26	SES149	0.761089	-57.5523	-58.3134
BLOCK14/SES149/SA149S28	SES149	1.73569	-57.2663	-59.0019
BLOCK15/SES158/SA158S13	SES158	0.651031	-58.9997	-59.6507
BLOCK15/SES158/SA158S14	SES158	1.43328	-58.7441	-60.1774
BLOCK15/SES158/SA158S23	SES158	0.783699	-58.7199	-59.5036
BLOCK15/SES158/SA158S26	SES158	1.63648	-58.7999	-60.4364
BLOCK15/SES158/SA158S28	SES158	0.780258	-58.5841	-59.3643
BLOCK16/SES162/SA162S10	SES162	0.0503845	-59.5432	-59.5936
BLOCK16/SES162/SA162S11	SES162	0.35392	-59.7883	-60.1422
BLOCK16/SES162/SA162S21	SES162	1.32427	-59.6631	-60.9874
BLOCK16/SES162/SA162S24	SES162	1.00251	-59.702	-60.7045
BLOCK16/SES162/SA162S27	SES162	1.01549	-59.876	-60.8915
BLOCK16/SES167/SA167S14	SES167	1.34653	-58.2722	-59.6188
BLOCK16/SES167/SA167S15	SES167	1.11153	-59.7906	-60.9021
BLOCK16/SES167/SA167S21	SES167	1.07755	-58.4548	-59.5324
BLOCK16/SES167/SA167S25	SES167	1.27743	-59.0313	-60.3087
BLOCK16/SES167/SA167S29	SES167	2.00332	-58.1607	-60.164
BLOCK17/SES172/SA172S12	SES172	0.930992	-59.2833	-60.2143
BLOCK17/SES172/SA172S13	SES172	0.8582	-60.0509	-60.9091
BLOCK17/SES172/SA172S23	SES172	1.07568	-58.132	-59.2077
BLOCK17/SES172/SA172S27	SES172	0.903019	-59.2381	-60.1412
BLOCK17/SES172/SA172S29	SES172	1.02426	-59.3754	-60.3996
BLOCK17/SES175/SA175S11	SES175	1.60263	-59.4655	-61.0682
BLOCK17/SES175/SA175S13	SES175	0.764694	-59.4744	-60.2391
BLOCK17/SES175/SA175S23	SES175	1.89751	-59.4056	-61.3031
BLOCK17/SES175/SA175S25	SES175	0.828548	-60.6868	-61.5154
BLOCK17/SES175/SA175S28	SES175	1.47656	-59.4278	-60.9044
BLOCK17/SES177/SA177S15	SES177	0.348839	-59.2919	-59.6407
BLOCK17/SES177/SA177S17	SES177	0.470497	-59.3543	-59.8248
BLOCK17/SES177/SA177S23	SES177	0.542778	-59.7857	-60.3285
BLOCK17/SES177/SA177S26	SES177	0.718163	-58.3175	-59.0357
BLOCK17/SES177/SA177S28	SES177	1.3835	-58.5575	-59.941
BLOCK18/SES180/SA180S13	SES180	0.917427	-59.6551	-60.5725
BLOCK18/SES180/SA180S15	SES180	0.421925	-60.1546	-60.5765
BLOCK18/SES180/SA180S24	SES180	0.731571	-58.4568	-59.1884
BLOCK18/SES180/SA180S26	SES180	0.484535	-59.2828	-59.7673
BLOCK18/SES180/SA180S29	SES180	0.995125	-59.7478	-60.7429
BLOCK18/SES183/SA183S13	SES183	0.557987	-59.626	-60.184
BLOCK18/SES183/SA183S14	SES183	0.242893	-59.2692	-59.5121
BLOCK18/SES183/SA183S24	SES183	0.871078	-59.8305	-60.7016
BLOCK18/SES183/SA183S27	SES183	0.657825	-58.9151	-59.5729
BLOCK18/SES183/SA183S29	SES183	0.755005	-58.5753	-59.3303
BLOCK18/SES187/SA187S13	SES187	0.671879	-60.5936	-61.2655
BLOCK18/SES187/SA187S14	SES187	0.488174	-60.1678	-60.656
BLOCK18/SES187/SA187S24	SES187	0.918209	-60.3902	-61.3084
BLOCK18/SES187/SA187S27	SES187	0.55648	-60.0933	-60.6497
BLOCK18/SES187/SA187S29	SES187	0.757973	-60.5391	-61.2971
BLOCK18/SES189/SA189S10	SES189	1.7792	-61.0546	-62.8338
BLOCK18/SES189/SA189S13	SES189	1.65175	-62.1128	-63.7645
BLOCK18/SES189/SA189S24	SES189	1.84696	-61.3433	-63.1903
BLOCK18/SES189/SA189S26	SES189	0.912651	-60.8917	-61.8043
BLOCK18/SES189/SA189S29	SES189	1.86798	-61.1278	-62.9957
BLOCK20/SES202/SA202S12	SES202	1.61375	-60.4943	-62.1081
BLOCK20/SES202/SA202S14	SES202	2.32558	-59.4045	-61.7301
BLOCK20/SES202/SA202S24	SES202	1.58277	-60.0013	-61.5841
BLOCK20/SES202/SA202S27	SES202	2.39997	-58.6377	-61.0377
BLOCK20/SES202/SA202S29	SES202	2.66289	-58.8752	-61.5381
BLOCK20/SES206/SA206S15	SES206	0.527443	-58.0117	-58.5392
BLOCK20/SES206/SA206S17	SES206	1.30253	-57.4925	-58.795
BLOCK20/SES206/SA206S24	SES206	1.20653	-57.3008	-58.5073
BLOCK20/SES206/SA206S27	SES206	1.25941	-57.7328	-58.9922
BLOCK20/SES206/SA206S29	SES206	1.28703	-56.5705	-57.8575
BLOCK22/SES226/SA226S12	SES226	0.752445	-58.6284	-59.3809
BLOCK22/SES226/SA226S13	SES226	0.398106	-58.6962	-59.0943
BLOCK22/SES226/SA226S20	SES226	0.78458	-58.7066	-59.4911
BLOCK22/SES226/SA226S23	SES226	0.509701	-58.2083	-58.718
BLOCK22/SES226/SA226S28	SES226	0.809181	-57.7812	-58.5904
BLOCK25/SES259/SA259S13	SES259	1.44826	-57.8096	-59.2579
BLOCK25/SES259/SA259S14	SES259	0.68819	-58.0009	-58.6891
BLOCK25/SES259/SA259S22	SES259	1.26578	-57.48	-58.7458
BLOCK25/SES259/SA259S24	SES259	1.36725	-56.4573	-57.8246
BLOCK25/SES259/SA259S28	SES259	1.32051	-56.8944	-58.2149
BLOCK27/SES270/SA270S14	SES270	1.24085	-59.0137	-60.2545
BLOCK27/SES270/SA270S16	SES270	0.668774	-58.9228	-59.5916
BLOCK27/SES270/SA270S22	SES270	1.1181	-58.6039	-59.722
BLOCK27/SES270/SA270S26	SES270	1.11717	-59.0396	-60.1567
BLOCK27/SES270/SA270S28	SES270	0.79879	-58.4258	-59.2246
BLOCK27/SES275/SA275S17	SES275	0.624657	-59.3577	-59.9823
BLOCK27/SES275/SA275S18	SES275	0.814106	-59.0399	-59.854
BLOCK27/SES275/SA275S24	SES275	0.548218	-59.1043	-59.6525
BLOCK27/SES275/SA275S26	SES275	0.813095	-57.8869	-58.7
BLOCK27/SES275/SA275S28	SES275	0.533054	-57.9966	-58.5297
BLOCK29/SES292/SA292S10	SES292	-0.346645	-59.4868	-59.1401
BLOCK29/SES292/SA292S12	SES292	-0.0514793	-60.5559	-60.5044
BLOCK29/SES292/SA292S22	SES292	0.701328	-58.1321	-58.8334
BLOCK29/SES292/SA292S24	SES292	-0.28009	-59.1946	-58.9145
BLOCK29/SES292/SA292S27	SES292	0.221146	-58.6654	-58.8866
BLOCK00/SES001/SA001S14	SES062	-0.296917	-58.5974	-58.3005
BLOCK00/SES001/SA001S14	SES082	-0.955494	-59.256	-58.3005
BLOCK00/SES001/SA001S14	SES106	-1.54411	-59.8446	-58.3005
BLOCK00/SES001/SA001S14	SES206	-1.99672	-60.2972	-58.3005
BLOCK00/SES001/SA001S15	SES062	-0.306679	-57.8696	-57.5629
BLOCK00/SES001/SA001S15	SES104	-1.68433	-59.2473	-57.5629
BLOCK00/SES001/SA001S15	SES106	-1.79461	-59.3575	-57.5629
BLOCK00/SES001/SA001S15	SES206	-2.38667	-59.9496	-57.5629
BLOCK00/SES001/SA001S24	SES062	-1.06279	-60.3418	-59.279
BLOCK00/SES001/SA001S24	SES082	-0.911427	-60.1904	-59.279
BLOCK00/SES001/SA001S24	SES087	-1.31593	-60.5949	-59.279
BLOCK00/SES001/SA001S24	SES206	-1.05653	-60.3355	-59.279
BLOCK00/SES001/SA001S27	SES062	-0.848053	-59.0234	-58.1754
BLOCK00/SES001/SA001S27	SES082	-0.683323	-58.8587	-58.1754
BLOCK00/SES001/SA001S27	SES087	-1.28228	-59.4576	-58.1754
BLOCK00/SES001/SA001S27	SES206	-1.16197	-59.3373	-58.1754
BLOCK00/SES001/SA001S29	SES062	-0.769268	-59.9103	-59.141
BLOCK00/SES001/SA001S29	SES082	-1.187	-60.328	-59.141
BLOCK00/SES001/SA001S29	SES158	-0.903835	-60.0448	-59.141
BLOCK00/SES001/SA001S29	SES206	-2.46418	-61.6052	-59.141
BLOCK00/SES003/SA003S11	SES002	0.0616379	-59.0098	-59.0714
BLOCK00/SES003/SA003S11	SES019	-0.452877	-59.5243	-59.0714
BLOCK00/SES003/SA003S11	SES082	0.228733	-58.8427	-59.0714
BLOCK00/SES003/SA003S11	SES125	-0.0821228	-59.1535	-59.0714
BLOCK00/SES003/SA003S15	SES016	-1.38944	-59.6649	-58.2754
BLOCK00/SES003/SA003S15	SES019	-0.412819	-58.6882	-58.2754
BLOCK00/SES003/SA003S15	SES062	-1.05836	-59.3338	-58.2754
BLOCK00/SES003/SA003S15	SES206	-0.130501	-58.4059	-58.2754
BLOCK00/SES003/SA003S22	SES002	-0.717308	-59.4158	-58.6985
BLOCK00/SES003/SA003S22	SES062	-0.914104	-59.6126	-58.6985
BLOCK00/SES003/SA003S22	SES082	0.0184441	-58.68	-58.6985
BLOCK00/SES003/SA003S22	SES087	-0.33004	-59.0285	-58.6985
BLOCK00/SES003/SA003S25	SES062	-0.833729	-59.5971	-58.7634
BLOCK00/SES003/SA003S25	SES082	-0.0558357	-58.8192	-58.7634
BLOCK00/SES003/SA003S25	SES087	-0.826847	-59.5903	-58.7634
BLOCK00/SES003/SA003S25	SES206	-0.71912	-59.4825	-58.7634
BLOCK00/SES003/SA003S29	SES002	-0.686665	-59.1512	-58.4645
BLOCK00/SES003/SA003S29	SES062	-0.886139	-59.3506	-58.4645
BLOCK00/SES003/SA003S29	SES082	0.186878	-58.2776	-58.4645
BLOCK00/SES003/SA003S29	SES087	-0.262779	-58.7273	-58.4645
BLOCK00/SES004/SA004S12	SES083	-0.375534	-61.2639	-60.8884
BLOCK00/SES004/SA004S12	SES148	-0.407215	-61.2956	-60.8884
BLOCK00/SES004/SA004S12	SES172	-0.641502	-61.5299	-60.8884
BLOCK00/SES004/SA004S12	SES292	-0.914639	-61.803	-60.8884
BLOCK00/SES004/SA004S17	SES083	-0.475441	-60.8366	-60.3611
BLOCK00/SES004/SA004S17	SES162	-0.386997	-60.7481	-60.3611
BLOCK00/SES004/SA004S17	SES172	-0.819752	-61.1809	-60.3611
BLOCK00/SES004/SA004S17	SES292	-0.697979	-61.0591	-60.3611
BLOCK00/SES004/SA004S24	SES083	-0.26157	-60.6765	-60.4149
BLOCK00/SES004/SA004S24	SES148	-0.193863	-60.6087	-60.4149
BLOCK00/SES004/SA004S24	SES172	-0.447708	-60.8626	-60.4149
BLOCK00/SES004/SA004S24	SES292	-0.344208	-60.7591	-60.4149
BLOCK00/SES004/SA004S26	SES083	0.24437	-60.0562	-60.3005
BLOCK00/SES004/SA004S26	SES127	0.197861	-60.1027	-60.3005
BLOCK00/SES004/SA004S26	SES148	-0.105812	-60.4063	-60.3005
BLOCK00/SES004/SA004S26	SES292	-0.0418549	-60.3424	-60.3005
BLOCK00/SES004/SA004S28	SES083	-0.162968	-60.4437	-60.2807
BLOCK00/SES004/SA004S28	SES127	-0.90424	-61.185	-60.2807
BLOCK00/SES004/SA004S28	SES187	0.0747795	-60.2059	-60.2807
BLOCK00/SES004/SA004S28	SES292	-0.639317	-60.92	-60.2807
BLOCK00/SES006/SA006S10	SES014	-0.434006	-61.2011	-60.7671
BLOCK00/SES006/SA006S10	SES158	0.21854	-60.5486	-60.7671
BLOCK00/SES006/SA006S10	SES226	-0.0544357	-60.8216	-60.7671
BLOCK00/SES006/SA006S10	SES270	0.445866	-60.3213	-60.7671
BLOCK00/SES006/SA006S11	SES158	0.249706	-60.0489	-60.2986
BLOCK00/SES006/SA006S11	SES226	-0.170021	-60.4686	-60.2986
BLOCK00/SES006/SA006S11	SES270	0.281353	-60.0173	-60.2986
BLOCK00/SES006/SA006S11	SES275	-1.21678	-61.5154	-60.2986
BLOCK00/SES006/SA006S23	SES062	-1.30926	-60.2497	-58.9405
BLOCK00/SES006/SA006S23	SES105	-0.934597	-59.875	-58.9405
BLOCK00/SES006/SA006S23	SES158	-0.0856285	-59.0261	-58.9405
BLOCK00/SES006/SA006S23	SES275	-0.874126	-59.8146	-58.9405
BLOCK00/SES006/SA006S26	SES104	-0.246262	-59.2713	-59.0251
BLOCK00/SES006/SA006S26	SES158	0.338982	-58.6861	-59.0251
BLOCK00/SES006/SA006S26	SES270	0.540321	-58.4847	-59.0251
BLOCK00/SES006/SA006S26	SES275	-0.933983	-59.959	-59.0251
BLOCK00/SES006/SA006S28	SES007	-0.891224	-61.2145	-60.3233
BLOCK00/SES006/SA006S28	SES105	-0.967308	-61.2906	-60.3233
BLOCK00/SES006/SA006S28	SES158	0.106674	-60.2166	-60.3233
BLOCK00/SES006/SA006S28	SES275	-1.18187	-61.5052	-60.3233
BLOCK00/SES009/SA009S12	SES083	-0.107559	-58.8084	-58.7009
BLOCK00/SES009/SA009S12	SES148	0.158218	-58.5427	-58.7009
BLOCK00/SES009/SA009S12	SES177	-0.487873	-59.1888	-58.7009
BLOCK00/SES009/SA009S12	SES292	0.340027	-58.3609	-58.7009
BLOCK00/SES009/SA009S15	SES007	0.696026	-57.4314	-58.1274
BLOCK00/SES009/SA009S15	SES099	-5.43982	-63.5673	-58.1274
BLOCK00/SES009/SA009S15	SES148	0.150208	-57.9772	-58.1274
BLOCK00/SES009/SA009S15	SES172	-0.119095	-58.2465	-58.1274
BLOCK00/SES009/SA009S24	SES146	-0.19595	-58.8117	-58.6157
BLOCK00/SES009/SA009S24	SES148	0.248425	-58.3673	-58.6157
BLOCK00/SES009/SA009S24	SES177	-0.167122	-58.7828	-58.6157
BLOCK00/SES009/SA009S24	SES292	0.575737	-58.04	-58.6157
BLOCK00/SES009/SA009S26	SES083	-0.353645	-59.7317	-59.378
BLOCK00/SES009/SA009S26	SES101	-0.435074	-59.8131	-59.378
BLOCK00/SES009/SA009S26	SES120	0.258232	-59.1198	-59.378
BLOCK00/SES009/SA009S26	SES177	-0.79361	-60.1716	-59.378
BLOCK00/SES009/SA009S29	SES083	0.0867157	-58.4415	-58.5283
BLOCK00/SES009/SA009S29	SES101	-0.161331	-58.6896	-58.5283
BLOCK00/SES009/SA009S29	SES177	-0.347099	-58.8754	-58.5283
BLOCK00/SES009/SA009S29	SES292	0.395016	-58.1332	-58.5283
BLOCK01/SES011/SA011S10	SES019	0.945396	-59.0367	-59.9821
BLOCK01/SES011/SA011S10	SES042	1.13949	-58.8426	-59.9821
BLOCK01/SES011/SA011S10	SES082	0.105396	-59.8767	-59.9821
BLOCK01/SES011/SA011S10	SES206	0.850452	-59.1316	-59.9821
BLOCK01/SES011/SA011S11	SES019	-0.190292	-60.2777	-60.0874
BLOCK01/SES011/SA011S11	SES042	-0.031311	-60.1187	-60.0874
BLOCK01/SES011/SA011S11	SES082	-0.740669	-60.828	-60.0874
BLOCK01/SES011/SA011S11	SES206	0.308346	-59.779	-60.0874
BLOCK01/SES011/SA011S22	SES019	0.760666	-59.3797	-60.1404
BLOCK01/SES011/SA011S22	SES042	0.857719	-59.2827	-60.1404
BLOCK01/SES011/SA011S22	SES082	0.0870056	-60.0534	-60.1404
BLOCK01/SES011/SA011S22	SES206	0.29427	-59.8461	-60.1404
BLOCK01/SES011/SA011S24	SES019	0.194733	-58.8835	-59.0783
BLOCK01/SES011/SA011S24	SES042	0.751793	-58.3265	-59.0783
BLOCK01/SES011/SA011S24	SES104	0.246658	-58.8316	-59.0783
BLOCK01/SES011/SA011S24	SES206	0.688721	-58.3895	-59.0783
BLOCK01/SES011/SA011S27	SES082	0.386189	-58.7662	-59.1523
BLOCK01/SES011/SA011S27	SES087	0.209667	-58.9427	-59.1523
BLOCK01/SES011/SA011S27	SES125	0.547287	-58.6051	-59.1523
BLOCK01/SES011/SA011S27	SES206	0.568893	-58.5835	-59.1523
BLOCK01/SES012/SA012S11	SES007	-0.990448	-58.783	-57.7925
BLOCK01/SES012/SA012S11	SES082	0.414413	-57.3781	-57.7925
BLOCK01/SES012/SA012S11	SES083	-0.894463	-58.687	-57.7925
BLOCK01/SES012/SA012S11	SES206	0.326523	-57.466	-57.7925
BLOCK01/SES012/SA012S14	SES082	0.141144	-58.0701	-58.2112
BLOCK01/SES012/SA012S14	SES087	-0.211857	-58.4231	-58.2112
BLOCK01/SES012/SA012S14	SES206	0.203514	-58.0077	-58.2112
BLOCK01/SES012/SA012S14	SES292	-1.21857	-59.4298	-58.2112
BLOCK01/SES012/SA012S24	SES082	0.747356	-58.1434	-58.8908
BLOCK01/SES012/SA012S24	SES087	0.133541	-58.7573	-58.8908
BLOCK01/SES012/SA012S24	SES120	-1.33405	-60.2248	-58.8908
BLOCK01/SES012/SA012S24	SES206	0.0583954	-58.8324	-58.8908
BLOCK01/SES012/SA012S26	SES019	-0.238083	-58.6211	-58.383
BLOCK01/SES012/SA012S26	SES082	0.159657	-58.2233	-58.383
BLOCK01/SES012/SA012S26	SES206	0.644043	-57.7389	-58.383
BLOCK01/SES012/SA012S26	SES292	-1.01877	-59.4017	-58.383
BLOCK01/SES012/SA012S29	SES062	-1.22689	-59.7678	-58.5409
BLOCK01/SES012/SA012S29	SES082	0.240955	-58.2999	-58.5409
BLOCK01/SES012/SA012S29	SES083	-1.03405	-59.575	-58.5409
BLOCK01/SES012/SA012S29	SES206	0.164619	-58.3763	-58.5409
BLOCK01/SES013/SA013S16	SES062	-1.73236	-60.8031	-59.0708
BLOCK01/SES013/SA013S16	SES106	0.524418	-58.5463	-59.0708
BLOCK01/SES013/SA013S16	SES206	0.177219	-58.8935	-59.0708
BLOCK01/SES013/SA013S16	SES226	0.359608	-58.7111	-59.0708
BLOCK01/SES013/SA013S17	SES062	-1.29317	-59.5412	-58.248
BLOCK01/SES013/SA013S17	SES106	0.4188	-57.8292	-58.248
BLOCK01/SES013/SA013S17	SES206	0.574368	-57.6736	-58.248
BLOCK01/SES013/SA013S17	SES226	0.534374	-57.7136	-58.248
BLOCK01/SES013/SA013S23	SES104	0.468769	-59.108	-59.5768
BLOCK01/SES013/SA013S23	SES106	0.560349	-59.0164	-59.5768
BLOCK01/SES013/SA013S23	SES206	0.289753	-59.287	-59.5768
BLOCK01/SES013/SA013S23	SES270	0.669437	-58.9073	-59.5768
BLOCK01/SES013/SA013S25	SES042	0.697563	-58.2752	-58.9727
BLOCK01/SES013/SA013S25	SES104	0.90115	-58.0716	-58.9727
BLOCK01/SES013/SA013S25	SES106	0.990414	-57.9823	-58.9727
BLOCK01/SES013/SA013S25	SES206	0.684891	-58.2879	-58.9727
BLOCK01/SES013/SA013S29	SES062	-1.60155	-60.7839	-59.1824
BLOCK01/SES013/SA013S29	SES104	0.191765	-58.9906	-59.1824
BLOCK01/SES013/SA013S29	SES106	0.696903	-58.4855	-59.1824
BLOCK01/SES013/SA013S29	SES206	0.00274658	-59.1796	-59.1824
BLOCK02/SES021/SA021S13	SES016	-1.15946	-59.2958	-58.1364
BLOCK02/SES021/SA021S13	SES029	-1.286	-59.4224	-58.1364
BLOCK02/SES021/SA021S13	SES087	0.204189	-57.9322	-58.1364
BLOCK02/SES021/SA021S13	SES206	0.307949	-57.8284	-58.1364
BLOCK02/SES021/SA021S15	SES087	0.474331	-57.1944	-57.6688
BLOCK02/SES021/SA021S15	SES125	0.918499	-56.7503	-57.6688
BLOCK02/SES021/SA021S15	SES206	0.718433	-56.9503	-57.6688
BLOCK02/SES021/SA021S15	SES226	0.157337	-57.5114	-57.6688
BLOCK02/SES021/SA021S23	SES062	-1.01272	-60.307	-59.2943
BLOCK02/SES021/SA021S23	SES087	-0.466698	-59.761	-59.2943
BLOCK02/SES021/SA021S23	SES206	-0.269295	-59.5636	-59.2943
BLOCK02/SES021/SA021S23	SES226	0.0269432	-59.2673	-59.2943
BLOCK02/SES021/SA021S27	SES002	-0.376572	-58.8717	-58.4952
BLOCK02/SES021/SA021S27	SES016	-1.1506	-59.6458	-58.4952
BLOCK02/SES021/SA021S27	SES019	-0.405087	-58.9003	-58.4952
BLOCK02/SES021/SA021S27	SES062	-0.6259	-59.1211	-58.4952
BLOCK02/SES021/SA021S29	SES087	0.117203	-58.2931	-58.4103
BLOCK02/SES021/SA021S29	SES125	0.533695	-57.8766	-58.4103
BLOCK02/SES021/SA021S29	SES206	0.569279	-57.841	-58.4103
BLOCK02/SES021/SA021S29	SES226	0.149303	-58.261	-58.4103
BLOCK04/SES043/SA043S09	SES083	-0.531204	-60.3249	-59.7937
BLOCK04/SES043/SA043S09	SES101	-1.19975	-60.9934	-59.7937
BLOCK04/SES043/SA043S09	SES144	-0.358246	-60.1519	-59.7937
BLOCK04/SES043/SA043S09	SES172	-1.75212	-61.5458	-59.7937
BLOCK04/SES043/SA043S11	SES083	-0.153042	-58.8524	-58.6994
BLOCK04/SES043/SA043S11	SES101	-0.597065	-59.2964	-58.6994
BLOCK04/SES043/SA043S11	SES144	-0.232635	-58.932	-58.6994
BLOCK04/SES043/SA043S11	SES172	-0.842495	-59.5419	-58.6994
BLOCK04/SES043/SA043S23	SES083	-0.179089	-59.4887	-59.3096
BLOCK04/SES043/SA043S23	SES144	-0.0540352	-59.3637	-59.3096
BLOCK04/SES043/SA043S23	SES177	-0.67585	-59.9855	-59.3096
BLOCK04/SES043/SA043S23	SES275	-0.327896	-59.6375	-59.3096
BLOCK04/SES043/SA043S26	SES083	-0.230343	-58.8354	-58.605
BLOCK04/SES043/SA043S26	SES101	-0.544044	-59.1491	-58.605
BLOCK04/SES043/SA043S26	SES144	-0.193214	-58.7982	-58.605
BLOCK04/SES043/SA043S26	SES177	-0.507423	-59.1125	-58.605
BLOCK04/SES043/SA043S28	SES016	-0.414745	-59.1153	-58.7006
BLOCK04/SES043/SA043S28	SES083	0.0113411	-58.6892	-58.7006
BLOCK04/SES043/SA043S28	SES101	-0.255093	-58.9557	-58.7006
BLOCK04/SES043/SA043S28	SES144	-0.367832	-59.0684	-58.7006
BLOCK04/SES044/SA044S10	SES127	-1.03214	-62.4323	-61.4001
BLOCK04/SES044/SA044S10	SES144	-0.201038	-61.6012	-61.4001
BLOCK04/SES044/SA044S10	SES147	-1.28459	-62.6847	-61.4001
BLOCK04/SES044/SA044S10	SES148	-0.373005	-61.7731	-61.4001
BLOCK04/SES044/SA044S11	SES101	-0.731216	-61.5717	-60.8405
BLOCK04/SES044/SA044S11	SES144	-0.3256	-61.1661	-60.8405
BLOCK04/SES044/SA044S11	SES147	-1.2316	-62.0721	-60.8405
BLOCK04/SES044/SA044S11	SES177	-0.626316	-61.4668	-60.8405
BLOCK04/SES044/SA044S24	SES007	-0.639236	-60.836	-60.1968
BLOCK04/SES044/SA044S24	SES101	-0.569267	-60.7661	-60.1968
BLOCK04/SES044/SA044S24	SES147	-0.858047	-61.0548	-60.1968
BLOCK04/SES044/SA044S24	SES177	-0.766266	-60.9631	-60.1968
BLOCK04/SES044/SA044S26	SES007	-0.707798	-60.9425	-60.2347
BLOCK04/SES044/SA044S26	SES016	-0.140038	-60.3748	-60.2347
BLOCK04/SES044/SA044S26	SES101	-0.287605	-60.5223	-60.2347
BLOCK04/SES044/SA044S26	SES147	-0.172703	-60.4074	-60.2347
BLOCK04/SES044/SA044S29	SES007	-0.656673	-60.7984	-60.1418
BLOCK04/SES044/SA044S29	SES101	-0.20443	-60.3462	-60.1418
BLOCK04/SES044/SA044S29	SES147	-0.42004	-60.5618	-60.1418
BLOCK04/SES044/SA044S29	SES177	-0.371796	-60.5136	-60.1418
BLOCK04/SES046/SA046S13	SES101	-0.799789	-61.5995	-60.7997
BLOCK04/SES046/SA046S13	SES144	-0.22237	-61.0221	-60.7997
BLOCK04/SES046/SA046S13	SES147	-0.917122	-61.7169	-60.7997
BLOCK04/SES046/SA046S13	SES177	-0.291332	-61.0911	-60.7997
BLOCK04/SES046/SA046S15	SES048	-1.30702	-60.621	-59.314
BLOCK04/SES046/SA046S15	SES083	-0.457745	-59.7717	-59.314
BLOCK04/SES046/SA046S15	SES120	-0.768745	-60.0827	-59.314
BLOCK04/SES046/SA046S15	SES148	-0.270679	-59.5846	-59.314
BLOCK04/SES046/SA046S22	SES101	-0.640636	-61.349	-60.7083
BLOCK04/SES046/SA046S22	SES144	-0.271549	-60.9799	-60.7083
BLOCK04/SES046/SA046S22	SES147	-0.477436	-61.1858	-60.7083
BLOCK04/SES046/SA046S22	SES172	-0.310661	-61.019	-60.7083
BLOCK04/SES046/SA046S25	SES083	-0.483601	-60.3931	-59.9095
BLOCK04/SES046/SA046S25	SES127	-0.76107	-60.6706	-59.9095
BLOCK04/SES046/SA046S25	SES144	-1.01757	-60.9271	-59.9095
BLOCK04/SES046/SA046S25	SES148	-0.331009	-60.2405	-59.9095
BLOCK04/SES046/SA046S28	SES007	-1.47615	-61.4779	-60.0018
BLOCK04/SES046/SA046S28	SES105	-1.07283	-61.0746	-60.0018
BLOCK04/SES046/SA046S28	SES147	-0.61734	-60.6191	-60.0018
BLOCK04/SES046/SA046S28	SES148	-0.0571594	-60.0589	-60.0018
BLOCK04/SES049/SA049S16	SES104	0.0884399	-59.8379	-59.9264
BLOCK04/SES049/SA049S16	SES106	0.237614	-59.6888	-59.9264
BLOCK04/SES049/SA049S16	SES120	-1.39206	-61.3184	-59.9264
BLOCK04/SES049/SA049S16	SES206	0.18626	-59.7401	-59.9264
BLOCK04/SES049/SA049S18	SES099	0.379021	-59.5763	-59.9553
BLOCK04/SES049/SA049S18	SES104	0.143002	-59.8123	-59.9553
BLOCK04/SES049/SA049S18	SES125	-0.230026	-60.1854	-59.9553
BLOCK04/SES049/SA049S18	SES206	0.355389	-59.6	-59.9553
BLOCK04/SES049/SA049S25	SES087	-0.0529976	-59.5869	-59.5339
BLOCK04/SES049/SA049S25	SES104	0.298996	-59.2349	-59.5339
BLOCK04/SES049/SA049S25	SES125	-0.127129	-59.661	-59.5339
BLOCK04/SES049/SA049S25	SES206	0.394714	-59.1392	-59.5339
BLOCK04/SES049/SA049S27	SES099	0.180389	-59.1711	-59.3515
BLOCK04/SES049/SA049S27	SES104	0.330532	-59.021	-59.3515
BLOCK04/SES049/SA049S27	SES125	0.00444412	-59.347	-59.3515
BLOCK04/SES049/SA049S27	SES206	0.221012	-59.1305	-59.3515
BLOCK04/SES049/SA049S29	SES099	0.585445	-57.8634	-58.4488
BLOCK04/SES049/SA049S29	SES104	0.774681	-57.6742	-58.4488
BLOCK04/SES049/SA049S29	SES125	0.272743	-58.1761	-58.4488
BLOCK04/SES049/SA049S29	SES206	0.55925	-57.8896	-58.4488
BLOCK06/SES063/SA063S09	SES068	-0.778168	-60.1512	-59.373
BLOCK06/SES063/SA063S09	SES083	-0.101589	-59.4746	-59.373
BLOCK06/SES063/SA063S09	SES177	0.24477	-59.1282	-59.373
BLOCK06/SES063/SA063S09	SES187	0.227493	-59.1455	-59.373
BLOCK06/SES063/SA063S10	SES068	-0.207279	-60.0723	-59.865
BLOCK06/SES063/SA063S10	SES083	0.0636902	-59.8013	-59.865
BLOCK06/SES063/SA063S10	SES172	0.597454	-59.2676	-59.865
BLOCK06/SES063/SA063S10	SES187	0.483181	-59.3819	-59.865
BLOCK06/SES063/SA063S20	SES068	-0.811829	-61.3011	-60.4893
BLOCK06/SES063/SA063S20	SES083	-0.270153	-60.7595	-60.4893
BLOCK06/SES063/SA063S20	SES172	0.0509453	-60.4384	-60.4893
BLOCK06/SES063/SA063S20	SES187	0.965797	-59.5235	-60.4893
BLOCK06/SES063/SA063S24	SES029	-0.407536	-59.2384	-58.8308
BLOCK06/SES063/SA063S24	SES083	0.0992737	-58.7316	-58.8308
BLOCK06/SES063/SA063S24	SES177	0.401917	-58.4289	-58.8308
BLOCK06/SES063/SA063S24	SES189	-0.469208	-59.3	-58.8308
BLOCK06/SES063/SA063S27	SES083	0.198433	-60.2043	-60.4027
BLOCK06/SES063/SA063S27	SES172	0.584896	-59.8178	-60.4027
BLOCK06/SES063/SA063S27	SES187	0.267376	-60.1353	-60.4027
BLOCK06/SES063/SA063S27	SES292	-0.240456	-60.6431	-60.4027
BLOCK06/SES067/SA067S12	SES083	-0.61533	-60.5894	-59.974
BLOCK06/SES067/SA067S12	SES172	-1.51828	-61.4923	-59.974
BLOCK06/SES067/SA067S12	SES202	0.595631	-59.3784	-59.974
BLOCK06/SES067/SA067S12	SES292	-1.25922	-61.2333	-59.974
BLOCK06/SES067/SA067S14	SES085	-0.505703	-59.9093	-59.4036
BLOCK06/SES067/SA067S14	SES177	-0.81633	-60.2199	-59.4036
BLOCK06/SES067/SA067S14	SES183	-0.375496	-59.7791	-59.4036
BLOCK06/SES067/SA067S14	SES202	0.185509	-59.2181	-59.4036
BLOCK06/SES067/SA067S21	SES144	-0.245953	-61.3173	-61.0714
BLOCK06/SES067/SA067S21	SES177	-0.178493	-61.2499	-61.0714
BLOCK06/SES067/SA067S21	SES183	-1.25883	-62.3302	-61.0714
BLOCK06/SES067/SA067S21	SES189	0.0952835	-60.9761	-61.0714
BLOCK06/SES067/SA067S25	SES085	0.075531	-60.3014	-60.377
BLOCK06/SES067/SA067S25	SES177	-0.0423088	-60.4193	-60.377
BLOCK06/SES067/SA067S25	SES183	-0.362789	-60.7398	-60.377
BLOCK06/SES067/SA067S25	SES202	0.67205	-59.7049	-60.377
BLOCK06/SES067/SA067S29	SES085	0.262032	-60.2638	-60.5259
BLOCK06/SES067/SA067S29	SES177	-0.209736	-60.7356	-60.5259
BLOCK06/SES067/SA067S29	SES183	-0.124886	-60.6507	-60.5259
BLOCK06/SES067/SA067S29	SES202	1.07973	-59.4461	-60.5259
BLOCK06/SES069/SA069S12	SES029	-0.858681	-59.9775	-59.1188
BLOCK06/SES069/SA069S12	SES082	0.0233955	-59.0954	-59.1188
BLOCK06/SES069/SA069S12	SES087	-0.40081	-59.5196	-59.1188
BLOCK06/SES069/SA069S12	SES206	-0.351982	-59.4708	-59.1188
BLOCK06/SES069/SA069S13	SES029	-1.11219	-60.2401	-59.1279
BLOCK06/SES069/SA069S13	SES087	-0.597263	-59.7252	-59.1279
BLOCK06/SES069/SA069S13	SES206	-0.437511	-59.5654	-59.1279
BLOCK06/SES069/SA069S13	SES226	-0.477615	-59.6055	-59.1279
BLOCK06/SES069/SA069S23	SES029	-0.71365	-58.2519	-57.5382
BLOCK06/SES069/SA069S23	SES087	-0.821968	-58.3602	-57.5382
BLOCK06/SES069/SA069S23	SES206	-0.742496	-58.2807	-57.5382
BLOCK06/SES069/SA069S23	SES226	-0.603493	-58.1417	-57.5382
BLOCK06/SES069/SA069S25	SES087	-0.198914	-57.7377	-57.5388
BLOCK06/SES069/SA069S25	SES206	-0.525364	-58.0642	-57.5388
BLOCK06/SES069/SA069S25	SES226	-0.159935	-57.6987	-57.5388
BLOCK06/SES069/SA069S25	SES270	-0.235962	-57.7748	-57.5388
BLOCK06/SES069/SA069S27	SES087	-0.468945	-58.7821	-58.3132
BLOCK06/SES069/SA069S27	SES206	0.25721	-58.056	-58.3132
BLOCK06/SES069/SA069S27	SES226	0.251518	-58.0617	-58.3132
BLOCK06/SES069/SA069S27	SES270	0.0563431	-58.2568	-58.3132
BLOCK08/SES081/SA081S11	SES060	-0.505535	-61.4115	-60.906
BLOCK08/SES081/SA081S11	SES062	-1.75151	-62.6575	-60.906
BLOCK08/SES081/SA081S11	SES117	-1.17393	-62.0799	-60.906
BLOCK08/SES081/SA081S11	SES162	-0.196033	-61.102	-60.906
BLOCK08/SES081/SA081S13	SES016	-0.083065	-59.2229	-59.1398
BLOCK08/SES081/SA081S13	SES060	0.122726	-59.0171	-59.1398
BLOCK08/SES081/SA081S13	SES068	0.0499458	-59.0899	-59.1398
BLOCK08/SES081/SA081S13	SES129	-0.934589	-60.0744	-59.1398
BLOCK08/SES081/SA081S24	SES060	-0.19162	-60.2191	-60.0275
BLOCK08/SES081/SA081S24	SES068	-0.527134	-60.5546	-60.0275
BLOCK08/SES081/SA081S24	SES117	-0.940151	-60.9676	-60.0275
BLOCK08/SES081/SA081S24	SES275	-0.630783	-60.6583	-60.0275
BLOCK08/SES081/SA081S27	SES007	-0.292217	-60.4827	-60.1905
BLOCK08/SES081/SA081S27	SES060	0.020237	-60.1703	-60.1905
BLOCK08/SES081/SA081S27	SES117	-0.386749	-60.5773	-60.1905
BLOCK08/SES081/SA081S27	SES275	-0.378815	-60.5693	-60.1905
BLOCK08/SES081/SA081S29	SES007	-0.202278	-60.0719	-59.8697
BLOCK08/SES081/SA081S29	SES060	0.28904	-59.5806	-59.8697
BLOCK08/SES081/SA081S29	SES117	-0.378098	-60.2478	-59.8697
BLOCK08/SES081/SA081S29	SES275	-0.147018	-60.0167	-59.8697
BLOCK08/SES086/SA086S11	SES029	-1.77034	-61.6696	-59.8992
BLOCK08/SES086/SA086S11	SES082	0.482296	-59.4169	-59.8992
BLOCK08/SES086/SA086S11	SES087	0.0766792	-59.8225	-59.8992
BLOCK08/SES086/SA086S11	SES206	0.26239	-59.6368	-59.8992
BLOCK08/SES086/SA086S12	SES029	-1.56456	-60.8735	-59.3089
BLOCK08/SES086/SA086S12	SES082	0.495506	-58.8134	-59.3089
BLOCK08/SES086/SA086S12	SES087	0.63483	-58.6741	-59.3089
BLOCK08/SES086/SA086S12	SES206	0.461742	-58.8472	-59.3089
BLOCK08/SES086/SA086S20	SES029	-1.38372	-60.1557	-58.772
BLOCK08/SES086/SA086S20	SES082	0.348217	-58.4238	-58.772
BLOCK08/SES086/SA086S20	SES087	0.612881	-58.1591	-58.772
BLOCK08/SES086/SA086S20	SES206	0.935909	-57.8361	-58.772
BLOCK08/SES086/SA086S24	SES087	0.604427	-59.0102	-59.6146
BLOCK08/SES086/SA086S24	SES104	0.509514	-59.1051	-59.6146
BLOCK08/SES086/SA086S24	SES120	-1.36317	-60.9778	-59.6146
BLOCK08/SES086/SA086S24	SES206	1.11856	-58.496	-59.6146
BLOCK08/SES086/SA086S28	SES029	-1.40602	-59.9931	-58.587
BLOCK08/SES086/SA086S28	SES082	0.396641	-58.1904	-58.587
BLOCK08/SES086/SA086S28	SES087	0.546188	-58.0408	-58.587
BLOCK08/SES086/SA086S28	SES206	0.658455	-57.9286	-58.587
BLOCK08/SES089/SA089S13	SES087	-0.602749	-59.2659	-58.6631
BLOCK08/SES089/SA089S13	SES206	-0.663841	-59.3269	-58.6631
BLOCK08/SES089/SA089S13	SES226	-0.303802	-58.9669	-58.6631
BLOCK08/SES089/SA089S13	SES270	-0.496822	-59.1599	-58.6631
BLOCK08/SES089/SA089S14	SES062	-0.95451	-59.0879	-58.1334
BLOCK08/SES089/SA089S14	SES087	0.273346	-57.8601	-58.1334
BLOCK08/SES089/SA089S14	SES206	-0.0250893	-58.1585	-58.1334
BLOCK08/SES089/SA089S14	SES226	0.0890923	-58.0443	-58.1334
BLOCK08/SES089/SA089S23	SES087	-0.913967	-59.8561	-58.9421
BLOCK08/SES089/SA089S23	SES206	-0.881081	-59.8232	-58.9421
BLOCK08/SES089/SA089S23	SES226	-0.267467	-59.2096	-58.9421
BLOCK08/SES089/SA089S23	SES270	-0.754177	-59.6963	-58.9421
BLOCK08/SES089/SA089S25	SES062	-0.960167	-59.0884	-58.1283
BLOCK08/SES089/SA089S25	SES087	-0.228626	-58.3569	-58.1283
BLOCK08/SES089/SA089S25	SES206	-0.358246	-58.4865	-58.1283
BLOCK08/SES089/SA089S25	SES226	0.0716743	-58.0566	-58.1283
BLOCK08/SES089/SA089S28	SES062	-0.777153	-59.1418	-58.3646
BLOCK08/SES089/SA089S28	SES087	-0.260132	-58.6247	-58.3646
BLOCK08/SES089/SA089S28	SES206	-0.180157	-58.5448	-58.3646
BLOCK08/SES089/SA089S28	SES226	-0.0612717	-58.4259	-58.3646
BLOCK09/SES097/SA097S11	SES099	0.589493	-59.0612	-59.6507
BLOCK09/SES097/SA097S11	SES125	0.325638	-59.325	-59.6507
BLOCK09/SES097/SA097S11	SES206	-0.0381813	-59.6888	-59.6507
BLOCK09/SES097/SA097S11	SES226	-0.0105171	-59.6612	-59.6507
BLOCK09/SES097/SA097S14	SES062	-1.46329	-60.8744	-59.4111
BLOCK09/SES097/SA097S14	SES099	0.623814	-58.7873	-59.4111
BLOCK09/SES097/SA097S14	SES104	0.428459	-58.9827	-59.4111
BLOCK09/SES097/SA097S14	SES206	0.11483	-59.2963	-59.4111
BLOCK09/SES097/SA097S22	SES099	1.07003	-58.7385	-59.8085
BLOCK09/SES097/SA097S22	SES206	0.52158	-59.2869	-59.8085
BLOCK09/SES097/SA097S22	SES226	0.0613327	-59.7472	-59.8085
BLOCK09/SES097/SA097S22	SES270	0.93375	-58.8748	-59.8085
BLOCK09/SES097/SA097S26	SES099	0.722626	-57.9976	-58.7202
BLOCK09/SES097/SA097S26	SES120	-1.09927	-59.8195	-58.7202
BLOCK09/SES097/SA097S26	SES206	0.29681	-58.4234	-58.7202
BLOCK09/SES097/SA097S26	SES226	0.127228	-58.593	-58.7202
BLOCK09/SES097/SA097S28	SES099	0.1339	-58.8714	-59.0053
BLOCK09/SES097/SA097S28	SES120	-1.15471	-60.16	-59.0053
BLOCK09/SES097/SA097S28	SES206	-0.466812	-59.4721	-59.0053
BLOCK09/SES097/SA097S28	SES226	-0.197842	-59.2031	-59.0053
BLOCK09/SES098/SA098S11	SES127	-0.836308	-62.5387	-61.7024
BLOCK09/SES098/SA098S11	SES144	-0.265236	-61.9676	-61.7024
BLOCK09/SES098/SA098S11	SES147	0.0284615	-61.6739	-61.7024
BLOCK09/SES098/SA098S11	SES148	-0.72086	-62.4233	-61.7024
BLOCK09/SES098/SA098S12	SES127	-1.21694	-64.5147	-63.2977
BLOCK09/SES098/SA098S12	SES144	-0.262089	-63.5598	-63.2977
BLOCK09/SES098/SA098S12	SES147	0.159027	-63.1387	-63.2977
BLOCK09/SES098/SA098S12	SES189	0.42028	-62.8775	-63.2977
BLOCK09/SES098/SA098S20	SES127	-0.98473	-63.3284	-62.3437
BLOCK09/SES098/SA098S20	SES147	0.276569	-62.0671	-62.3437
BLOCK09/SES098/SA098S20	SES148	-0.778492	-63.1222	-62.3437
BLOCK09/SES098/SA098S20	SES292	-1.5649	-63.9086	-62.3437
BLOCK09/SES098/SA098S23	SES127	-0.383991	-61.5988	-61.2148
BLOCK09/SES098/SA098S23	SES147	0.0833397	-61.1315	-61.2148
BLOCK09/SES098/SA098S23	SES187	0.381729	-60.8331	-61.2148
BLOCK09/SES098/SA098S23	SES292	-1.0205	-62.2353	-61.2148
BLOCK09/SES098/SA098S27	SES127	-1.08249	-63.1307	-62.0482
BLOCK09/SES098/SA098S27	SES147	0.0353699	-62.0129	-62.0482
BLOCK09/SES098/SA098S27	SES148	-0.952232	-63.0005	-62.0482
BLOCK09/SES098/SA098S27	SES292	-1.45289	-63.5011	-62.0482
BLOCK10/SES102/SA102S13	SES101	-0.155491	-60.4747	-60.3192
BLOCK10/SES102/SA102S13	SES105	-0.662266	-60.9815	-60.3192
BLOCK10/SES102/SA102S13	SES120	-0.52702	-60.8463	-60.3192
BLOCK10/SES102/SA102S13	SES158	-3.75922	-64.0785	-60.3192
BLOCK10/SES102/SA102S14	SES007	0.245209	-59.5583	-59.8036
BLOCK10/SES102/SA102S14	SES101	0.136967	-59.6666	-59.8036
BLOCK10/SES102/SA102S14	SES105	-0.0266876	-59.8302	-59.8036
BLOCK10/SES102/SA102S14	SES147	-0.861729	-60.6653	-59.8036
BLOCK10/SES102/SA102S22	SES007	-0.012764	-58.8713	-58.8585
BLOCK10/SES102/SA102S22	SES101	-0.0798874	-58.9384	-58.8585
BLOCK10/SES102/SA102S22	SES105	-0.309582	-59.1681	-58.8585
BLOCK10/SES102/SA102S22	SES158	-2.00449	-60.863	-58.8585
BLOCK10/SES102/SA102S25	SES007	-0.150623	-59.0671	-58.9164
BLOCK10/SES102/SA102S25	SES101	0.0217628	-58.8947	-58.9164
BLOCK10/SES102/SA102S25	SES105	-0.215725	-59.1322	-58.9164
BLOCK10/SES102/SA102S25	SES147	-0.71212	-59.6286	-58.9164
BLOCK10/SES102/SA102S27	SES007	-0.114513	-60.1241	-60.0096
BLOCK10/SES102/SA102S27	SES101	-0.191788	-60.2014	-60.0096
BLOCK10/SES102/SA102S27	SES105	-0.12027	-60.1299	-60.0096
BLOCK10/SES102/SA102S27	SES147	-0.707989	-60.7176	-60.0096
BLOCK10/SES103/SA103S14	SES105	-0.988773	-60.1985	-59.2097
BLOCK10/SES103/SA103S14	SES106	-0.00245285	-59.2122	-59.2097
BLOCK10/SES103/SA103S14	SES120	-1.26235	-60.4721	-59.2097
BLOCK10/SES103/SA103S14	SES206	-0.130894	-59.3406	-59.2097
BLOCK10/SES103/SA103S15	SES099	0.108128	-59.7455	-59.8536
BLOCK10/SES103/SA103S15	SES101	-1.98956	-61.8432	-59.8536
BLOCK10/SES103/SA103S15	SES104	0.387447	-59.4662	-59.8536
BLOCK10/SES103/SA103S15	SES125	-0.158768	-60.0124	-59.8536
BLOCK10/SES103/SA103S24	SES104	0.0170898	-58.8808	-58.8979
BLOCK10/SES103/SA103S24	SES125	-0.440239	-59.3381	-58.8979
BLOCK10/SES103/SA103S24	SES148	-1.26714	-60.165	-58.8979
BLOCK10/SES103/SA103S24	SES158	0.217358	-58.6805	-58.8979
BLOCK10/SES103/SA103S26	SES104	-0.540115	-60.1875	-59.6474
BLOCK10/SES103/SA103S26	SES106	-0.165794	-59.8132	-59.6474
BLOCK10/SES103/SA103S26	SES125	-0.90131	-60.5487	-59.6474
BLOCK10/SES103/SA103S26	SES148	-1.19992	-60.8473	-59.6474
BLOCK10/SES103/SA103S28	SES104	-0.590034	-61.557	-60.9669
BLOCK10/SES103/SA103S28	SES106	-0.136814	-61.1037	-60.9669
BLOCK10/SES103/SA103S28	SES125	-1.15807	-62.125	-60.9669
BLOCK10/SES103/SA103S28	SES206	-1.34671	-62.3136	-60.9669
BLOCK12/SES121/SA121S12	SES042	-1.26288	-61.4075	-60.1446
BLOCK12/SES121/SA121S12	SES087	-0.405251	-60.5499	-60.1446
BLOCK12/SES121/SA121S12	SES105	-0.636166	-60.7808	-60.1446
BLOCK12/SES121/SA121S12	SES206	-0.0702515	-60.2149	-60.1446
BLOCK12/SES121/SA121S14	SES007	-1.09597	-61.5417	-60.4458
BLOCK12/SES121/SA121S14	SES105	-1.09457	-61.5403	-60.4458
BLOCK12/SES121/SA121S14	SES106	0.136467	-60.3093	-60.4458
BLOCK12/SES121/SA121S14	SES206	-0.130108	-60.5759	-60.4458
BLOCK12/SES121/SA121S23	SES105	-0.861233	-62.072	-61.2108
BLOCK12/SES121/SA121S23	SES106	-0.0020256	-61.2128	-61.2108
BLOCK12/SES121/SA121S23	SES120	-1.14684	-62.3576	-61.2108
BLOCK12/SES121/SA121S23	SES206	-0.351269	-61.562	-61.2108
BLOCK12/SES121/SA121S25	SES007	-1.21269	-62.3885	-61.1758
BLOCK12/SES121/SA121S25	SES105	-1.13929	-62.3151	-61.1758
BLOCK12/SES121/SA121S25	SES106	0.260113	-60.9157	-61.1758
BLOCK12/SES121/SA121S25	SES206	0.0138664	-61.162	-61.1758
BLOCK12/SES121/SA121S27	SES087	-0.27232	-60.669	-60.3966
BLOCK12/SES121/SA121S27	SES105	-1.33292	-61.7296	-60.3966
BLOCK12/SES121/SA121S27	SES120	-1.11964	-61.5163	-60.3966
BLOCK12/SES121/SA121S27	SES206	0.0071907	-60.3894	-60.3966
BLOCK12/SES124/SA124S16	SES042	0.41798	-58.7469	-59.1649
BLOCK12/SES124/SA124S16	SES082	0.109562	-59.0553	-59.1649
BLOCK12/SES124/SA124S16	SES183	-1.36131	-60.5262	-59.1649
BLOCK12/SES124/SA124S16	SES206	0.135326	-59.0296	-59.1649
BLOCK12/SES124/SA124S17	SES105	-0.899525	-60.5827	-59.6832
BLOCK12/SES124/SA124S17	SES149	-0.0853462	-59.7685	-59.6832
BLOCK12/SES124/SA124S17	SES158	0.228638	-59.4545	-59.6832
BLOCK12/SES124/SA124S17	SES275	-1.24213	-60.9253	-59.6832
BLOCK12/SES124/SA124S23	SES105	-1.044	-58.6568	-57.6128
BLOCK12/SES124/SA124S23	SES125	0.498508	-57.1143	-57.6128
BLOCK12/SES124/SA124S23	SES129	-1.15318	-58.766	-57.6128
BLOCK12/SES124/SA124S23	SES158	0.159801	-57.453	-57.6128
BLOCK12/SES124/SA124S26	SES105	-1.39118	-60.4865	-59.0953
BLOCK12/SES124/SA124S26	SES125	0.887974	-58.2073	-59.0953
BLOCK12/SES124/SA124S26	SES129	-1.76558	-60.8609	-59.0953
BLOCK12/SES124/SA124S26	SES158	0.824738	-58.2705	-59.0953
BLOCK12/SES124/SA124S28	SES104	0.802502	-57.8534	-58.6559
BLOCK12/SES124/SA124S28	SES106	0.683636	-57.9723	-58.6559
BLOCK12/SES124/SA124S28	SES125	0.659061	-57.9968	-58.6559
BLOCK12/SES124/SA124S28	SES275	-1.29515	-59.9511	-58.6559
BLOCK12/SES126/SA126S13	SES007	-0.711605	-62.5426	-61.831
BLOCK12/SES126/SA126S13	SES162	0.198032	-61.633	-61.831
BLOCK12/SES126/SA126S13	SES177	0.430645	-61.4004	-61.831
BLOCK12/SES126/SA126S13	SES180	0.297348	-61.5337	-61.831
BLOCK12/SES126/SA126S14	SES144	-0.165234	-60.4477	-60.2824
BLOCK12/SES126/SA126S14	SES148	-0.320801	-60.6032	-60.2824
BLOCK12/SES126/SA126S14	SES177	0.384045	-59.8984	-60.2824
BLOCK12/SES126/SA126S14	SES180	0.553322	-59.7291	-60.2824
BLOCK12/SES126/SA126S20	SES007	-1.85409	-61.9809	-60.1268
BLOCK12/SES126/SA126S20	SES162	-0.894226	-61.021	-60.1268
BLOCK12/SES126/SA126S20	SES172	-2.62976	-62.7566	-60.1268
BLOCK12/SES126/SA126S20	SES180	-1.11742	-61.2442	-60.1268
BLOCK12/SES126/SA126S24	SES120	-0.824738	-61.5534	-60.7287
BLOCK12/SES126/SA126S24	SES162	0.184803	-60.5439	-60.7287
BLOCK12/SES126/SA126S24	SES177	0.128956	-60.5998	-60.7287
BLOCK12/SES126/SA126S24	SES180	0.786133	-59.9426	-60.7287
BLOCK12/SES126/SA126S26	SES120	0.0265884	-61.1882	-61.2148
BLOCK12/SES126/SA126S26	SES177	0.303024	-60.9118	-61.2148
BLOCK12/SES126/SA126S26	SES180	0.691071	-60.5237	-61.2148
BLOCK12/SES126/SA126S26	SES202	-0.644024	-61.8588	-61.2148
BLOCK12/SES128/SA128S10	SES087	-0.744812	-59.7043	-58.9595
BLOCK12/SES128/SA128S10	SES206	-0.270027	-59.2295	-58.9595
BLOCK12/SES128/SA128S10	SES226	0.29966	-58.6598	-58.9595
BLOCK12/SES128/SA128S10	SES270	0.0349007	-58.9246	-58.9595
BLOCK12/SES128/SA128S12	SES120	-0.829914	-60.0242	-59.1942
BLOCK12/SES128/SA128S12	SES158	-0.27813	-59.4724	-59.1942
BLOCK12/SES128/SA128S12	SES206	-0.021389	-59.2156	-59.1942
BLOCK12/SES128/SA128S12	SES226	0.34	-58.8542	-59.1942
BLOCK12/SES128/SA128S21	SES106	-1.14909	-61.442	-60.2929
BLOCK12/SES128/SA128S21	SES120	-0.555637	-60.8486	-60.2929
BLOCK12/SES128/SA128S21	SES206	-1.09422	-61.3871	-60.2929
BLOCK12/SES128/SA128S21	SES226	-0.743423	-61.0363	-60.2929
BLOCK12/SES128/SA128S24	SES087	-1.41523	-60.6145	-59.1993
BLOCK12/SES128/SA128S24	SES120	-0.666973	-59.8663	-59.1993
BLOCK12/SES128/SA128S24	SES206	-1.01674	-60.216	-59.1993
BLOCK12/SES128/SA128S24	SES226	-0.348297	-59.5476	-59.1993
BLOCK12/SES128/SA128S27	SES099	-0.613384	-58.9505	-58.3371
BLOCK12/SES128/SA128S27	SES120	-0.515362	-58.8524	-58.3371
BLOCK12/SES128/SA128S27	SES206	-0.587589	-58.9247	-58.3371
BLOCK12/SES128/SA128S27	SES226	-0.25856	-58.5956	-58.3371
BLOCK13/SES130/SA130S13	SES143	-0.434231	-61.39	-60.9557
BLOCK13/SES130/SA130S13	SES144	0.567802	-60.3879	-60.9557
BLOCK13/SES130/SA130S13	SES146	0.317009	-60.6387	-60.9557
BLOCK13/SES130/SA130S13	SES275	-0.50985	-61.4656	-60.9557
BLOCK13/SES130/SA130S15	SES143	-0.159988	-59.9051	-59.7451
BLOCK13/SES130/SA130S15	SES144	0.344097	-59.401	-59.7451
BLOCK13/SES130/SA130S15	SES146	0.145142	-59.6	-59.7451
BLOCK13/SES130/SA130S15	SES275	0.178242	-59.5669	-59.7451
BLOCK13/SES130/SA130S23	SES127	-0.21138	-60.7491	-60.5377
BLOCK13/SES130/SA130S23	SES144	-0.0587387	-60.5965	-60.5377
BLOCK13/SES130/SA130S23	SES146	-0.0107651	-60.5485	-60.5377
BLOCK13/SES130/SA130S23	SES162	-0.290836	-60.8286	-60.5377
BLOCK13/SES130/SA130S25	SES127	-0.342548	-60.0664	-59.7239
BLOCK13/SES130/SA130S25	SES144	0.437038	-59.2868	-59.7239
BLOCK13/SES130/SA130S25	SES146	0.703491	-59.0204	-59.7239
BLOCK13/SES130/SA130S25	SES275	0.133636	-59.5902	-59.7239
BLOCK13/SES130/SA130S28	SES127	0.00945282	-59.8133	-59.8227
BLOCK13/SES130/SA130S28	SES144	0.222763	-59.6	-59.8227
BLOCK13/SES130/SA130S28	SES146	0.0584755	-59.7643	-59.8227
BLOCK13/SES130/SA130S28	SES275	0.453442	-59.3693	-59.8227
BLOCK13/SES131/SA131S13	SES002	-0.0484009	-60.7358	-60.6874
BLOCK13/SES131/SA131S13	SES007	-1.38417	-62.0715	-60.6874
BLOCK13/SES131/SA131S13	SES099	-0.362671	-61.05	-60.6874
BLOCK13/SES131/SA131S13	SES105	-1.19445	-61.8818	-60.6874
BLOCK13/SES131/SA131S14	SES104	-0.0786171	-59.4358	-59.3571
BLOCK13/SES131/SA131S14	SES106	0.348854	-59.0083	-59.3571
BLOCK13/SES131/SA131S14	SES125	-0.632545	-59.9897	-59.3571
BLOCK13/SES131/SA131S14	SES148	-1.12531	-60.4825	-59.3571
BLOCK13/SES131/SA131S20	SES104	-0.227928	-60.6204	-60.3925
BLOCK13/SES131/SA131S20	SES106	0.515301	-59.8772	-60.3925
BLOCK13/SES131/SA131S20	SES125	-0.284313	-60.6768	-60.3925
BLOCK13/SES131/SA131S20	SES148	-1.3628	-61.7553	-60.3925
BLOCK13/SES131/SA131S22	SES099	0.185715	-59.3389	-59.5246
BLOCK13/SES131/SA131S22	SES104	0.321926	-59.2027	-59.5246
BLOCK13/SES131/SA131S22	SES125	-0.149738	-59.6744	-59.5246
BLOCK13/SES131/SA131S22	SES206	-0.226871	-59.7515	-59.5246
BLOCK13/SES131/SA131S29	SES087	0.115063	-60.1256	-60.2407
BLOCK13/SES131/SA131S29	SES104	-0.0108643	-60.2515	-60.2407
BLOCK13/SES131/SA131S29	SES125	-0.101448	-60.3421	-60.2407
BLOCK13/SES131/SA131S29	SES206	0.0113258	-60.2293	-60.2407
BLOCK13/SES132/SA132S11	SES083	-0.196526	-59.054	-58.8575
BLOCK13/SES132/SA132S11	SES120	0.205059	-58.6524	-58.8575
BLOCK13/SES132/SA132S11	SES127	-0.0115929	-58.8691	-58.8575
BLOCK13/SES132/SA132S11	SES275	-0.113449	-58.9709	-58.8575
BLOCK13/SES132/SA132S12	SES083	-0.530102	-59.4512	-58.9211
BLOCK13/SES132/SA132S12	SES143	-0.00202942	-58.9231	-58.9211
BLOCK13/SES132/SA132S12	SES144	0.025116	-58.8959	-58.9211
BLOCK13/SES132/SA132S12	SES148	-0.0734406	-58.9945	-58.9211
BLOCK13/SES132/SA132S22	SES062	-0.037056	-58.9162	-58.8791
BLOCK13/SES132/SA132S22	SES083	-0.108334	-58.9875	-58.8791
BLOCK13/SES132/SA132S22	SES127	-0.142818	-59.022	-58.8791
BLOCK13/SES132/SA132S22	SES275	0.1922	-58.6869	-58.8791
BLOCK13/SES132/SA132S24	SES007	-0.380306	-59.4508	-59.0705
BLOCK13/SES132/SA132S24	SES083	-0.232178	-59.3026	-59.0705
BLOCK13/SES132/SA132S24	SES127	-0.636173	-59.7066	-59.0705
BLOCK13/SES132/SA132S24	SES275	-0.440697	-59.5112	-59.0705
BLOCK13/SES132/SA132S27	SES083	-0.664501	-60.4781	-59.8136
BLOCK13/SES132/SA132S27	SES120	-0.0461693	-59.8598	-59.8136
BLOCK13/SES132/SA132S27	SES127	-0.7673	-60.5809	-59.8136
BLOCK13/SES132/SA132S27	SES275	-0.242691	-60.0563	-59.8136
BLOCK14/SES141/SA141S09	SES143	0.212063	-60.2121	-60.4242
BLOCK14/SES141/SA141S09	SES144	-0.31683	-60.741	-60.4242
BLOCK14/SES141/SA141S09	SES162	-0.0142326	-60.4384	-60.4242
BLOCK14/SES141/SA141S09	SES180	0.07444	-60.3498	-60.4242
BLOCK14/SES141/SA141S15	SES127	-0.169231	-60.0373	-59.8681
BLOCK14/SES141/SA141S15	SES144	0.0583267	-59.8098	-59.8681
BLOCK14/SES141/SA141S15	SES162	0.143238	-59.7249	-59.8681
BLOCK14/SES141/SA141S15	SES180	0.30928	-59.5588	-59.8681
BLOCK14/SES141/SA141S24	SES127	0.11533	-59.9456	-60.061
BLOCK14/SES141/SA141S24	SES144	-0.0109291	-60.0719	-60.061
BLOCK14/SES141/SA141S24	SES162	0.382866	-59.6781	-60.061
BLOCK14/SES141/SA141S24	SES183	-0.398705	-60.4597	-60.061
BLOCK14/SES141/SA141S26	SES142	0.79237	-60.088	-60.8803
BLOCK14/SES141/SA141S26	SES144	0.114971	-60.7654	-60.8803
BLOCK14/SES141/SA141S26	SES172	-0.35659	-61.2369	-60.8803
BLOCK14/SES141/SA141S26	SES180	0.767555	-60.1128	-60.8803
BLOCK14/SES141/SA141S29	SES127	0.102966	-60.2172	-60.3202
BLOCK14/SES141/SA141S29	SES142	0.658791	-59.6614	-60.3202
BLOCK14/SES141/SA141S29	SES144	-0.00862885	-60.3288	-60.3202
BLOCK14/SES141/SA141S29	SES180	0.941311	-59.3789	-60.3202
BLOCK15/SES157/SA157S08	SES083	-0.168678	-59.4147	-59.246
BLOCK15/SES157/SA157S08	SES127	-0.653744	-59.8997	-59.246
BLOCK15/SES157/SA157S08	SES148	0.0582542	-59.1877	-59.246
BLOCK15/SES157/SA157S08	SES292	-0.100765	-59.3468	-59.246
BLOCK15/SES157/SA157S11	SES083	-0.437611	-59.9089	-59.4713
BLOCK15/SES157/SA157S11	SES127	-0.988239	-60.4595	-59.4713
BLOCK15/SES157/SA157S11	SES148	-0.119671	-59.5909	-59.4713
BLOCK15/SES157/SA157S11	SES292	-0.604221	-60.0755	-59.4713
BLOCK15/SES157/SA157S21	SES127	-0.668655	-60.1597	-59.491
BLOCK15/SES157/SA157S21	SES148	-0.0740166	-59.5651	-59.491
BLOCK15/SES157/SA157S21	SES158	-2.14851	-61.6396	-59.491
BLOCK15/SES157/SA157S21	SES292	0.0930481	-59.398	-59.491
BLOCK15/SES157/SA157S24	SES127	-0.49218	-59.2495	-58.7573
BLOCK15/SES157/SA157S24	SES148	0.113186	-58.6441	-58.7573
BLOCK15/SES157/SA157S24	SES183	0.0636444	-58.6937	-58.7573
BLOCK15/SES157/SA157S24	SES292	0.191082	-58.5662	-58.7573
BLOCK15/SES157/SA157S26	SES007	-0.0367546	-59.3671	-59.3304
BLOCK15/SES157/SA157S26	SES127	-0.0527077	-59.3831	-59.3304
BLOCK15/SES157/SA157S26	SES147	-1.05144	-60.3818	-59.3304
BLOCK15/SES157/SA157S26	SES148	-0.00634766	-59.3367	-59.3304
BLOCK16/SES161/SA161S10	SES007	-1.27616	-60.905	-59.6289
BLOCK16/SES161/SA161S10	SES105	-0.830292	-60.4592	-59.6289
BLOCK16/SES161/SA161S10	SES158	-0.869419	-60.4983	-59.6289
BLOCK16/SES161/SA161S10	SES275	-0.803543	-60.4324	-59.6289
BLOCK16/SES161/SA161S12	SES007	-0.878925	-60.0845	-59.2056
BLOCK16/SES161/SA161S12	SES105	-0.84734	-60.0529	-59.2056
BLOCK16/SES161/SA161S12	SES158	-0.419334	-59.6249	-59.2056
BLOCK16/SES161/SA161S12	SES275	-0.842884	-60.0485	-59.2056
BLOCK16/SES161/SA161S20	SES007	-1.05231	-61.4022	-60.3499
BLOCK16/SES161/SA161S20	SES105	-0.826336	-61.1763	-60.3499
BLOCK16/SES161/SA161S20	SES158	-0.588215	-60.9381	-60.3499
BLOCK16/SES161/SA161S20	SES275	-0.798843	-61.1488	-60.3499
BLOCK16/SES161/SA161S23	SES007	-0.976879	-60.2384	-59.2616
BLOCK16/SES161/SA161S23	SES105	-0.6567	-59.9183	-59.2616
BLOCK16/SES161/SA161S23	SES148	-0.782642	-60.0442	-59.2616
BLOCK16/SES161/SA161S23	SES158	-0.640373	-59.9019	-59.2616
BLOCK16/SES161/SA161S28	SES007	-1.25706	-60.6627	-59.4056
BLOCK16/SES161/SA161S28	SES105	-1.01135	-60.417	-59.4056
BLOCK16/SES161/SA161S28	SES158	-0.299145	-59.7048	-59.4056
BLOCK16/SES161/SA161S28	SES206	-0.80854	-60.2142	-59.4056
BLOCK16/SES164/SA164S11	SES104	0.354321	-58.5027	-58.857
BLOCK16/SES164/SA164S11	SES125	0.170624	-58.6864	-58.857
BLOCK16/SES164/SA164S11	SES158	0.897747	-57.9593	-58.857
BLOCK16/SES164/SA164S11	SES206	-0.225555	-59.0826	-58.857
BLOCK16/SES164/SA164S13	SES099	0.0476952	-60.2695	-60.3172
BLOCK16/SES164/SA164S13	SES104	0.111523	-60.2057	-60.3172
BLOCK16/SES164/SA164S13	SES125	-0.366936	-60.6841	-60.3172
BLOCK16/SES164/SA164S13	SES206	-0.304813	-60.622	-60.3172
BLOCK16/SES164/SA164S24	SES002	1.12007	-58.8882	-60.0083
BLOCK16/SES164/SA164S24	SES099	0.333538	-59.6747	-60.0083
BLOCK16/SES164/SA164S24	SES125	0.114277	-59.894	-60.0083
BLOCK16/SES164/SA164S24	SES226	0.591656	-59.4166	-60.0083
BLOCK16/SES164/SA164S27	SES087	-0.37999	-60.2418	-59.8618
BLOCK16/SES164/SA164S27	SES125	-0.099678	-59.9615	-59.8618
BLOCK16/SES164/SA164S27	SES206	-0.406708	-60.2685	-59.8618
BLOCK16/SES164/SA164S27	SES226	0.431072	-59.4307	-59.8618
BLOCK16/SES164/SA164S29	SES002	0.387341	-59.1015	-59.4888
BLOCK16/SES164/SA164S29	SES019	-0.233612	-59.7225	-59.4888
BLOCK16/SES164/SA164S29	SES125	-0.0885468	-59.5774	-59.4888
BLOCK16/SES164/SA164S29	SES226	0.189777	-59.2991	-59.4888
BLOCK16/SES169/SA169S13	SES117	-0.386551	-59.984	-59.5975
BLOCK16/SES169/SA169S13	SES144	0.0379295	-59.5596	-59.5975
BLOCK16/SES169/SA169S13	SES146	0.0707169	-59.5268	-59.5975
BLOCK16/SES169/SA169S13	SES162	-0.536301	-60.1338	-59.5975
BLOCK16/SES169/SA169S14	SES144	-0.0902596	-59.0506	-58.9604
BLOCK16/SES169/SA169S14	SES148	0.12352	-58.8368	-58.9604
BLOCK16/SES169/SA169S14	SES177	-0.258484	-59.2188	-58.9604
BLOCK16/SES169/SA169S14	SES180	-0.699203	-59.6596	-58.9604
BLOCK16/SES169/SA169S24	SES117	-0.51886	-60.8975	-60.3786
BLOCK16/SES169/SA169S24	SES144	0.0171394	-60.3615	-60.3786
BLOCK16/SES169/SA169S24	SES146	0.109985	-60.2686	-60.3786
BLOCK16/SES169/SA169S24	SES162	-0.100494	-60.4791	-60.3786
BLOCK16/SES169/SA169S27	SES127	-0.296074	-59.8686	-59.5725
BLOCK16/SES169/SA169S27	SES129	-0.150749	-59.7233	-59.5725
BLOCK16/SES169/SA169S27	SES144	-0.053688	-59.6262	-59.5725
BLOCK16/SES169/SA169S27	SES146	0.368019	-59.2045	-59.5725
BLOCK16/SES169/SA169S29	SES144	0.053978	-58.7813	-58.8352
BLOCK16/SES169/SA169S29	SES162	-0.323074	-59.1583	-58.8352
BLOCK16/SES169/SA169S29	SES177	-0.762264	-59.5975	-58.8352
BLOCK16/SES169/SA169S29	SES180	-0.591526	-59.4268	-58.8352
BLOCK17/SES171/SA171S12	SES083	-0.528675	-60.4697	-59.941
BLOCK17/SES171/SA171S12	SES148	-0.156071	-60.0971	-59.941
BLOCK17/SES171/SA171S12	SES172	-0.812691	-60.7537	-59.941
BLOCK17/SES171/SA171S12	SES292	-0.619755	-60.5608	-59.941
BLOCK17/SES171/SA171S15	SES148	-0.395061	-61.3265	-60.9314
BLOCK17/SES171/SA171S15	SES177	-0.738167	-61.6696	-60.9314
BLOCK17/SES171/SA171S15	SES180	-1.55031	-62.4817	-60.9314
BLOCK17/SES171/SA171S15	SES292	-1.69833	-62.6297	-60.9314
BLOCK17/SES171/SA171S22	SES007	-1.28524	-60.7154	-59.4301
BLOCK17/SES171/SA171S22	SES148	-0.232304	-59.6624	-59.4301
BLOCK17/SES171/SA171S22	SES177	-0.647926	-60.078	-59.4301
BLOCK17/SES171/SA171S22	SES180	-0.759624	-60.1897	-59.4301
BLOCK17/SES171/SA171S25	SES101	-1.29105	-63.1319	-61.8409
BLOCK17/SES171/SA171S25	SES120	-2.14676	-63.9876	-61.8409
BLOCK17/SES171/SA171S25	SES177	-0.334862	-62.1757	-61.8409
BLOCK17/SES171/SA171S25	SES180	-0.993839	-62.8347	-61.8409
BLOCK17/SES171/SA171S27	SES177	-0.104053	-60.4651	-60.361
BLOCK17/SES171/SA171S27	SES180	-0.7034	-61.0644	-60.361
BLOCK17/SES171/SA171S27	SES189	-0.442829	-60.8038	-60.361
BLOCK17/SES171/SA171S27	SES292	-0.847996	-61.209	-60.361
BLOCK17/SES173/SA173S13	SES162	-0.652622	-62.4348	-61.7822
BLOCK17/SES173/SA173S13	SES177	-0.474697	-62.2569	-61.7822
BLOCK17/SES173/SA173S13	SES180	-0.57711	-62.3593	-61.7822
BLOCK17/SES173/SA173S13	SES292	-2.3452	-64.1274	-61.7822
BLOCK17/SES173/SA173S14	SES007	-2.64935	-64.9678	-62.3185
BLOCK17/SES173/SA173S14	SES162	-0.551781	-62.8703	-62.3185
BLOCK17/SES173/SA173S14	SES177	-0.305176	-62.6237	-62.3185
BLOCK17/SES173/SA173S14	SES180	-0.465137	-62.7836	-62.3185
BLOCK17/SES173/SA173S24	SES144	-0.0421753	-63.2159	-63.1737
BLOCK17/SES173/SA173S24	SES162	-0.641407	-63.8151	-63.1737
BLOCK17/SES173/SA173S24	SES177	-0.650478	-63.8242	-63.1737
BLOCK17/SES173/SA173S24	SES180	-0.564735	-63.7384	-63.1737
BLOCK17/SES173/SA173S27	SES162	-0.81176	-62.628	-61.8163
BLOCK17/SES173/SA173S27	SES177	-0.450821	-62.2671	-61.8163
BLOCK17/SES173/SA173S27	SES180	-0.566708	-62.383	-61.8163
BLOCK17/SES173/SA173S27	SES292	-2.37104	-64.1873	-61.8163
BLOCK17/SES173/SA173S29	SES162	-0.629246	-63.1198	-62.4906
BLOCK17/SES173/SA173S29	SES175	0.0289116	-62.4617	-62.4906
BLOCK17/SES173/SA173S29	SES177	-0.637844	-63.1284	-62.4906
BLOCK17/SES173/SA173S29	SES292	-2.44568	-64.9362	-62.4906
BLOCK18/SES182/SA182S10	SES144	-0.0444145	-59.3252	-59.2808
BLOCK18/SES182/SA182S10	SES177	-0.395607	-59.6764	-59.2808
BLOCK18/SES182/SA182S10	SES180	-0.602177	-59.8829	-59.2808
BLOCK18/SES182/SA182S10	SES275	-0.458889	-59.7397	-59.2808
BLOCK18/SES182/SA182S12	SES144	-0.194168	-59.4642	-59.2701
BLOCK18/SES182/SA182S12	SES177	-0.434113	-59.7042	-59.2701
BLOCK18/SES182/SA182S12	SES180	-0.580746	-59.8508	-59.2701
BLOCK18/SES182/SA182S12	SES275	-0.888184	-60.1583	-59.2701
BLOCK18/SES182/SA182S21	SES117	-0.0720329	-61.1027	-61.0306
BLOCK18/SES182/SA182S21	SES144	-0.201511	-61.2321	-61.0306
BLOCK18/SES182/SA182S21	SES162	0.333939	-60.6967	-61.0306
BLOCK18/SES182/SA182S21	SES180	0.638081	-60.3926	-61.0306
BLOCK18/SES182/SA182S23	SES117	-0.136173	-60.1576	-60.0215
BLOCK18/SES182/SA182S23	SES144	-0.364857	-60.3863	-60.0215
BLOCK18/SES182/SA182S23	SES180	-0.392624	-60.4141	-60.0215
BLOCK18/SES182/SA182S23	SES275	-0.410854	-60.4323	-60.0215
BLOCK18/SES182/SA182S25	SES007	-0.227512	-60.9685	-60.7409
BLOCK18/SES182/SA182S25	SES162	0.374809	-60.3661	-60.7409
BLOCK18/SES182/SA182S25	SES177	0.302853	-60.4381	-60.7409
BLOCK18/SES182/SA182S25	SES180	0.380676	-60.3603	-60.7409
BLOCK18/SES184/SA184S12	SES177	0.203007	-59.9161	-60.1191
BLOCK18/SES184/SA184S12	SES180	-0.248188	-60.3672	-60.1191
BLOCK18/SES184/SA184S12	SES189	-1.00152	-61.1206	-60.1191
BLOCK18/SES184/SA184S12	SES292	-0.336136	-60.4552	-60.1191
BLOCK18/SES184/SA184S13	SES101	-0.373363	-60.7744	-60.4011
BLOCK18/SES184/SA184S13	SES177	-0.253769	-60.6548	-60.4011
BLOCK18/SES184/SA184S13	SES180	-0.390491	-60.7915	-60.4011
BLOCK18/SES184/SA184S13	SES292	-0.0857849	-60.4868	-60.4011
BLOCK18/SES184/SA184S22	SES177	0.00567245	-60.3979	-60.4036
BLOCK18/SES184/SA184S22	SES180	0.279831	-60.1238	-60.4036
BLOCK18/SES184/SA184S22	SES189	-0.933392	-61.337	-60.4036
BLOCK18/SES184/SA184S22	SES292	-0.321808	-60.7254	-60.4036
BLOCK18/SES184/SA184S25	SES101	0.0954666	-59.3725	-59.468
BLOCK18/SES184/SA184S25	SES177	-0.0845947	-59.5525	-59.468
BLOCK18/SES184/SA184S25	SES180	-0.314205	-59.7822	-59.468
BLOCK18/SES184/SA184S25	SES292	0.153847	-59.3141	-59.468
BLOCK18/SES184/SA184S27	SES083	-0.203667	-59.9938	-59.7902
BLOCK18/SES184/SA184S27	SES177	-0.569294	-60.3595	-59.7902
BLOCK18/SES184/SA184S27	SES202	-1.74114	-61.5313	-59.7902
BLOCK18/SES184/SA184S27	SES292	-0.477596	-60.2678	-59.7902
BLOCK20/SES204/SA204S12	SES062	-1.41111	-60.198	-58.7869
BLOCK20/SES204/SA204S12	SES083	-1.36301	-60.1499	-58.7869
BLOCK20/SES204/SA204S12	SES206	0.029705	-58.7572	-58.7869
BLOCK20/SES204/SA204S12	SES226	-0.185257	-58.9722	-58.7869
BLOCK20/SES204/SA204S14	SES068	-1.437	-59.2888	-57.8518
BLOCK20/SES204/SA204S14	SES087	0.0996742	-57.7521	-57.8518
BLOCK20/SES204/SA204S14	SES206	-0.267876	-58.1197	-57.8518
BLOCK20/SES204/SA204S14	SES226	-0.249851	-58.1017	-57.8518
BLOCK20/SES204/SA204S22	SES068	-1.49706	-60.6051	-59.108
BLOCK20/SES204/SA204S22	SES082	-0.459259	-59.5673	-59.108
BLOCK20/SES204/SA204S22	SES083	-1.4684	-60.5764	-59.108
BLOCK20/SES204/SA204S22	SES206	0.044342	-59.0637	-59.108
BLOCK20/SES204/SA204S25	SES062	-1.49712	-60.4592	-58.9621
BLOCK20/SES204/SA204S25	SES083	-1.44526	-60.4074	-58.9621
BLOCK20/SES204/SA204S25	SES206	-0.0933228	-59.0555	-58.9621
BLOCK20/SES204/SA204S25	SES226	0.0521088	-58.91	-58.9621
BLOCK20/SES204/SA204S27	SES068	-1.77422	-60.7486	-58.9744
BLOCK20/SES204/SA204S27	SES082	-0.0376625	-59.012	-58.9744
BLOCK20/SES204/SA204S27	SES087	0.283943	-58.6904	-58.9744
BLOCK20/SES204/SA204S27	SES206	0.0829697	-58.8914	-58.9744
BLOCK20/SES207/SA207S10	SES127	-0.912014	-60.9847	-60.0727
BLOCK20/SES207/SA207S10	SES183	-0.477459	-60.5501	-60.0727
BLOCK20/SES207/SA207S10	SES189	-0.668304	-60.741	-60.0727
BLOCK20/SES207/SA207S10	SES292	-0.699055	-60.7717	-60.0727
BLOCK20/SES207/SA207S11	SES127	-1.20089	-61.4417	-60.2408
BLOCK20/SES207/SA207S11	SES183	-0.124371	-60.3652	-60.2408
BLOCK20/SES207/SA207S11	SES187	-0.330875	-60.5717	-60.2408
BLOCK20/SES207/SA207S11	SES292	-0.690548	-60.9314	-60.2408
BLOCK20/SES207/SA207S25	SES068	-0.186775	-60.8094	-60.6226
BLOCK20/SES207/SA207S25	SES083	-0.388496	-61.0111	-60.6226
BLOCK20/SES207/SA207S25	SES127	-0.0499611	-60.6726	-60.6226
BLOCK20/SES207/SA207S25	SES187	0.0479355	-60.5747	-60.6226
BLOCK20/SES207/SA207S27	SES127	-0.553139	-61.3553	-60.8022
BLOCK20/SES207/SA207S27	SES183	0.165741	-60.6364	-60.8022
BLOCK20/SES207/SA207S27	SES187	-0.0515862	-60.8537	-60.8022
BLOCK20/SES207/SA207S27	SES292	-0.388573	-61.1907	-60.8022
BLOCK20/SES207/SA207S29	SES083	-0.434334	-60.8445	-60.4102
BLOCK20/SES207/SA207S29	SES085	-0.072319	-60.4825	-60.4102
BLOCK20/SES207/SA207S29	SES172	-1.12222	-61.5324	-60.4102
BLOCK20/SES207/SA207S29	SES189	-0.562988	-60.9732	-60.4102
BLOCK22/SES221/SA221S12	SES068	-0.870499	-62.144	-61.2735
BLOCK22/SES221/SA221S12	SES143	0.33828	-60.9352	-61.2735
BLOCK22/SES221/SA221S12	SES175	0.831993	-60.4415	-61.2735
BLOCK22/SES221/SA221S12	SES202	0.89529	-60.3782	-61.2735
BLOCK22/SES221/SA221S15	SES085	-1.01711	-63.4195	-62.4024
BLOCK22/SES221/SA221S15	SES143	0.0157967	-62.3866	-62.4024
BLOCK22/SES221/SA221S15	SES175	-0.31636	-62.7188	-62.4024
BLOCK22/SES221/SA221S15	SES187	0.377083	-62.0253	-62.4024
BLOCK22/SES221/SA221S23	SES068	-1.04637	-62.562	-61.5156
BLOCK22/SES221/SA221S23	SES143	0.0106468	-61.5049	-61.5156
BLOCK22/SES221/SA221S23	SES175	0.581429	-60.9342	-61.5156
BLOCK22/SES221/SA221S23	SES189	0.777191	-60.7384	-61.5156
BLOCK22/SES221/SA221S27	SES085	-0.600525	-62.3167	-61.7162
BLOCK22/SES221/SA221S27	SES143	0.176544	-61.5396	-61.7162
BLOCK22/SES221/SA221S27	SES175	-0.670326	-62.3865	-61.7162
BLOCK22/SES221/SA221S27	SES189	1.24897	-60.4672	-61.7162
BLOCK22/SES221/SA221S29	SES085	-0.957275	-64.019	-63.0617
BLOCK22/SES221/SA221S29	SES143	-0.00149536	-63.0632	-63.0617
BLOCK22/SES221/SA221S29	SES175	-0.614429	-63.6761	-63.0617
BLOCK22/SES221/SA221S29	SES187	0.568176	-62.4935	-63.0617
BLOCK22/SES223/SA223S11	SES143	0.260857	-61.9918	-62.2527
BLOCK22/SES223/SA223S11	SES144	-0.847813	-63.1005	-62.2527
BLOCK22/SES223/SA223S11	SES175	0.416229	-61.8365	-62.2527
BLOCK22/SES223/SA223S11	SES187	0.230885	-62.0218	-62.2527
BLOCK22/SES223/SA223S13	SES068	-0.772377	-63.3174	-62.545
BLOCK22/SES223/SA223S13	SES143	0.123051	-62.422	-62.545
BLOCK22/SES223/SA223S13	SES146	-0.761669	-63.3067	-62.545
BLOCK22/SES223/SA223S13	SES202	-0.203449	-62.7485	-62.545
BLOCK22/SES223/SA223S22	SES143	-0.11776	-61.7114	-61.5936
BLOCK22/SES223/SA223S22	SES144	-0.421402	-62.015	-61.5936
BLOCK22/SES223/SA223S22	SES175	-0.706062	-62.2997	-61.5936
BLOCK22/SES223/SA223S22	SES187	0.109798	-61.4838	-61.5936
BLOCK22/SES223/SA223S25	SES068	-1.17801	-63.5692	-62.3912
BLOCK22/SES223/SA223S25	SES143	0.162483	-62.2288	-62.3912
BLOCK22/SES223/SA223S25	SES175	0.567516	-61.8237	-62.3912
BLOCK22/SES223/SA223S25	SES187	0.0762825	-62.315	-62.3912
BLOCK22/SES223/SA223S27	SES143	0.10355	-61.7787	-61.8823
BLOCK22/SES223/SA223S27	SES146	-0.751114	-62.6334	-61.8823
BLOCK22/SES223/SA223S27	SES187	0.39856	-61.4837	-61.8823
BLOCK22/SES223/SA223S27	SES292	-1.55968	-63.442	-61.8823
BLOCK27/SES273/SA273S12	SES099	0.924828	-57.1144	-58.0392
BLOCK27/SES273/SA273S12	SES104	1.02342	-57.0158	-58.0392
BLOCK27/SES273/SA273S12	SES125	0.758793	-57.2804	-58.0392
BLOCK27/SES273/SA273S12	SES206	1.04482	-56.9944	-58.0392
BLOCK27/SES273/SA273S13	SES099	0.384972	-57.3481	-57.7331
BLOCK27/SES273/SA273S13	SES104	0.423759	-57.3093	-57.7331
BLOCK27/SES273/SA273S13	SES206	0.407734	-57.3253	-57.7331
BLOCK27/SES273/SA273S13	SES292	-1.18935	-58.9224	-57.7331
BLOCK27/SES273/SA273S21	SES099	0.472408	-56.704	-57.1764
BLOCK27/SES273/SA273S21	SES148	-1.14043	-58.3168	-57.1764
BLOCK27/SES273/SA273S21	SES149	0.549603	-56.6268	-57.1764
BLOCK27/SES273/SA273S21	SES177	-1.80217	-58.9785	-57.1764
BLOCK27/SES273/SA273S25	SES104	0.423409	-57.5743	-57.9977
BLOCK27/SES273/SA273S25	SES125	0.235184	-57.7625	-57.9977
BLOCK27/SES273/SA273S25	SES158	0.258556	-57.7392	-57.9977
BLOCK27/SES273/SA273S25	SES206	0.625526	-57.3722	-57.9977
BLOCK27/SES273/SA273S27	SES099	0.430824	-57.6427	-58.0735
BLOCK27/SES273/SA273S27	SES104	0.0463028	-58.0272	-58.0735
BLOCK27/SES273/SA273S27	SES149	0.509644	-57.5639	-58.0735
BLOCK27/SES273/SA273S27	SES275	-0.747032	-58.8206	-58.0735
BLOCK27/SES274/SA274S10	SES105	-1.04138	-59.0016	-57.9602
BLOCK27/SES274/SA274S10	SES125	0.557716	-57.4025	-57.9602
BLOCK27/SES274/SA274S10	SES129	-1.01568	-58.9759	-57.9602
BLOCK27/SES274/SA274S10	SES158	-0.365467	-58.3256	-57.9602
BLOCK27/SES274/SA274S11	SES105	-0.927444	-58.7173	-57.7899
BLOCK27/SES274/SA274S11	SES149	0.296318	-57.4936	-57.7899
BLOCK27/SES274/SA274S11	SES158	-0.264023	-58.0539	-57.7899
BLOCK27/SES274/SA274S11	SES275	-0.753059	-58.5429	-57.7899
BLOCK27/SES274/SA274S21	SES105	-1.0461	-58.7747	-57.7286
BLOCK27/SES274/SA274S21	SES129	-0.914654	-58.6433	-57.7286
BLOCK27/SES274/SA274S21	SES149	-0.0971832	-57.8258	-57.7286
BLOCK27/SES274/SA274S21	SES158	-0.815456	-58.5441	-57.7286
BLOCK27/SES274/SA274S24	SES105	-1.27452	-58.612	-57.3374
BLOCK27/SES274/SA274S24	SES129	-1.05489	-58.3923	-57.3374
BLOCK27/SES274/SA274S24	SES149	0.227638	-57.1098	-57.3374
BLOCK27/SES274/SA274S24	SES158	-0.549816	-57.8873	-57.3374
BLOCK27/SES274/SA274S29	SES105	-0.863262	-58.9401	-58.0768
BLOCK27/SES274/SA274S29	SES106	-0.199883	-58.2767	-58.0768
BLOCK27/SES274/SA274S29	SES120	-0.853828	-58.9307	-58.0768
BLOCK27/SES274/SA274S29	SES275	-0.590439	-58.6673	-58.0768
BLOCK27/SES276/SA276S16	SES148	0.289677	-59.8795	-60.1692
BLOCK27/SES276/SA276S16	SES172	-0.248081	-60.4173	-60.1692
BLOCK27/SES276/SA276S16	SES180	-0.595798	-60.765	-60.1692
BLOCK27/SES276/SA276S16	SES292	0.243877	-59.9253	-60.1692
BLOCK27/SES276/SA276S17	SES101	-0.287689	-60.4095	-60.1218
BLOCK27/SES276/SA276S17	SES177	0.000854492	-60.121	-60.1218
BLOCK27/SES276/SA276S17	SES180	-0.209301	-60.3311	-60.1218
BLOCK27/SES276/SA276S17	SES292	0.101151	-60.0207	-60.1218
BLOCK27/SES276/SA276S24	SES101	-0.0236893	-59.6945	-59.6708
BLOCK27/SES276/SA276S24	SES177	-0.313301	-59.9841	-59.6708
BLOCK27/SES276/SA276S24	SES180	-0.414494	-60.0853	-59.6708
BLOCK27/SES276/SA276S24	SES292	0.0780602	-59.5928	-59.6708
BLOCK27/SES276/SA276S26	SES101	-0.94685	-61.1569	-60.21
BLOCK27/SES276/SA276S26	SES177	-0.128307	-60.3383	-60.21
BLOCK27/SES276/SA276S26	SES180	-0.0213585	-60.2314	-60.21
BLOCK27/SES276/SA276S26	SES292	-0.424526	-60.6345	-60.21
BLOCK27/SES276/SA276S28	SES101	-0.472881	-60.6365	-60.1636
BLOCK27/SES276/SA276S28	SES177	-0.289383	-60.453	-60.1636
BLOCK27/SES276/SA276S28	SES180	-0.140423	-60.304	-60.1636
BLOCK27/SES276/SA276S28	SES292	-0.189629	-60.3532	-60.1636
BLOCK27/SES277/SA277S12	SES101	-0.117111	-60.4242	-60.3071
BLOCK27/SES277/SA277S12	SES177	-0.269356	-60.5765	-60.3071
BLOCK27/SES277/SA277S12	SES180	0.225853	-60.0813	-60.3071
BLOCK27/SES277/SA277S12	SES292	-0.226978	-60.5341	-60.3071
BLOCK27/SES277/SA277S14	SES177	-0.47506	-61.3789	-60.9038
BLOCK27/SES277/SA277S14	SES180	-0.942989	-61.8468	-60.9038
BLOCK27/SES277/SA277S14	SES189	-0.113335	-61.0172	-60.9038
BLOCK27/SES277/SA277S14	SES292	-1.06683	-61.9707	-60.9038
BLOCK27/SES277/SA277S21	SES177	-0.611885	-59.7438	-59.1319
BLOCK27/SES277/SA277S21	SES180	-1.00706	-60.1389	-59.1319
BLOCK27/SES277/SA277S21	SES189	-0.608879	-59.7408	-59.1319
BLOCK27/SES277/SA277S21	SES292	-0.479244	-59.6111	-59.1319
BLOCK27/SES277/SA277S24	SES144	-0.607159	-61.8103	-61.2031
BLOCK27/SES277/SA277S24	SES177	-0.515465	-61.7186	-61.2031
BLOCK27/SES277/SA277S24	SES180	-0.96883	-62.172	-61.2031
BLOCK27/SES277/SA277S24	SES189	-0.407497	-61.6106	-61.2031
BLOCK27/SES277/SA277S29	SES177	-0.268032	-59.9687	-59.7007
BLOCK27/SES277/SA277S29	SES180	-0.342651	-60.0433	-59.7007
BLOCK27/SES277/SA277S29	SES202	-0.679245	-60.3799	-59.7007
BLOCK27/SES277/SA277S29	SES292	-0.772285	-60.473	-59.7007
BLOCK27/SES279/SA279S09	SES120	-0.570976	-59.1439	-58.573
BLOCK27/SES279/SA279S09	SES146	-0.628338	-59.2013	-58.573
BLOCK27/SES279/SA279S09	SES206	-0.573391	-59.1464	-58.573
BLOCK27/SES279/SA279S09	SES226	-0.353561	-58.9265	-58.573
BLOCK27/SES279/SA279S10	SES099	-0.545383	-58.4989	-57.9535
BLOCK27/SES279/SA279S10	SES206	-0.520164	-58.4737	-57.9535
BLOCK27/SES279/SA279S10	SES226	-0.254269	-58.2078	-57.9535
BLOCK27/SES279/SA279S10	SES292	-0.490616	-58.4441	-57.9535
BLOCK27/SES279/SA279S20	SES099	-1.1221	-59.7077	-58.5856
BLOCK27/SES279/SA279S20	SES206	-0.507324	-59.093	-58.5856
BLOCK27/SES279/SA279S20	SES226	-0.738594	-59.3242	-58.5856
BLOCK27/SES279/SA279S20	SES292	-0.429062	-59.0147	-58.5856
BLOCK27/SES279/SA279S26	SES099	-0.577827	-59.1651	-58.5873
BLOCK27/SES279/SA279S26	SES206	-0.395744	-58.983	-58.5873
BLOCK27/SES279/SA279S26	SES226	-0.366127	-58.9534	-58.5873
BLOCK27/SES279/SA279S26	SES292	-0.586792	-59.1741	-58.5873
BLOCK27/SES279/SA279S28	SES099	-1.07812	-58.9457	-57.8676
BLOCK27/SES279/SA279S28	SES120	-0.539742	-58.4073	-57.8676
BLOCK27/SES279/SA279S28	SES177	-1.26369	-59.1313	-57.8676
BLOCK27/SES279/SA279S28	SES206	-1.22684	-59.0944	-57.8676
BLOCK29/SES290/SA290S12	SES162	-0.432594	-60.546	-60.1134
BLOCK29/SES290/SA290S12	SES177	-0.34573	-60.4591	-60.1134
BLOCK29/SES290/SA290S12	SES180	-0.84972	-60.9631	-60.1134
BLOCK29/SES290/SA290S12	SES292	-1.13019	-61.2436	-60.1134
BLOCK29/SES290/SA290S13	SES007	-1.72028	-63.2596	-61.5393
BLOCK29/SES290/SA290S13	SES162	-0.351402	-61.8907	-61.5393
BLOCK29/SES290/SA290S13	SES177	0.00596237	-61.5333	-61.5393
BLOCK29/SES290/SA290S13	SES180	-0.146301	-61.6856	-61.5393
BLOCK29/SES290/SA290S22	SES177	0.107864	-60.3344	-60.4422
BLOCK29/SES290/SA290S22	SES180	-0.0965004	-60.5387	-60.4422
BLOCK29/SES290/SA290S22	SES202	-0.148132	-60.5904	-60.4422
BLOCK29/SES290/SA290S22	SES292	-1.21227	-61.6545	-60.4422
BLOCK29/SES290/SA290S25	SES162	-0.00112915	-60.2322	-60.2311
BLOCK29/SES290/SA290S25	SES177	0.118553	-60.1126	-60.2311
BLOCK29/SES290/SA290S25	SES180	-0.0365143	-60.2676	-60.2311
BLOCK29/SES290/SA290S25	SES292	-0.811634	-61.0427	-60.2311
BLOCK29/SES290/SA290S29	SES177	0.136112	-59.936	-60.0721
BLOCK29/SES290/SA290S29	SES180	0.192841	-59.8793	-60.0721
BLOCK29/SES290/SA290S29	SES275	-0.6758	-60.7479	-60.0721
BLOCK29/SES290/SA290S29	SES292	-0.863052	-60.9352	-60.0721
BLOCK29/SES291/SA291S11	SES105	-1.33624	-61.0292	-59.693
BLOCK29/SES291/SA291S11	SES125	0.419151	-59.2738	-59.693
BLOCK29/SES291/SA291S11	SES158	0.411926	-59.2811	-59.693
BLOCK29/SES291/SA291S11	SES275	-1.46111	-61.1541	-59.693
BLOCK29/SES291/SA291S12	SES158	0.504299	-58.7712	-59.2755
BLOCK29/SES291/SA291S12	SES226	0.42791	-58.8476	-59.2755
BLOCK29/SES291/SA291S12	SES270	0.938812	-58.3367	-59.2755
BLOCK29/SES291/SA291S12	SES275	-1.08245	-60.3579	-59.2755
BLOCK29/SES291/SA291S22	SES082	0.121159	-58.8661	-58.9872
BLOCK29/SES291/SA291S22	SES158	0.149643	-58.8376	-58.9872
BLOCK29/SES291/SA291S22	SES259	-0.140213	-59.1274	-58.9872
BLOCK29/SES291/SA291S22	SES275	-1.24506	-60.2323	-58.9872
BLOCK29/SES291/SA291S24	SES104	1.00888	-57.4411	-58.45
BLOCK29/SES291/SA291S24	SES125	0.844814	-57.6052	-58.45
BLOCK29/SES291/SA291S24	SES158	0.641045	-57.8089	-58.45
BLOCK29/SES291/SA291S24	SES275	-1.06102	-59.511	-58.45
BLOCK29/SES291/SA291S27	SES158	0.92585	-58.3679	-59.2938
BLOCK29/SES291/SA291S27	SES172	-1.91782	-61.2116	-59.2938
BLOCK29/SES291/SA291S27	SES275	-1.33305	-60.6268	-59.2938
BLOCK29/SES291/SA291S27	SES292	-1.6138	-60.9076	-59.2938
