BLOCK00/SES002/SA002S12	SES002	-3.06962	-13.3907	-10.3211
BLOCK00/SES002/SA002S13	SES002	-2.16971	-13.1367	-10.967
BLOCK00/SES002/SA002S23	SES002	-2.38812	-12.8815	-10.4934
BLOCK00/SES002/SA002S26	SES002	-1.81272	-15.7905	-13.9778
BLOCK00/SES002/SA002S28	SES002	-2.09246	-13.7864	-11.6939
BLOCK00/SES007/SA007S14	SES007	-2.67466	-12.428	-9.75336
BLOCK00/SES007/SA007S15	SES007	-2.28871	-12.7663	-10.4776
BLOCK00/SES007/SA007S24	SES007	-2.34707	-12.0408	-9.69369
BLOCK00/SES007/SA007S27	SES007	-2.7676	-15.2573	-12.4897
BLOCK00/SES007/SA007S29	SES007	-2.60354	-10.5894	-7.98588
BLOCK00/SES008/SA008S11	SES008	-1.58535	-7.85484	-6.26949
BLOCK00/SES008/SA008S12	SES008	-1.99609	-9.13157	-7.13549
BLOCK00/SES008/SA008S19	SES008	-0.911401	-9.50838	-8.59698
BLOCK00/SES008/SA008S22	SES008	-1.30638	-9.77266	-8.46628
BLOCK00/SES008/SA008S29	SES008	-1.35339	-8.338	-6.98461
BLOCK01/SES014/SA014S10	SES014	-1.05718	-10.7192	-9.66202
BLOCK01/SES014/SA014S12	SES014	-1.09125	-10.3272	-9.23597
BLOCK01/SES014/SA014S24	SES014	-0.340645	-10.0892	-9.74856
BLOCK01/SES014/SA014S26	SES014	-1.51337	-11.7383	-10.2249
BLOCK01/SES014/SA014S28	SES014	-0.841186	-8.62383	-7.78264
BLOCK01/SES016/SA016S12	SES016	-1.51399	-12.9846	-11.4707
BLOCK01/SES016/SA016S13	SES016	-2.6377	-14.2244	-11.5868
BLOCK01/SES016/SA016S22	SES016	-3.08724	-13.2458	-10.1586
BLOCK01/SES016/SA016S25	SES016	-4.81618	-14.0704	-9.25425
BLOCK01/SES016/SA016S27	SES016	-6.24188	-20.1929	-13.951
BLOCK01/SES019/SA019S13	SES019	-1.01733	-13.7407	-12.7234
BLOCK01/SES019/SA019S14	SES019	-1.56636	-13.2773	-11.7109
BLOCK01/SES019/SA019S22	SES019	-1.24545	-12.4419	-11.1965
BLOCK01/SES019/SA019S25	SES019	-2.67368	-14.46	-11.7864
BLOCK01/SES019/SA019S29	SES019	-0.619414	-14.4661	-13.8467
BLOCK02/SES029/SA029S11	SES029	-2.17996	-10.9964	-8.81639
BLOCK02/SES029/SA029S12	SES029	-3.30865	-13.3302	-10.0216
BLOCK02/SES029/SA029S20	SES029	-2.23722	-9.94234	-7.70512
BLOCK02/SES029/SA029S25	SES029	-2.82314	-11.9818	-9.15865
BLOCK02/SES029/SA029S28	SES029	-3.02349	-11.9187	-8.89517
BLOCK04/SES042/SA042S12	SES042	-2.41267	-13.7653	-11.3527
BLOCK04/SES042/SA042S15	SES042	-1.49188	-13.4838	-11.9919
BLOCK04/SES042/SA042S22	SES042	0.482592	-19.2004	-19.683
BLOCK04/SES042/SA042S25	SES042	-1.42089	-15.5191	-14.0982
BLOCK04/SES042/SA042S27	SES042	-1.98221	-16.5951	-14.6129
BLOCK04/SES048/SA048S11	SES048	-1.92854	-10.5227	-8.59414
BLOCK04/SES048/SA048S12	SES048	-2.21353	-12.9337	-10.7202
BLOCK04/SES048/SA048S20	SES048	-2.40645	-12.7443	-10.3379
BLOCK04/SES048/SA048S23	SES048	-1.79283	-9.64051	-7.84768
BLOCK04/SES048/SA048S27	SES048	-2.61212	-12.3997	-9.78762
BLOCK06/SES060/SA060S11	SES060	-1.97468	-14.0632	-12.0885
BLOCK06/SES060/SA060S12	SES060	-2.78856	-15.7569	-12.9683
BLOCK06/SES060/SA060S22	SES060	-2.29413	-13.081	-10.7869
BLOCK06/SES060/SA060S24	SES060	-2.67752	-9.69006	-7.01254
BLOCK06/SES060/SA060S28	SES060	-2.21161	-9.31552	-7.10391
BLOCK06/SES062/SA062S10	SES062	-2.35313	-11.6404	-9.28729
BLOCK06/SES062/SA062S11	SES062	-1.79935	-13.3235	-11.5241
BLOCK06/SES062/SA062S21	SES062	-1.91829	-8.02062	-6.10233
BLOCK06/SES062/SA062S26	SES062	-1.61024	-10.5906	-8.98034
BLOCK06/SES062/SA062S29	SES062	-1.17227	-8.85814	-7.68587
BLOCK06/SES068/SA068S14	SES068	-3.31113	-11.5091	-8.19799
BLOCK06/SES068/SA068S15	SES068	-2.66726	-12.256	-9.58878
BLOCK06/SES068/SA068S23	SES068	-4.71285	-14.8446	-10.1317
BLOCK06/SES068/SA068S27	SES068	-3.40032	-13.8275	-10.4272
BLOCK06/SES068/SA068S29	SES068	-3.52493	-13.9158	-10.3909
BLOCK08/SES082/SA082S12	SES082	-2.69199	-11.0573	-8.36533
BLOCK08/SES082/SA082S14	SES082	-2.13282	-11.7377	-9.6049
BLOCK08/SES082/SA082S21	SES082	-2.14722	-9.96809	-7.82088
BLOCK08/SES082/SA082S24	SES082	-2.54741	-12.2762	-9.72875
BLOCK08/SES082/SA082S28	SES082	-2.44499	-13.5973	-11.1523
BLOCK08/SES083/SA083S14	SES083	-3.29189	-11.5092	-8.21728
BLOCK08/SES083/SA083S15	SES083	-2.18554	-12.9038	-10.7183
BLOCK08/SES083/SA083S24	SES083	-1.82925	-10.532	-8.7027
BLOCK08/SES083/SA083S26	SES083	-2.30331	-13.3338	-11.0305
BLOCK08/SES083/SA083S29	SES083	-1.98449	-11.5111	-9.52659
BLOCK08/SES085/SA085S10	SES085	-2.02512	-10.1061	-8.08101
BLOCK08/SES085/SA085S13	SES085	-1.73892	-12.4321	-10.6932
BLOCK08/SES085/SA085S22	SES085	-1.91523	-10.4711	-8.55585
BLOCK08/SES085/SA085S26	SES085	-1.56903	-14.4658	-12.8968
BLOCK08/SES085/SA085S28	SES085	-1.73978	-9.41149	-7.6717
BLOCK08/SES087/SA087S15	SES087	-0.938393	-9.99437	-9.05598
BLOCK08/SES087/SA087S16	SES087	0.152837	-9.80124	-9.95408
BLOCK08/SES087/SA087S24	SES087	-0.820748	-13.2942	-12.4734
BLOCK08/SES087/SA087S26	SES087	-1.37251	-10.5492	-9.17673
BLOCK08/SES087/SA087S29	SES087	-1.02679	-9.35437	-8.32759
BLOCK09/SES099/SA099S15	SES099	-0.86659	-11.7935	-10.9269
BLOCK09/SES099/SA099S16	SES099	-1.75945	-9.23794	-7.47849
BLOCK09/SES099/SA099S24	SES099	-0.999777	-10.1022	-9.10246
BLOCK09/SES099/SA099S26	SES099	-1.04815	-11.1541	-10.106
BLOCK09/SES099/SA099S29	SES099	-0.237795	-10.9472	-10.7094
BLOCK10/SES101/SA101S11	SES101	-2.76968	-11.8809	-9.11123
BLOCK10/SES101/SA101S13	SES101	-1.29023	-7.9795	-6.68927
BLOCK10/SES101/SA101S22	SES101	-1.49101	-10.7476	-9.25659
BLOCK10/SES101/SA101S24	SES101	-1.68771	-11.0857	-9.39794
BLOCK10/SES101/SA101S28	SES101	-1.37884	-10.5553	-9.17646
BLOCK10/SES104/SA104S11	SES104	-2.61419	-11.8677	-9.25349
BLOCK10/SES104/SA104S12	SES104	-2.23935	-11.5023	-9.26292
BLOCK10/SES104/SA104S21	SES104	-2.35424	-11.1549	-8.80062
BLOCK10/SES104/SA104S24	SES104	-2.09666	-14.4507	-12.354
BLOCK10/SES104/SA104S28	SES104	-2.14543	-13.0759	-10.9304
BLOCK10/SES105/SA105S12	SES105	-1.00934	-11.8152	-10.8058
BLOCK10/SES105/SA105S13	SES105	-2.15666	-13.1708	-11.0141
BLOCK10/SES105/SA105S22	SES105	-2.16087	-12.8867	-10.7258
BLOCK10/SES105/SA105S26	SES105	-3.03639	-14.1075	-11.0711
BLOCK10/SES105/SA105S29	SES105	-1.52348	-10.534	-9.01051
BLOCK10/SES106/SA106S09	SES106	-2.74721	-15.9601	-13.2129
BLOCK10/SES106/SA106S11	SES106	-2.25532	-13.2169	-10.9616
BLOCK10/SES106/SA106S22	SES106	-2.77868	-18.207	-15.4283
BLOCK10/SES106/SA106S27	SES106	-2.27869	-11.4875	-9.20886
BLOCK10/SES106/SA106S29	SES106	-3.08181	-12.8022	-9.72037
BLOCK11/SES117/SA117S12	SES117	-3.25778	-13.4323	-10.1745
BLOCK11/SES117/SA117S13	SES117	-2.69405	-11.1481	-8.45402
BLOCK11/SES117/SA117S23	SES117	-1.0685	-14.5845	-13.516
BLOCK11/SES117/SA117S25	SES117	-2.06598	-11.4072	-9.34118
BLOCK11/SES117/SA117S28	SES117	-1.28632	-13.9081	-12.6217
BLOCK12/SES120/SA120S08	SES120	-1.67382	-14.7596	-13.0858
BLOCK12/SES120/SA120S11	SES120	-1.00123	-17.9813	-16.9801
BLOCK12/SES120/SA120S22	SES120	-1.62853	-10.9754	-9.34687
BLOCK12/SES120/SA120S24	SES120	-2.81172	-16.5125	-13.7008
BLOCK12/SES120/SA120S28	SES120	-2.63217	-14.5346	-11.9024
BLOCK12/SES125/SA125S13	SES125	-1.8308	-13.639	-11.8082
BLOCK12/SES125/SA125S14	SES125	-1.58207	-14.1901	-12.608
BLOCK12/SES125/SA125S25	SES125	-1.18216	-12.0214	-10.8393
BLOCK12/SES125/SA125S27	SES125	-1.88644	-12.6072	-10.7208
BLOCK12/SES125/SA125S29	SES125	-1.80726	-11.2615	-9.45423
BLOCK12/SES127/SA127S11	SES127	-1.35005	-10.4566	-9.10652
BLOCK12/SES127/SA127S12	SES127	-1.63103	-7.35256	-5.72153
BLOCK12/SES127/SA127S23	SES127	-2.23082	-9.88104	-7.65021
BLOCK12/SES127/SA127S25	SES127	-3.00046	-9.09845	-6.09799
BLOCK12/SES127/SA127S27	SES127	-1.61764	-10.2595	-8.64182
BLOCK12/SES129/SA129S11	SES129	-1.75245	-8.61076	-6.85831
BLOCK12/SES129/SA129S12	SES129	-1.90181	-9.07865	-7.17683
BLOCK12/SES129/SA129S22	SES129	-1.48047	-7.74217	-6.2617
BLOCK12/SES129/SA129S27	SES129	-1.63883	-8.62086	-6.98203
BLOCK12/SES129/SA129S29	SES129	-2.52043	-14.1419	-11.6214
BLOCK14/SES142/SA142S11	SES142	-1.57974	-10.2215	-8.64181
BLOCK14/SES142/SA142S12	SES142	-0.781638	-13.5053	-12.7237
BLOCK14/SES142/SA142S24	SES142	-1.75908	-13.6192	-11.8601
BLOCK14/SES142/SA142S27	SES142	-2.20299	-13.3571	-11.1541
BLOCK14/SES142/SA142S29	SES142	-2.0314	-13.3131	-11.2817
BLOCK14/SES143/SA143S12	SES143	-2.08651	-11.5496	-9.46306
BLOCK14/SES143/SA143S13	SES143	-1.9099	-11.2072	-9.29731
BLOCK14/SES143/SA143S23	SES143	-2.09698	-10.644	-8.54705
BLOCK14/SES143/SA143S25	SES143	-3.4129	-15.8113	-12.3984
BLOCK14/SES143/SA143S28	SES143	-1.92102	-13.9292	-12.0082
BLOCK14/SES144/SA144S09	SES144	-1.25317	-10.2782	-9.025
BLOCK14/SES144/SA144S11	SES144	-2.64623	-11.1224	-8.47618
BLOCK14/SES144/SA144S21	SES144	-2.06849	-9.66196	-7.59347
BLOCK14/SES144/SA144S25	SES144	-1.46527	-9.39003	-7.92476
BLOCK14/SES144/SA144S29	SES144	-2.66352	-13.3006	-10.6371
BLOCK14/SES146/SA146S14	SES146	-1.73304	-10.5832	-8.85012
BLOCK14/SES146/SA146S15	SES146	-2.7106	-12.9464	-10.2358
BLOCK14/SES146/SA146S24	SES146	-1.87775	-12.281	-10.4032
BLOCK14/SES146/SA146S26	SES146	-2.39563	-12.1213	-9.72566
BLOCK14/SES146/SA146S29	SES146	-1.91932	-12.8122	-10.8929
BLOCK14/SES147/SA147S11	SES147	-1.55541	-11.6356	-10.0802
BLOCK14/SES147/SA147S13	SES147	-1.16494	-8.38558	-7.22064
BLOCK14/SES147/SA147S23	SES147	-1.77017	-9.01525	-7.24508
BLOCK14/SES147/SA147S26	SES147	-1.25297	-9.01917	-7.7662
BLOCK14/SES147/SA147S28	SES147	-1.80958	-7.41223	-5.60264
BLOCK14/SES148/SA148S10	SES148	-2.30503	-9.61384	-7.30882
BLOCK14/SES148/SA148S12	SES148	-2.3031	-11.0424	-8.73929
BLOCK14/SES148/SA148S22	SES148	-2.16206	-8.6475	-6.48544
BLOCK14/SES148/SA148S26	SES148	-1.87403	-7.88761	-6.01358
BLOCK14/SES148/SA148S29	SES148	-3.02226	-12.4651	-9.44287
BLOCK14/SES149/SA149S13	SES149	-2.68663	-11.8222	-9.13557
BLOCK14/SES149/SA149S14	SES149	-3.42796	-11.9654	-8.53746
BLOCK14/SES149/SA149S24	SES149	-2.94528	-11.1614	-8.21614
BLOCK14/SES149/SA149S26	SES149	-2.50547	-12.024	-9.51856
BLOCK14/SES149/SA149S28	SES149	-3.41796	-8.07155	-4.65359
BLOCK15/SES158/SA158S13	SES158	-1.00812	-15.5008	-14.4927
BLOCK15/SES158/SA158S14	SES158	-2.19203	-16.6771	-14.4851
BLOCK15/SES158/SA158S23	SES158	-2.29543	-15.4467	-13.1513
BLOCK15/SES158/SA158S26	SES158	-1.20998	-16.4283	-15.2183
BLOCK15/SES158/SA158S28	SES158	-2.63143	-15.226	-12.5945
BLOCK16/SES162/SA162S10	SES162	-1.84963	-12.2549	-10.4053
BLOCK16/SES162/SA162S11	SES162	-2.04826	-9.74488	-7.69662
BLOCK16/SES162/SA162S21	SES162	-2.0717	-9.93685	-7.86516
BLOCK16/SES162/SA162S24	SES162	-1.94786	-8.96638	-7.01853
BLOCK16/SES162/SA162S27	SES162	-1.41367	-12.2348	-10.8211
BLOCK16/SES167/SA167S14	SES167	-1.15485	-7.52076	-6.36591
BLOCK16/SES167/SA167S15	SES167	0.0258451	-5.41076	-5.4366
BLOCK16/SES167/SA167S21	SES167	-1.36814	-6.48797	-5.11984
BLOCK16/SES167/SA167S25	SES167	0.465545	-6.92755	-7.3931
BLOCK16/SES167/SA167S29	SES167	-0.687387	-5.8351	-5.14771
BLOCK17/SES172/SA172S12	SES172	-1.60621	-11.4759	-9.8697
BLOCK17/SES172/SA172S13	SES172	-1.81741	-12.0527	-10.2353
BLOCK17/SES172/SA172S23	SES172	-1.86678	-8.91802	-7.05124
BLOCK17/SES172/SA172S27	SES172	-2.07501	-12.7465	-10.6715
BLOCK17/SES172/SA172S29	SES172	-1.14559	-8.99482	-7.84923
BLOCK17/SES175/SA175S11	SES175	-2.77787	-14.9159	-12.138
BLOCK17/SES175/SA175S13	SES175	-2.78225	-9.78946	-7.00721
BLOCK17/SES175/SA175S23	SES175	-2.72049	-10.8737	-8.15318
BLOCK17/SES175/SA175S25	SES175	-2.0921	-11.8236	-9.73149
BLOCK17/SES175/SA175S28	SES175	-2.82083	-13.6016	-10.7807
BLOCK17/SES177/SA177S15	SES177	-2.91294	-13.1708	-10.2578
BLOCK17/SES177/SA177S17	SES177	-3.03092	-13.6219	-10.591
BLOCK17/SES177/SA177S23	SES177	-2.09556	-11.5844	-9.48888
BLOCK17/SES177/SA177S26	SES177	-2.74765	-10.8641	-8.11642
BLOCK17/SES177/SA177S28	SES177	-2.45277	-14.2179	-11.7651
BLOCK18/SES180/SA180S13	SES180	-1.7192	-14.2944	-12.5752
BLOCK18/SES180/SA180S15	SES180	-1.68713	-9.02886	-7.34173
BLOCK18/SES180/SA180S24	SES180	-2.48127	-9.8534	-7.37213
BLOCK18/SES180/SA180S26	SES180	-2.53112	-12.2022	-9.67106
BLOCK18/SES180/SA180S29	SES180	-2.91712	-14.4796	-11.5625
BLOCK18/SES183/SA183S13	SES183	-1.62218	-10.751	-9.12883
BLOCK18/SES183/SA183S14	SES183	-2.52691	-11.2086	-8.68172
BLOCK18/SES183/SA183S24	SES183	-1.57151	-12.6381	-11.0666
BLOCK18/SES183/SA183S27	SES183	-1.31696	-11.2303	-9.91336
BLOCK18/SES183/SA183S29	SES183	-1.93166	-10.1136	-8.18192
BLOCK18/SES187/SA187S13	SES187	-2.56707	-12.974	-10.4069
BLOCK18/SES187/SA187S14	SES187	-2.55969	-14.4755	-11.9158
BLOCK18/SES187/SA187S24	SES187	-3.07122	-13.9498	-10.8786
BLOCK18/SES187/SA187S27	SES187	-3.13965	-12.2944	-9.15476
BLOCK18/SES187/SA187S29	SES187	-2.62277	-17.2194	-14.5966
BLOCK18/SES189/SA189S10	SES189	-1.23987	-12.5319	-11.292
BLOCK18/SES189/SA189S13	SES189	-1.34366	-16.4261	-15.0824
BLOCK18/SES189/SA189S24	SES189	-1.7507	-12.7761	-11.0254
BLOCK18/SES189/SA189S26	SES189	-1.5036	-12.8197	-11.3161
BLOCK18/SES189/SA189S29	SES189	-1.52499	-12.8079	-11.2829
BLOCK20/SES202/SA202S12	SES202	-0.52273	-14.4159	-13.8932
BLOCK20/SES202/SA202S14	SES202	-0.965142	-12.8362	-11.8711
BLOCK20/SES202/SA202S24	SES202	-1.78485	-14.5296	-12.7448
BLOCK20/SES202/SA202S27	SES202	-1.2338	-11.0962	-9.86237
BLOCK20/SES202/SA202S29	SES202	-1.83675	-12.7609	-10.9242
BLOCK20/SES206/SA206S15	SES206	-3.39093	-11.1885	-7.7976
BLOCK20/SES206/SA206S17	SES206	-2.92692	-14.0413	-11.1144
BLOCK20/SES206/SA206S24	SES206	-2.24918	-11.4408	-9.1916
BLOCK20/SES206/SA206S27	SES206	-1.11467	-12.7978	-11.6831
BLOCK20/SES206/SA206S29	SES206	-1.68419	-15.6264	-13.9422
BLOCK22/SES226/SA226S12	SES226	-2.28641	-12.0885	-9.80212
BLOCK22/SES226/SA226S13	SES226	-2.35474	-11.6127	-9.25799
BLOCK22/SES226/SA226S20	SES226	-2.83481	-12.0457	-9.2109
BLOCK22/SES226/SA226S23	SES226	-3.33604	-11.4712	-8.13517
BLOCK22/SES226/SA226S28	SES226	-3.01604	-12.4096	-9.39355
BLOCK25/SES259/SA259S13	SES259	-1.60397	-12.838	-11.234
BLOCK25/SES259/SA259S14	SES259	-1.89662	-13.0622	-11.1656
BLOCK25/SES259/SA259S22	SES259	-1.43032	-11.6578	-10.2275
BLOCK25/SES259/SA259S24	SES259	-2.14622	-13.76	-11.6138
BLOCK25/SES259/SA259S28	SES259	-2.15743	-12.6054	-10.4479
BLOCK27/SES270/SA270S14	SES270	-1.56031	-11.4541	-9.8938
BLOCK27/SES270/SA270S16	SES270	-1.68921	-10.4425	-8.75332
BLOCK27/SES270/SA270S22	SES270	-2.43954	-11.5307	-9.09119
BLOCK27/SES270/SA270S26	SES270	-1.89096	-12.2568	-10.3658
BLOCK27/SES270/SA270S28	SES270	-1.32664	-10.6542	-9.32752
BLOCK27/SES275/SA275S17	SES275	-2.72595	-11.8413	-9.11531
BLOCK27/SES275/SA275S18	SES275	-2.14164	-12.063	-9.92132
BLOCK27/SES275/SA275S24	SES275	-1.7347	-10.9335	-9.19885
BLOCK27/SES275/SA275S26	SES275	-1.61566	-10.5647	-8.949
BLOCK27/SES275/SA275S28	SES275	-2.75301	-11.8815	-9.12849
BLOCK29/SES292/SA292S10	SES292	-4.1369	-12.8295	-8.69263
BLOCK29/SES292/SA292S12	SES292	-2.27666	-14.0729	-11.7963
BLOCK29/SES292/SA292S22	SES292	-2.45344	-11.5109	-9.0575
BLOCK29/SES292/SA292S24	SES292	-2.54682	-10.1453	-7.59852
BLOCK29/SES292/SA292S27	SES292	-3.53925	-12.2271	-8.68782
BLOCK00/SES001/SA001S14	SES062	-4.34797	-15.3009	-10.953
BLOCK00/SES001/SA001S14	SES082	-2.46595	-13.4189	-10.953
BLOCK00/SES001/SA001S14	SES106	-2.96832	-13.9213	-10.953
BLOCK00/SES001/SA001S14	SES206	-2.90749	-13.8605	-10.953
BLOCK00/SES001/SA001S15	SES062	-3.17143	-12.7958	-9.62436
BLOCK00/SES001/SA001S15	SES104	-2.35799	-11.9824	-9.62436
BLOCK00/SES001/SA001S15	SES106	-2.36105	-11.9854	-9.62436
BLOCK00/SES001/SA001S15	SES206	-3.2125	-12.8369	-9.62436
BLOCK00/SES001/SA001S24	SES062	-6.69584	-19.5776	-12.8818
BLOCK00/SES001/SA001S24	SES082	-3.43026	-16.312	-12.8818
BLOCK00/SES001/SA001S24	SES087	-7.14126	-20.0231	-12.8818
BLOCK00/SES001/SA001S24	SES206	-3.16135	-16.0431	-12.8818
BLOCK00/SES001/SA001S27	SES062	-2.94125	-9.70979	-6.76855
BLOCK00/SES001/SA001S27	SES082	-2.54683	-9.31537	-6.76855
BLOCK00/SES001/SA001S27	SES087	-3.49142	-10.26	-6.76855
BLOCK00/SES001/SA001S27	SES206	-3.10451	-9.87306	-6.76855
BLOCK00/SES001/SA001S29	SES062	-3.67167	-14.1592	-10.4876
BLOCK00/SES001/SA001S29	SES082	-2.70147	-13.189	-10.4876
BLOCK00/SES001/SA001S29	SES158	-3.36578	-13.8533	-10.4876
BLOCK00/SES001/SA001S29	SES206	-2.98326	-13.4708	-10.4876
BLOCK00/SES003/SA003S11	SES002	-1.86159	-8.96875	-7.10715
BLOCK00/SES003/SA003S11	SES019	-2.41829	-9.52544	-7.10715
BLOCK00/SES003/SA003S11	SES082	-2.6917	-9.79885	-7.10715
BLOCK00/SES003/SA003S11	SES125	-2.44984	-9.55699	-7.10715
BLOCK00/SES003/SA003S15	SES016	-4.97464	-14.6573	-9.68268
BLOCK00/SES003/SA003S15	SES019	-3.36628	-13.049	-9.68268
BLOCK00/SES003/SA003S15	SES062	-3.07084	-12.7535	-9.68268
BLOCK00/SES003/SA003S15	SES206	-2.87133	-12.554	-9.68268
BLOCK00/SES003/SA003S22	SES002	-2.36598	-10.9896	-8.62362
BLOCK00/SES003/SA003S22	SES062	-2.30876	-10.9324	-8.62362
BLOCK00/SES003/SA003S22	SES082	-3.31289	-11.9365	-8.62362
BLOCK00/SES003/SA003S22	SES087	-3.26041	-11.884	-8.62362
BLOCK00/SES003/SA003S25	SES062	-0.878829	-11.0354	-10.1566
BLOCK00/SES003/SA003S25	SES082	-3.33106	-13.4877	-10.1566
BLOCK00/SES003/SA003S25	SES087	-1.28177	-11.4384	-10.1566
BLOCK00/SES003/SA003S25	SES206	-3.34584	-13.5024	-10.1566
BLOCK00/SES003/SA003S29	SES002	-1.03542	-8.70406	-7.66864
BLOCK00/SES003/SA003S29	SES062	-1.57955	-9.24819	-7.66864
BLOCK00/SES003/SA003S29	SES082	-2.74175	-10.4104	-7.66864
BLOCK00/SES003/SA003S29	SES087	-2.48004	-10.1487	-7.66864
BLOCK00/SES004/SA004S12	SES083	-3.31277	-10.4365	-7.1237
BLOCK00/SES004/SA004S12	SES148	-2.6152	-9.7389	-7.1237
BLOCK00/SES004/SA004S12	SES172	-2.74321	-9.86691	-7.1237
BLOCK00/SES004/SA004S12	SES292	-3.19304	-10.3167	-7.1237
BLOCK00/SES004/SA004S17	SES083	-2.76301	-10.4082	-7.64522
BLOCK00/SES004/SA004S17	SES162	-2.29565	-9.94088	-7.64522
BLOCK00/SES004/SA004S17	SES172	-2.00472	-9.64994	-7.64522
BLOCK00/SES004/SA004S17	SES292	-2.52668	-10.1719	-7.64522
BLOCK00/SES004/SA004S24	SES083	-2.0599	-11.1044	-9.04448
BLOCK00/SES004/SA004S24	SES148	-2.59828	-11.6428	-9.04448
BLOCK00/SES004/SA004S24	SES172	-1.81459	-10.8591	-9.04448
BLOCK00/SES004/SA004S24	SES292	-2.30274	-11.3472	-9.04448
BLOCK00/SES004/SA004S26	SES083	-2.80725	-12.5906	-9.78334
BLOCK00/SES004/SA004S26	SES127	-2.44721	-12.2306	-9.78334
BLOCK00/SES004/SA004S26	SES148	-2.81956	-12.6029	-9.78334
BLOCK00/SES004/SA004S26	SES292	-2.73722	-12.5206	-9.78334
BLOCK00/SES004/SA004S28	SES083	-4.8639	-10.4364	-5.57249
BLOCK00/SES004/SA004S28	SES127	-2.6494	-8.22189	-5.57249
BLOCK00/SES004/SA004S28	SES187	-4.31398	-9.88647	-5.57249
BLOCK00/SES004/SA004S28	SES292	-4.04399	-9.61648	-5.57249
BLOCK00/SES006/SA006S10	SES014	-1.65306	-14.251	-12.598
BLOCK00/SES006/SA006S10	SES158	-2.48191	-15.0799	-12.598
BLOCK00/SES006/SA006S10	SES226	-1.76191	-14.3599	-12.598
BLOCK00/SES006/SA006S10	SES270	-1.25065	-13.8486	-12.598
BLOCK00/SES006/SA006S11	SES158	-3.74414	-15.0389	-11.2947
BLOCK00/SES006/SA006S11	SES226	-2.15566	-13.4504	-11.2947
BLOCK00/SES006/SA006S11	SES270	-2.0972	-13.3919	-11.2947
BLOCK00/SES006/SA006S11	SES275	-1.51086	-12.8056	-11.2947
BLOCK00/SES006/SA006S23	SES062	-4.75121	-16.6441	-11.8929
BLOCK00/SES006/SA006S23	SES105	-3.5937	-15.4866	-11.8929
BLOCK00/SES006/SA006S23	SES158	-5.83924	-17.7321	-11.8929
BLOCK00/SES006/SA006S23	SES275	-2.90983	-14.8027	-11.8929
BLOCK00/SES006/SA006S26	SES104	-2.82437	-14.6893	-11.865
BLOCK00/SES006/SA006S26	SES158	-4.30766	-16.1726	-11.865
BLOCK00/SES006/SA006S26	SES270	-2.42912	-14.2941	-11.865
BLOCK00/SES006/SA006S26	SES275	-1.54622	-13.4112	-11.865
BLOCK00/SES006/SA006S28	SES007	-2.01014	-14.3017	-12.2916
BLOCK00/SES006/SA006S28	SES105	-1.99262	-14.2842	-12.2916
BLOCK00/SES006/SA006S28	SES158	-2.76137	-15.053	-12.2916
BLOCK00/SES006/SA006S28	SES275	-1.6296	-13.9212	-12.2916
BLOCK00/SES009/SA009S12	SES083	-3.57915	-15.5619	-11.9828
BLOCK00/SES009/SA009S12	SES148	-5.27489	-17.2577	-11.9828
BLOCK00/SES009/SA009S12	SES177	-3.18403	-15.1668	-11.9828
BLOCK00/SES009/SA009S12	SES292	-3.48594	-15.4687	-11.9828
BLOCK00/SES009/SA009S15	SES007	-2.92661	-14.5186	-11.592
BLOCK00/SES009/SA009S15	SES099	-4.6896	-16.2816	-11.592
BLOCK00/SES009/SA009S15	SES148	-5.18509	-16.7771	-11.592
BLOCK00/SES009/SA009S15	SES172	-3.61513	-15.2071	-11.592
BLOCK00/SES009/SA009S24	SES146	-2.48868	-15.611	-13.1223
BLOCK00/SES009/SA009S24	SES148	-4.56465	-17.687	-13.1223
BLOCK00/SES009/SA009S24	SES177	-2.63818	-15.7605	-13.1223
BLOCK00/SES009/SA009S24	SES292	-3.02803	-16.1504	-13.1223
BLOCK00/SES009/SA009S26	SES083	-2.96126	-12.8252	-9.86396
BLOCK00/SES009/SA009S26	SES101	-3.70143	-13.5654	-9.86396
BLOCK00/SES009/SA009S26	SES120	-2.72628	-12.5902	-9.86396
BLOCK00/SES009/SA009S26	SES177	-2.57505	-12.439	-9.86396
BLOCK00/SES009/SA009S29	SES083	-2.81657	-12.4582	-9.6416
BLOCK00/SES009/SA009S29	SES101	-2.75045	-12.392	-9.6416
BLOCK00/SES009/SA009S29	SES177	-2.2445	-11.8861	-9.6416
BLOCK00/SES009/SA009S29	SES292	-2.33939	-11.981	-9.6416
BLOCK01/SES011/SA011S10	SES019	-4.24353	-19.7521	-15.5086
BLOCK01/SES011/SA011S10	SES042	-2.14586	-17.6544	-15.5086
BLOCK01/SES011/SA011S10	SES082	-4.08805	-19.5966	-15.5086
BLOCK01/SES011/SA011S10	SES206	-2.97346	-18.482	-15.5086
BLOCK01/SES011/SA011S11	SES019	-3.70848	-16.2381	-12.5296
BLOCK01/SES011/SA011S11	SES042	-3.31101	-15.8406	-12.5296
BLOCK01/SES011/SA011S11	SES082	-2.78899	-15.3186	-12.5296
BLOCK01/SES011/SA011S11	SES206	-2.72098	-15.2506	-12.5296
BLOCK01/SES011/SA011S22	SES019	-2.5374	-17.4294	-14.892
BLOCK01/SES011/SA011S22	SES042	-2.27378	-17.1658	-14.892
BLOCK01/SES011/SA011S22	SES082	-3.57161	-18.4636	-14.892
BLOCK01/SES011/SA011S22	SES206	-2.79495	-17.687	-14.892
BLOCK01/SES011/SA011S24	SES019	-3.96328	-15.9367	-11.9734
BLOCK01/SES011/SA011S24	SES042	-2.74221	-14.7156	-11.9734
BLOCK01/SES011/SA011S24	SES104	-2.75037	-14.7237	-11.9734
BLOCK01/SES011/SA011S24	SES206	-2.47635	-14.4497	-11.9734
BLOCK01/SES011/SA011S27	SES082	-3.27329	-15.2943	-12.0211
BLOCK01/SES011/SA011S27	SES087	-5.81387	-17.8349	-12.0211
BLOCK01/SES011/SA011S27	SES125	-3.32808	-15.3491	-12.0211
BLOCK01/SES011/SA011S27	SES206	-3.21822	-15.2393	-12.0211
BLOCK01/SES012/SA012S11	SES007	-2.81351	-11.3843	-8.57082
BLOCK01/SES012/SA012S11	SES082	-2.76304	-11.3339	-8.57082
BLOCK01/SES012/SA012S11	SES083	-2.74865	-11.3195	-8.57082
BLOCK01/SES012/SA012S11	SES206	-2.5489	-11.1197	-8.57082
BLOCK01/SES012/SA012S14	SES082	-2.71414	-14.4663	-11.7522
BLOCK01/SES012/SA012S14	SES087	-3.78476	-15.5369	-11.7522
BLOCK01/SES012/SA012S14	SES206	-2.19572	-13.9479	-11.7522
BLOCK01/SES012/SA012S14	SES292	-3.55508	-15.3072	-11.7522
BLOCK01/SES012/SA012S24	SES082	-1.77859	-14.3655	-12.5869
BLOCK01/SES012/SA012S24	SES087	-3.30067	-15.8876	-12.5869
BLOCK01/SES012/SA012S24	SES120	-2.26823	-14.8551	-12.5869
BLOCK01/SES012/SA012S24	SES206	-1.92202	-14.5089	-12.5869
BLOCK01/SES012/SA012S26	SES019	-5.01362	-18.5723	-13.5587
BLOCK01/SES012/SA012S26	SES082	-2.66786	-16.2265	-13.5587
BLOCK01/SES012/SA012S26	SES206	-1.82458	-15.3833	-13.5587
BLOCK01/SES012/SA012S26	SES292	-3.24088	-16.7996	-13.5587
BLOCK01/SES012/SA012S29	SES062	-2.52388	-9.87884	-7.35496
BLOCK01/SES012/SA012S29	SES082	-2.66863	-10.0236	-7.35496
BLOCK01/SES012/SA012S29	SES083	-2.62261	-9.97757	-7.35496
BLOCK01/SES012/SA012S29	SES206	-2.74011	-10.0951	-7.35496
BLOCK01/SES013/SA013S16	SES062	-4.09884	-16.2584	-12.1595
BLOCK01/SES013/SA013S16	SES106	-3.30792	-15.4674	-12.1595
BLOCK01/SES013/SA013S16	SES206	-3.44307	-15.6026	-12.1595
BLOCK01/SES013/SA013S16	SES226	-4.2674	-16.4269	-12.1595
BLOCK01/SES013/SA013S17	SES062	-2.57618	-11.3684	-8.79224
BLOCK01/SES013/SA013S17	SES106	-3.02649	-11.8187	-8.79224
BLOCK01/SES013/SA013S17	SES206	-3.25947	-12.0517	-8.79224
BLOCK01/SES013/SA013S17	SES226	-2.46913	-11.2614	-8.79224
BLOCK01/SES013/SA013S23	SES104	-2.57118	-12.9291	-10.3579
BLOCK01/SES013/SA013S23	SES106	-3.36946	-13.7273	-10.3579
BLOCK01/SES013/SA013S23	SES206	-3.59113	-13.949	-10.3579
BLOCK01/SES013/SA013S23	SES270	-3.53574	-13.8936	-10.3579
BLOCK01/SES013/SA013S25	SES042	-5.11682	-14.7926	-9.67578
BLOCK01/SES013/SA013S25	SES104	-2.09195	-11.7677	-9.67578
BLOCK01/SES013/SA013S25	SES106	-2.54885	-12.2246	-9.67578
BLOCK01/SES013/SA013S25	SES206	-3.23986	-12.9156	-9.67578
BLOCK01/SES013/SA013S29	SES062	-3.6389	-14.5947	-10.9558
BLOCK01/SES013/SA013S29	SES104	-2.98645	-13.9423	-10.9558
BLOCK01/SES013/SA013S29	SES106	-3.32738	-14.2832	-10.9558
BLOCK01/SES013/SA013S29	SES206	-3.91589	-14.8717	-10.9558
BLOCK02/SES021/SA021S13	SES016	-2.95334	-13.5621	-10.6087
BLOCK02/SES021/SA021S13	SES029	-2.87847	-13.4872	-10.6087
BLOCK02/SES021/SA021S13	SES087	-5.02899	-15.6377	-10.6087
BLOCK02/SES021/SA021S13	SES206	-2.36123	-12.97	-10.6087
BLOCK02/SES021/SA021S15	SES087	-3.50844	-12.6054	-9.09694
BLOCK02/SES021/SA021S15	SES125	-2.8924	-11.9893	-9.09694
BLOCK02/SES021/SA021S15	SES206	-3.30304	-12.4	-9.09694
BLOCK02/SES021/SA021S15	SES226	-4.0961	-13.193	-9.09694
BLOCK02/SES021/SA021S23	SES062	-3.70071	-13.4822	-9.78149
BLOCK02/SES021/SA021S23	SES087	-2.75086	-12.5323	-9.78149
BLOCK02/SES021/SA021S23	SES206	-3.59919	-13.3807	-9.78149
BLOCK02/SES021/SA021S23	SES226	-3.58878	-13.3703	-9.78149
BLOCK02/SES021/SA021S27	SES002	-4.04225	-12.2894	-8.2472
BLOCK02/SES021/SA021S27	SES016	-4.33384	-12.581	-8.2472
BLOCK02/SES021/SA021S27	SES019	-3.90469	-12.1519	-8.2472
BLOCK02/SES021/SA021S27	SES062	-3.29782	-11.545	-8.2472
BLOCK02/SES021/SA021S29	SES087	-3.17719	-13.8092	-10.632
BLOCK02/SES021/SA021S29	SES125	-2.74232	-13.3743	-10.632
BLOCK02/SES021/SA021S29	SES206	-2.67184	-13.3038	-10.632
BLOCK02/SES021/SA021S29	SES226	-2.95755	-13.5895	-10.632
BLOCK04/SES043/SA043S09	SES083	-1.58593	-11.7085	-10.1226
BLOCK04/SES043/SA043S09	SES101	-1.92676	-12.0493	-10.1226
BLOCK04/SES043/SA043S09	SES144	-1.61447	-11.7371	-10.1226
BLOCK04/SES043/SA043S09	SES172	-2.01467	-12.1373	-10.1226
BLOCK04/SES043/SA043S11	SES083	-2.34369	-9.74254	-7.39886
BLOCK04/SES043/SA043S11	SES101	-2.11759	-9.51644	-7.39886
BLOCK04/SES043/SA043S11	SES144	-1.62869	-9.02755	-7.39886
BLOCK04/SES043/SA043S11	SES172	-2.9307	-10.3296	-7.39886
BLOCK04/SES043/SA043S23	SES083	-2.45066	-10.2585	-7.80788
BLOCK04/SES043/SA043S23	SES144	-1.81571	-9.62359	-7.80788
BLOCK04/SES043/SA043S23	SES177	-2.68895	-10.4968	-7.80788
BLOCK04/SES043/SA043S23	SES275	-2.42997	-10.2379	-7.80788
BLOCK04/SES043/SA043S26	SES083	-1.98419	-14.268	-12.2838
BLOCK04/SES043/SA043S26	SES101	-2.49985	-14.7837	-12.2838
BLOCK04/SES043/SA043S26	SES144	-2.13804	-14.4218	-12.2838
BLOCK04/SES043/SA043S26	SES177	-2.37477	-14.6586	-12.2838
BLOCK04/SES043/SA043S28	SES016	-3.99249	-13.0809	-9.0884
BLOCK04/SES043/SA043S28	SES083	-1.76709	-10.8555	-9.0884
BLOCK04/SES043/SA043S28	SES101	-1.90446	-10.9929	-9.0884
BLOCK04/SES043/SA043S28	SES144	-2.07838	-11.1668	-9.0884
BLOCK04/SES044/SA044S10	SES127	-2.07906	-14.4439	-12.3649
BLOCK04/SES044/SA044S10	SES144	-0.987884	-13.3527	-12.3649
BLOCK04/SES044/SA044S10	SES147	-1.89048	-14.2553	-12.3649
BLOCK04/SES044/SA044S10	SES148	-1.60783	-13.9727	-12.3649
BLOCK04/SES044/SA044S11	SES101	-3.03269	-13.8483	-10.8156
BLOCK04/SES044/SA044S11	SES144	-2.43373	-13.2493	-10.8156
BLOCK04/SES044/SA044S11	SES147	-2.89938	-13.715	-10.8156
BLOCK04/SES044/SA044S11	SES177	-2.77517	-13.5907	-10.8156
BLOCK04/SES044/SA044S24	SES007	-2.0966	-12.7762	-10.6796
BLOCK04/SES044/SA044S24	SES101	-1.81821	-12.4978	-10.6796
BLOCK04/SES044/SA044S24	SES147	-2.03277	-12.7123	-10.6796
BLOCK04/SES044/SA044S24	SES177	-1.98071	-12.6603	-10.6796
BLOCK04/SES044/SA044S26	SES007	-3.72317	-11.9691	-8.24593
BLOCK04/SES044/SA044S26	SES016	-4.4257	-12.6716	-8.24593
BLOCK04/SES044/SA044S26	SES101	-3.62878	-11.8747	-8.24593
BLOCK04/SES044/SA044S26	SES147	-2.91536	-11.1613	-8.24593
BLOCK04/SES044/SA044S29	SES007	-5.05612	-14.9201	-9.864
BLOCK04/SES044/SA044S29	SES101	-5.8367	-15.7007	-9.864
BLOCK04/SES044/SA044S29	SES147	-5.30545	-15.1695	-9.864
BLOCK04/SES044/SA044S29	SES177	-5.52026	-15.3843	-9.864
BLOCK04/SES046/SA046S13	SES101	-2.45762	-12.7752	-10.3176
BLOCK04/SES046/SA046S13	SES144	-2.30457	-12.6221	-10.3176
BLOCK04/SES046/SA046S13	SES147	-2.59778	-12.9153	-10.3176
BLOCK04/SES046/SA046S13	SES177	-2.77876	-13.0963	-10.3176
BLOCK04/SES046/SA046S15	SES048	-2.11483	-9.62878	-7.51394
BLOCK04/SES046/SA046S15	SES083	-2.05018	-9.56413	-7.51394
BLOCK04/SES046/SA046S15	SES120	-2.54408	-10.058	-7.51394
BLOCK04/SES046/SA046S15	SES148	-2.24997	-9.76391	-7.51394
BLOCK04/SES046/SA046S22	SES101	-2.74047	-12.6998	-9.95931
BLOCK04/SES046/SA046S22	SES144	-1.84066	-11.8	-9.95931
BLOCK04/SES046/SA046S22	SES147	-2.31869	-12.278	-9.95931
BLOCK04/SES046/SA046S22	SES172	-2.32618	-12.2855	-9.95931
BLOCK04/SES046/SA046S25	SES083	-2.22701	-9.07776	-6.85075
BLOCK04/SES046/SA046S25	SES127	-3.08057	-9.93132	-6.85075
BLOCK04/SES046/SA046S25	SES144	-1.78425	-8.635	-6.85075
BLOCK04/SES046/SA046S25	SES148	-2.44514	-9.29589	-6.85075
BLOCK04/SES046/SA046S28	SES007	-2.20735	-11.1766	-8.96929
BLOCK04/SES046/SA046S28	SES105	-2.66967	-11.639	-8.96929
BLOCK04/SES046/SA046S28	SES147	-2.1926	-11.1619	-8.96929
BLOCK04/SES046/SA046S28	SES148	-3.06224	-12.0315	-8.96929
BLOCK04/SES049/SA049S16	SES104	-2.17829	-13.2122	-11.0339
BLOCK04/SES049/SA049S16	SES106	-2.88025	-13.9142	-11.0339
BLOCK04/SES049/SA049S16	SES120	-3.21296	-14.2469	-11.0339
BLOCK04/SES049/SA049S16	SES206	-2.98681	-14.0207	-11.0339
BLOCK04/SES049/SA049S18	SES099	-1.26654	-11.0847	-9.81816
BLOCK04/SES049/SA049S18	SES104	-1.4434	-11.2616	-9.81816
BLOCK04/SES049/SA049S18	SES125	-1.37376	-11.1919	-9.81816
BLOCK04/SES049/SA049S18	SES206	-1.99599	-11.8141	-9.81816
BLOCK04/SES049/SA049S25	SES087	-2.50197	-13.5256	-11.0237
BLOCK04/SES049/SA049S25	SES104	-1.89067	-12.9143	-11.0237
BLOCK04/SES049/SA049S25	SES125	-2.4878	-13.5115	-11.0237
BLOCK04/SES049/SA049S25	SES206	-2.92792	-13.9516	-11.0237
BLOCK04/SES049/SA049S27	SES099	-4.16665	-10.5243	-6.35765
BLOCK04/SES049/SA049S27	SES104	-2.70796	-9.06561	-6.35765
BLOCK04/SES049/SA049S27	SES125	-3.81536	-10.173	-6.35765
BLOCK04/SES049/SA049S27	SES206	-3.54926	-9.90691	-6.35765
BLOCK04/SES049/SA049S29	SES099	-2.7591	-10.16	-7.4009
BLOCK04/SES049/SA049S29	SES104	-1.739	-9.13991	-7.4009
BLOCK04/SES049/SA049S29	SES125	-2.77651	-10.1774	-7.4009
BLOCK04/SES049/SA049S29	SES206	-3.28307	-10.684	-7.4009
BLOCK06/SES063/SA063S09	SES068	-2.54901	-13.5768	-11.0278
BLOCK06/SES063/SA063S09	SES083	-1.79275	-12.8206	-11.0278
BLOCK06/SES063/SA063S09	SES177	-2.09679	-13.1246	-11.0278
BLOCK06/SES063/SA063S09	SES187	-2.74723	-13.7751	-11.0278
BLOCK06/SES063/SA063S10	SES068	-3.50821	-13.4745	-9.96627
BLOCK06/SES063/SA063S10	SES083	-2.89192	-12.8582	-9.96627
BLOCK06/SES063/SA063S10	SES172	-2.87435	-12.8406	-9.96627
BLOCK06/SES063/SA063S10	SES187	-3.22619	-13.1925	-9.96627
BLOCK06/SES063/SA063S20	SES068	-3.29714	-14.3791	-11.082
BLOCK06/SES063/SA063S20	SES083	-1.96111	-13.0431	-11.082
BLOCK06/SES063/SA063S20	SES172	-1.86985	-12.9518	-11.082
BLOCK06/SES063/SA063S20	SES187	-2.33891	-13.4209	-11.082
BLOCK06/SES063/SA063S24	SES029	-2.75951	-13.5739	-10.8144
BLOCK06/SES063/SA063S24	SES083	-1.6462	-12.4606	-10.8144
BLOCK06/SES063/SA063S24	SES177	-2.10504	-12.9194	-10.8144
BLOCK06/SES063/SA063S24	SES189	-2.74776	-13.5622	-10.8144
BLOCK06/SES063/SA063S27	SES083	-1.95367	-13.4488	-11.4951
BLOCK06/SES063/SA063S27	SES172	-2.2267	-13.7218	-11.4951
BLOCK06/SES063/SA063S27	SES187	-2.58196	-14.0771	-11.4951
BLOCK06/SES063/SA063S27	SES292	-2.43533	-13.9304	-11.4951
BLOCK06/SES067/SA067S12	SES083	-1.80355	-9.66544	-7.86189
BLOCK06/SES067/SA067S12	SES172	-2.25269	-10.1146	-7.86189
BLOCK06/SES067/SA067S12	SES202	-2.13139	-9.99327	-7.86189
BLOCK06/SES067/SA067S12	SES292	-2.44888	-10.3108	-7.86189
BLOCK06/SES067/SA067S14	SES085	-1.71146	-7.78634	-6.07488
BLOCK06/SES067/SA067S14	SES177	-1.89602	-7.9709	-6.07488
BLOCK06/SES067/SA067S14	SES183	-1.04329	-7.11818	-6.07488
BLOCK06/SES067/SA067S14	SES202	-1.76861	-7.84349	-6.07488
BLOCK06/SES067/SA067S21	SES144	-3.71083	-13.3026	-9.59174
BLOCK06/SES067/SA067S21	SES177	-3.35426	-12.946	-9.59174
BLOCK06/SES067/SA067S21	SES183	-2.96189	-12.5536	-9.59174
BLOCK06/SES067/SA067S21	SES189	-4.12502	-13.7168	-9.59174
BLOCK06/SES067/SA067S25	SES085	-2.98119	-13.2097	-10.2286
BLOCK06/SES067/SA067S25	SES177	-1.62434	-11.8529	-10.2286
BLOCK06/SES067/SA067S25	SES183	-2.00343	-12.232	-10.2286
BLOCK06/SES067/SA067S25	SES202	-1.99543	-12.224	-10.2286
BLOCK06/SES067/SA067S29	SES085	-3.57399	-13.8492	-10.2752
BLOCK06/SES067/SA067S29	SES177	-3.52666	-13.8018	-10.2752
BLOCK06/SES067/SA067S29	SES183	-2.71231	-12.9875	-10.2752
BLOCK06/SES067/SA067S29	SES202	-3.57967	-13.8548	-10.2752
BLOCK06/SES069/SA069S12	SES029	-4.17001	-12.8418	-8.67177
BLOCK06/SES069/SA069S12	SES082	-3.58874	-12.2605	-8.67177
BLOCK06/SES069/SA069S12	SES087	-4.16794	-12.8397	-8.67177
BLOCK06/SES069/SA069S12	SES206	-3.78211	-12.4539	-8.67177
BLOCK06/SES069/SA069S13	SES029	-3.58071	-11.1347	-7.55397
BLOCK06/SES069/SA069S13	SES087	-3.31556	-10.8695	-7.55397
BLOCK06/SES069/SA069S13	SES206	-4.28464	-11.8386	-7.55397
BLOCK06/SES069/SA069S13	SES226	-2.64332	-10.1973	-7.55397
BLOCK06/SES069/SA069S23	SES029	-2.76333	-7.87606	-5.11273
BLOCK06/SES069/SA069S23	SES087	-2.44006	-7.55279	-5.11273
BLOCK06/SES069/SA069S23	SES206	-3.21199	-8.32471	-5.11273
BLOCK06/SES069/SA069S23	SES226	-2.01433	-7.12706	-5.11273
BLOCK06/SES069/SA069S25	SES087	-2.94026	-10.512	-7.57175
BLOCK06/SES069/SA069S25	SES206	-3.6282	-11.1999	-7.57175
BLOCK06/SES069/SA069S25	SES226	-1.98574	-9.55749	-7.57175
BLOCK06/SES069/SA069S25	SES270	-3.03766	-10.6094	-7.57175
BLOCK06/SES069/SA069S27	SES087	-4.68023	-14.6467	-9.96646
BLOCK06/SES069/SA069S27	SES206	-4.18417	-14.1506	-9.96646
BLOCK06/SES069/SA069S27	SES226	-3.7683	-13.7348	-9.96646
BLOCK06/SES069/SA069S27	SES270	-4.14289	-14.1093	-9.96646
BLOCK08/SES081/SA081S11	SES060	-2.72494	-14.1213	-11.3964
BLOCK08/SES081/SA081S11	SES062	-3.00065	-14.397	-11.3964
BLOCK08/SES081/SA081S11	SES117	-2.673	-14.0694	-11.3964
BLOCK08/SES081/SA081S11	SES162	-2.71026	-14.1066	-11.3964
BLOCK08/SES081/SA081S13	SES016	-5.26091	-14.1912	-8.93027
BLOCK08/SES081/SA081S13	SES060	-1.92269	-10.853	-8.93027
BLOCK08/SES081/SA081S13	SES068	-5.87231	-14.8026	-8.93027
BLOCK08/SES081/SA081S13	SES129	-2.94717	-11.8774	-8.93027
BLOCK08/SES081/SA081S24	SES060	-1.71854	-11.9633	-10.2447
BLOCK08/SES081/SA081S24	SES068	-4.7908	-15.0355	-10.2447
BLOCK08/SES081/SA081S24	SES117	-1.85311	-12.0978	-10.2447
BLOCK08/SES081/SA081S24	SES275	-1.88596	-12.1307	-10.2447
BLOCK08/SES081/SA081S27	SES007	-1.99995	-18.0094	-16.0095
BLOCK08/SES081/SA081S27	SES060	-2.54037	-18.5499	-16.0095
BLOCK08/SES081/SA081S27	SES117	-2.10555	-18.1151	-16.0095
BLOCK08/SES081/SA081S27	SES275	-3.9609	-19.9704	-16.0095
BLOCK08/SES081/SA081S29	SES007	-2.2398	-16.1532	-13.9134
BLOCK08/SES081/SA081S29	SES060	-1.58511	-15.4985	-13.9134
BLOCK08/SES081/SA081S29	SES117	-1.53389	-15.4473	-13.9134
BLOCK08/SES081/SA081S29	SES275	-3.90668	-17.8201	-13.9134
BLOCK08/SES086/SA086S11	SES029	-2.53012	-15.6055	-13.0754
BLOCK08/SES086/SA086S11	SES082	-1.34801	-14.4234	-13.0754
BLOCK08/SES086/SA086S11	SES087	-1.06943	-14.1448	-13.0754
BLOCK08/SES086/SA086S11	SES206	-1.55795	-14.6333	-13.0754
BLOCK08/SES086/SA086S12	SES029	-2.13507	-13.279	-11.144
BLOCK08/SES086/SA086S12	SES082	-1.73834	-12.8823	-11.144
BLOCK08/SES086/SA086S12	SES087	-0.690136	-11.8341	-11.144
BLOCK08/SES086/SA086S12	SES206	-1.48961	-12.6336	-11.144
BLOCK08/SES086/SA086S20	SES029	-2.94759	-13.6765	-10.7289
BLOCK08/SES086/SA086S20	SES082	-2.16396	-12.8928	-10.7289
BLOCK08/SES086/SA086S20	SES087	-2.20945	-12.9383	-10.7289
BLOCK08/SES086/SA086S20	SES206	-1.71064	-12.4395	-10.7289
BLOCK08/SES086/SA086S24	SES087	-0.948627	-12.8295	-11.8808
BLOCK08/SES086/SA086S24	SES104	-1.62398	-13.5048	-11.8808
BLOCK08/SES086/SA086S24	SES120	-0.690768	-12.5716	-11.8808
BLOCK08/SES086/SA086S24	SES206	-0.985542	-12.8664	-11.8808
BLOCK08/SES086/SA086S28	SES029	-2.66319	-10.9877	-8.32449
BLOCK08/SES086/SA086S28	SES082	-1.92246	-10.247	-8.32449
BLOCK08/SES086/SA086S28	SES087	-1.28817	-9.61266	-8.32449
BLOCK08/SES086/SA086S28	SES206	-1.83688	-10.1614	-8.32449
BLOCK08/SES089/SA089S13	SES087	-2.96777	-14.3547	-11.3869
BLOCK08/SES089/SA089S13	SES206	-3.37125	-14.7581	-11.3869
BLOCK08/SES089/SA089S13	SES226	-1.79273	-13.1796	-11.3869
BLOCK08/SES089/SA089S13	SES270	-2.17553	-13.5624	-11.3869
BLOCK08/SES089/SA089S14	SES062	-2.13923	-11.3969	-9.25768
BLOCK08/SES089/SA089S14	SES087	-1.54759	-10.8053	-9.25768
BLOCK08/SES089/SA089S14	SES206	-2.01302	-11.2707	-9.25768
BLOCK08/SES089/SA089S14	SES226	-1.96012	-11.2178	-9.25768
BLOCK08/SES089/SA089S23	SES087	-2.73812	-15.9601	-13.222
BLOCK08/SES089/SA089S23	SES206	-3.00208	-16.2241	-13.222
BLOCK08/SES089/SA089S23	SES226	-2.08598	-15.308	-13.222
BLOCK08/SES089/SA089S23	SES270	-2.1328	-15.3548	-13.222
BLOCK08/SES089/SA089S25	SES062	-2.5917	-12.6708	-10.0791
BLOCK08/SES089/SA089S25	SES087	-2.98407	-13.0632	-10.0791
BLOCK08/SES089/SA089S25	SES206	-2.85875	-12.9379	-10.0791
BLOCK08/SES089/SA089S25	SES226	-1.77612	-11.8553	-10.0791
BLOCK08/SES089/SA089S28	SES062	-2.59008	-12.5068	-9.91672
BLOCK08/SES089/SA089S28	SES087	-2.14203	-12.0588	-9.91672
BLOCK08/SES089/SA089S28	SES206	-3.12229	-13.039	-9.91672
BLOCK08/SES089/SA089S28	SES226	-1.68834	-11.6051	-9.91672
BLOCK09/SES097/SA097S11	SES099	-2.54092	-11.2165	-8.67557
BLOCK09/SES097/SA097S11	SES125	-2.15465	-10.8302	-8.67557
BLOCK09/SES097/SA097S11	SES206	-3.57445	-12.25	-8.67557
BLOCK09/SES097/SA097S11	SES226	-1.22381	-9.89938	-8.67557
BLOCK09/SES097/SA097S14	SES062	-1.60572	-9.83438	-8.22866
BLOCK09/SES097/SA097S14	SES099	-2.19199	-10.4207	-8.22866
BLOCK09/SES097/SA097S14	SES104	-1.93664	-10.1653	-8.22866
BLOCK09/SES097/SA097S14	SES206	-3.45708	-11.6857	-8.22866
BLOCK09/SES097/SA097S22	SES099	-2.15526	-11.2712	-9.11593
BLOCK09/SES097/SA097S22	SES206	-3.05091	-12.1668	-9.11593
BLOCK09/SES097/SA097S22	SES226	-1.84551	-10.9614	-9.11593
BLOCK09/SES097/SA097S22	SES270	-2.69716	-11.8131	-9.11593
BLOCK09/SES097/SA097S26	SES099	-1.40539	-11.5026	-10.0972
BLOCK09/SES097/SA097S26	SES120	-2.57733	-12.6746	-10.0972
BLOCK09/SES097/SA097S26	SES206	-3.19079	-13.288	-10.0972
BLOCK09/SES097/SA097S26	SES226	-1.04063	-11.1379	-10.0972
BLOCK09/SES097/SA097S28	SES099	-1.19168	-9.84793	-8.65625
BLOCK09/SES097/SA097S28	SES120	-2.31714	-10.9734	-8.65625
BLOCK09/SES097/SA097S28	SES206	-2.44358	-11.0998	-8.65625
BLOCK09/SES097/SA097S28	SES226	-1.58713	-10.2434	-8.65625
BLOCK09/SES098/SA098S11	SES127	-4.10624	-14.537	-10.4307
BLOCK09/SES098/SA098S11	SES144	-2.59074	-13.0215	-10.4307
BLOCK09/SES098/SA098S11	SES147	-2.46392	-12.8947	-10.4307
BLOCK09/SES098/SA098S11	SES148	-3.57425	-14.005	-10.4307
BLOCK09/SES098/SA098S12	SES127	-3.71938	-16.2164	-12.497
BLOCK09/SES098/SA098S12	SES144	-3.25992	-15.7569	-12.497
BLOCK09/SES098/SA098S12	SES147	-2.9522	-15.4492	-12.497
BLOCK09/SES098/SA098S12	SES189	-4.19463	-16.6916	-12.497
BLOCK09/SES098/SA098S20	SES127	-6.15544	-21.3772	-15.2218
BLOCK09/SES098/SA098S20	SES147	-5.2716	-20.4934	-15.2218
BLOCK09/SES098/SA098S20	SES148	-6.47165	-21.6935	-15.2218
BLOCK09/SES098/SA098S20	SES292	-3.14758	-18.3694	-15.2218
BLOCK09/SES098/SA098S23	SES127	-3.55699	-15.067	-11.51
BLOCK09/SES098/SA098S23	SES147	-2.64295	-14.1529	-11.51
BLOCK09/SES098/SA098S23	SES187	-2.30327	-13.8132	-11.51
BLOCK09/SES098/SA098S23	SES292	-2.53513	-14.0451	-11.51
BLOCK09/SES098/SA098S27	SES127	-4.00434	-15.9295	-11.9252
BLOCK09/SES098/SA098S27	SES147	-2.86244	-14.7876	-11.9252
BLOCK09/SES098/SA098S27	SES148	-3.62576	-15.5509	-11.9252
BLOCK09/SES098/SA098S27	SES292	-2.41329	-14.3384	-11.9252
BLOCK10/SES102/SA102S13	SES101	-2.89437	-14.9597	-12.0653
BLOCK10/SES102/SA102S13	SES105	-2.08351	-14.1488	-12.0653
BLOCK10/SES102/SA102S13	SES120	-2.50786	-14.5731	-12.0653
BLOCK10/SES102/SA102S13	SES158	-3.12704	-15.1923	-12.0653
BLOCK10/SES102/SA102S14	SES007	-2.85093	-13.4484	-10.5975
BLOCK10/SES102/SA102S14	SES101	-4.47668	-15.0742	-10.5975
BLOCK10/SES102/SA102S14	SES105	-3.85522	-14.4527	-10.5975
BLOCK10/SES102/SA102S14	SES147	-4.46018	-15.0577	-10.5975
BLOCK10/SES102/SA102S22	SES007	-2.45409	-12.1035	-9.64946
BLOCK10/SES102/SA102S22	SES101	-3.62861	-13.2781	-9.64946
BLOCK10/SES102/SA102S22	SES105	-2.64907	-12.2985	-9.64946
BLOCK10/SES102/SA102S22	SES158	-2.55119	-12.2006	-9.64946
BLOCK10/SES102/SA102S25	SES007	-3.21447	-13.6772	-10.4628
BLOCK10/SES102/SA102S25	SES101	-3.91158	-14.3743	-10.4628
BLOCK10/SES102/SA102S25	SES105	-3.70174	-14.1645	-10.4628
BLOCK10/SES102/SA102S25	SES147	-4.21682	-14.6796	-10.4628
BLOCK10/SES102/SA102S27	SES007	-2.36904	-11.3492	-8.98016
BLOCK10/SES102/SA102S27	SES101	-2.34629	-11.3264	-8.98016
BLOCK10/SES102/SA102S27	SES105	-2.5247	-11.5049	-8.98016
BLOCK10/SES102/SA102S27	SES147	-2.49599	-11.4762	-8.98016
BLOCK10/SES103/SA103S14	SES105	-3.07989	-17.866	-14.7861
BLOCK10/SES103/SA103S14	SES106	-3.38027	-18.1664	-14.7861
BLOCK10/SES103/SA103S14	SES120	-2.8471	-17.6332	-14.7861
BLOCK10/SES103/SA103S14	SES206	-2.64884	-17.4349	-14.7861
BLOCK10/SES103/SA103S15	SES099	-2.71014	-15.5494	-12.8392
BLOCK10/SES103/SA103S15	SES101	-2.5241	-15.3633	-12.8392
BLOCK10/SES103/SA103S15	SES104	-2.12768	-14.9669	-12.8392
BLOCK10/SES103/SA103S15	SES125	-2.61029	-15.4495	-12.8392
BLOCK10/SES103/SA103S24	SES104	-2.52262	-12.0966	-9.57398
BLOCK10/SES103/SA103S24	SES125	-3.06569	-12.6397	-9.57398
BLOCK10/SES103/SA103S24	SES148	-3.00644	-12.5804	-9.57398
BLOCK10/SES103/SA103S24	SES158	-3.27727	-12.8512	-9.57398
BLOCK10/SES103/SA103S26	SES104	-2.27938	-14.6394	-12.36
BLOCK10/SES103/SA103S26	SES106	-1.93832	-14.2983	-12.36
BLOCK10/SES103/SA103S26	SES125	-2.16497	-14.525	-12.36
BLOCK10/SES103/SA103S26	SES148	-4.00134	-16.3613	-12.36
BLOCK10/SES103/SA103S28	SES104	-2.58202	-16.7502	-14.1682
BLOCK10/SES103/SA103S28	SES106	-2.29351	-16.4617	-14.1682
BLOCK10/SES103/SA103S28	SES125	-2.78223	-16.9504	-14.1682
BLOCK10/SES103/SA103S28	SES206	-2.11747	-16.2857	-14.1682
BLOCK12/SES121/SA121S12	SES042	-2.25758	-12.3165	-10.0589
BLOCK12/SES121/SA121S12	SES087	-1.70969	-11.7686	-10.0589
BLOCK12/SES121/SA121S12	SES105	0.0432501	-10.0157	-10.0589
BLOCK12/SES121/SA121S12	SES206	-0.94423	-11.0032	-10.0589
BLOCK12/SES121/SA121S14	SES007	-3.01401	-17.7744	-14.7603
BLOCK12/SES121/SA121S14	SES105	-2.70369	-17.464	-14.7603
BLOCK12/SES121/SA121S14	SES106	-4.27574	-19.0361	-14.7603
BLOCK12/SES121/SA121S14	SES206	-2.66744	-17.4278	-14.7603
BLOCK12/SES121/SA121S23	SES105	-2.14047	-14.3709	-12.2304
BLOCK12/SES121/SA121S23	SES106	-3.84206	-16.0725	-12.2304
BLOCK12/SES121/SA121S23	SES120	-2.4795	-14.7099	-12.2304
BLOCK12/SES121/SA121S23	SES206	-2.32963	-14.56	-12.2304
BLOCK12/SES121/SA121S25	SES007	-2.66784	-17.7201	-15.0523
BLOCK12/SES121/SA121S25	SES105	-2.81108	-17.8634	-15.0523
BLOCK12/SES121/SA121S25	SES106	-4.24251	-19.2948	-15.0523
BLOCK12/SES121/SA121S25	SES206	-2.29063	-17.3429	-15.0523
BLOCK12/SES121/SA121S27	SES087	-1.77948	-16.3156	-14.5361
BLOCK12/SES121/SA121S27	SES105	-2.73874	-17.2749	-14.5361
BLOCK12/SES121/SA121S27	SES120	-1.72167	-16.2578	-14.5361
BLOCK12/SES121/SA121S27	SES206	-2.67226	-17.2084	-14.5361
BLOCK12/SES124/SA124S16	SES042	-2.47276	-11.3231	-8.85033
BLOCK12/SES124/SA124S16	SES082	-1.67638	-10.5267	-8.85033
BLOCK12/SES124/SA124S16	SES183	-1.83665	-10.687	-8.85033
BLOCK12/SES124/SA124S16	SES206	-2.05631	-10.9066	-8.85033
BLOCK12/SES124/SA124S17	SES105	-4.03661	-16.782	-12.7454
BLOCK12/SES124/SA124S17	SES149	-2.77872	-15.5241	-12.7454
BLOCK12/SES124/SA124S17	SES158	-2.27639	-15.0218	-12.7454
BLOCK12/SES124/SA124S17	SES275	-4.34381	-17.0892	-12.7454
BLOCK12/SES124/SA124S23	SES105	-2.78749	-10.0696	-7.28209
BLOCK12/SES124/SA124S23	SES125	-1.38593	-8.66803	-7.28209
BLOCK12/SES124/SA124S23	SES129	-1.81962	-9.10171	-7.28209
BLOCK12/SES124/SA124S23	SES158	-3.32085	-10.6029	-7.28209
BLOCK12/SES124/SA124S26	SES105	-3.96319	-15.3028	-11.3397
BLOCK12/SES124/SA124S26	SES125	-2.72912	-14.0688	-11.3397
BLOCK12/SES124/SA124S26	SES129	-3.55455	-14.8942	-11.3397
BLOCK12/SES124/SA124S26	SES158	-2.68379	-14.0234	-11.3397
BLOCK12/SES124/SA124S28	SES104	-2.02022	-10.8851	-8.8649
BLOCK12/SES124/SA124S28	SES106	-2.02543	-10.8903	-8.8649
BLOCK12/SES124/SA124S28	SES125	-2.12577	-10.9907	-8.8649
BLOCK12/SES124/SA124S28	SES275	-3.36193	-12.2268	-8.8649
BLOCK12/SES126/SA126S13	SES007	-2.42219	-14.1416	-11.7194
BLOCK12/SES126/SA126S13	SES162	-2.17115	-13.8906	-11.7194
BLOCK12/SES126/SA126S13	SES177	-2.12045	-13.8399	-11.7194
BLOCK12/SES126/SA126S13	SES180	-2.27549	-13.9949	-11.7194
BLOCK12/SES126/SA126S14	SES144	-1.48543	-10.777	-9.29156
BLOCK12/SES126/SA126S14	SES148	-2.49434	-11.7859	-9.29156
BLOCK12/SES126/SA126S14	SES177	-1.45064	-10.7422	-9.29156
BLOCK12/SES126/SA126S14	SES180	-1.48596	-10.7775	-9.29156
BLOCK12/SES126/SA126S20	SES007	-2.24302	-8.87999	-6.63697
BLOCK12/SES126/SA126S20	SES162	-1.5285	-8.16546	-6.63697
BLOCK12/SES126/SA126S20	SES172	-1.58802	-8.22499	-6.63697
BLOCK12/SES126/SA126S20	SES180	-1.40103	-8.03799	-6.63697
BLOCK12/SES126/SA126S24	SES120	-3.12902	-11.6564	-8.52739
BLOCK12/SES126/SA126S24	SES162	-2.38749	-10.9149	-8.52739
BLOCK12/SES126/SA126S24	SES177	-2.3498	-10.8772	-8.52739
BLOCK12/SES126/SA126S24	SES180	-2.57228	-11.0997	-8.52739
BLOCK12/SES126/SA126S26	SES120	-2.35806	-10.248	-7.88998
BLOCK12/SES126/SA126S26	SES177	-2.53399	-10.424	-7.88998
BLOCK12/SES126/SA126S26	SES180	-1.43202	-9.32201	-7.88998
BLOCK12/SES126/SA126S26	SES202	-1.84435	-9.73433	-7.88998
BLOCK12/SES128/SA128S10	SES087	-2.88008	-12.4122	-9.53207
BLOCK12/SES128/SA128S10	SES206	-2.23743	-11.7695	-9.53207
BLOCK12/SES128/SA128S10	SES226	-2.52885	-12.0609	-9.53207
BLOCK12/SES128/SA128S10	SES270	-2.55061	-12.0827	-9.53207
BLOCK12/SES128/SA128S12	SES120	-1.98273	-13.2009	-11.2182
BLOCK12/SES128/SA128S12	SES158	-2.76513	-13.9833	-11.2182
BLOCK12/SES128/SA128S12	SES206	-1.74877	-12.967	-11.2182
BLOCK12/SES128/SA128S12	SES226	-3.51054	-14.7287	-11.2182
BLOCK12/SES128/SA128S21	SES106	-3.97555	-13.5297	-9.55418
BLOCK12/SES128/SA128S21	SES120	-3.13192	-12.6861	-9.55418
BLOCK12/SES128/SA128S21	SES206	-3.58372	-13.1379	-9.55418
BLOCK12/SES128/SA128S21	SES226	-2.1645	-11.7187	-9.55418
BLOCK12/SES128/SA128S24	SES087	-1.80678	-13.7991	-11.9923
BLOCK12/SES128/SA128S24	SES120	-1.72533	-13.7176	-11.9923
BLOCK12/SES128/SA128S24	SES206	-2.16043	-14.1527	-11.9923
BLOCK12/SES128/SA128S24	SES226	-2.70734	-14.6996	-11.9923
BLOCK12/SES128/SA128S27	SES099	-2.5001	-12.9849	-10.4848
BLOCK12/SES128/SA128S27	SES120	-2.08602	-12.5708	-10.4848
BLOCK12/SES128/SA128S27	SES206	-2.66828	-13.153	-10.4848
BLOCK12/SES128/SA128S27	SES226	-3.2003	-13.6851	-10.4848
BLOCK13/SES130/SA130S13	SES143	-1.94565	-12.9399	-10.9942
BLOCK13/SES130/SA130S13	SES144	-1.9312	-12.9254	-10.9942
BLOCK13/SES130/SA130S13	SES146	-2.87642	-13.8706	-10.9942
BLOCK13/SES130/SA130S13	SES275	-3.17089	-14.1651	-10.9942
BLOCK13/SES130/SA130S15	SES143	-3.26186	-11.5494	-8.28753
BLOCK13/SES130/SA130S15	SES144	-2.37289	-10.6604	-8.28753
BLOCK13/SES130/SA130S15	SES146	-3.34197	-11.6295	-8.28753
BLOCK13/SES130/SA130S15	SES275	-3.11075	-11.3983	-8.28753
BLOCK13/SES130/SA130S23	SES127	-2.65275	-10.3909	-7.73817
BLOCK13/SES130/SA130S23	SES144	-1.51406	-9.25223	-7.73817
BLOCK13/SES130/SA130S23	SES146	-2.73464	-10.4728	-7.73817
BLOCK13/SES130/SA130S23	SES162	-2.0239	-9.76208	-7.73817
BLOCK13/SES130/SA130S25	SES127	-3.28177	-9.4157	-6.13392
BLOCK13/SES130/SA130S25	SES144	-2.40403	-8.53795	-6.13392
BLOCK13/SES130/SA130S25	SES146	-3.32757	-9.4615	-6.13392
BLOCK13/SES130/SA130S25	SES275	-3.12739	-9.26131	-6.13392
BLOCK13/SES130/SA130S28	SES127	-3.59423	-12.0557	-8.46145
BLOCK13/SES130/SA130S28	SES144	-2.39846	-10.8599	-8.46145
BLOCK13/SES130/SA130S28	SES146	-2.40303	-10.8645	-8.46145
BLOCK13/SES130/SA130S28	SES275	-2.43246	-10.8939	-8.46145
BLOCK13/SES131/SA131S13	SES002	-2.0475	-10.8753	-8.82776
BLOCK13/SES131/SA131S13	SES007	-1.99129	-10.8191	-8.82776
BLOCK13/SES131/SA131S13	SES099	-1.78853	-10.6163	-8.82776
BLOCK13/SES131/SA131S13	SES105	-1.72252	-10.5503	-8.82776
BLOCK13/SES131/SA131S14	SES104	-2.10527	-6.97977	-4.8745
BLOCK13/SES131/SA131S14	SES106	-2.08245	-6.95695	-4.8745
BLOCK13/SES131/SA131S14	SES125	-2.30092	-7.17543	-4.8745
BLOCK13/SES131/SA131S14	SES148	-1.94117	-6.81568	-4.8745
BLOCK13/SES131/SA131S20	SES104	-1.83236	-12.2006	-10.3682
BLOCK13/SES131/SA131S20	SES106	-2.2021	-12.5703	-10.3682
BLOCK13/SES131/SA131S20	SES125	-2.19583	-12.564	-10.3682
BLOCK13/SES131/SA131S20	SES148	-2.46236	-12.8306	-10.3682
BLOCK13/SES131/SA131S22	SES099	-3.02245	-11.6532	-8.63075
BLOCK13/SES131/SA131S22	SES104	-2.1836	-10.8143	-8.63075
BLOCK13/SES131/SA131S22	SES125	-2.15085	-10.7816	-8.63075
BLOCK13/SES131/SA131S22	SES206	-2.8266	-11.4573	-8.63075
BLOCK13/SES131/SA131S29	SES087	-3.18243	-13.9105	-10.7281
BLOCK13/SES131/SA131S29	SES104	-3.38862	-14.1167	-10.7281
BLOCK13/SES131/SA131S29	SES125	-3.6106	-14.3387	-10.7281
BLOCK13/SES131/SA131S29	SES206	-3.37755	-14.1056	-10.7281
BLOCK13/SES132/SA132S11	SES083	-1.92895	-14.2104	-12.2814
BLOCK13/SES132/SA132S11	SES120	-1.70738	-13.9888	-12.2814
BLOCK13/SES132/SA132S11	SES127	-3.59521	-15.8766	-12.2814
BLOCK13/SES132/SA132S11	SES275	-2.75525	-15.0367	-12.2814
BLOCK13/SES132/SA132S12	SES083	-2.07379	-10.3683	-8.29455
BLOCK13/SES132/SA132S12	SES143	-2.94615	-11.2407	-8.29455
BLOCK13/SES132/SA132S12	SES144	-1.91314	-10.2077	-8.29455
BLOCK13/SES132/SA132S12	SES148	-2.36042	-10.655	-8.29455
BLOCK13/SES132/SA132S22	SES062	-2.3203	-13.1074	-10.7871
BLOCK13/SES132/SA132S22	SES083	-2.1472	-12.9343	-10.7871
BLOCK13/SES132/SA132S22	SES127	-3.00908	-13.7962	-10.7871
BLOCK13/SES132/SA132S22	SES275	-2.44643	-13.2335	-10.7871
BLOCK13/SES132/SA132S24	SES007	-2.68782	-11.6642	-8.97635
BLOCK13/SES132/SA132S24	SES083	-2.3085	-11.2848	-8.97635
BLOCK13/SES132/SA132S24	SES127	-4.2736	-13.2499	-8.97635
BLOCK13/SES132/SA132S24	SES275	-2.73637	-11.7127	-8.97635
BLOCK13/SES132/SA132S27	SES083	-2.60876	-15.0557	-12.4469
BLOCK13/SES132/SA132S27	SES120	-1.82766	-14.2746	-12.4469
BLOCK13/SES132/SA132S27	SES127	-5.71146	-18.1584	-12.4469
BLOCK13/SES132/SA132S27	SES275	-2.79424	-15.2412	-12.4469
BLOCK14/SES141/SA141S09	SES143	-2.6704	-10.4336	-7.76319
BLOCK14/SES141/SA141S09	SES144	-1.54664	-9.30983	-7.76319
BLOCK14/SES141/SA141S09	SES162	-1.63204	-9.39523	-7.76319
BLOCK14/SES141/SA141S09	SES180	-1.98696	-9.75015	-7.76319
BLOCK14/SES141/SA141S15	SES127	-1.46282	-10.3496	-8.88681
BLOCK14/SES141/SA141S15	SES144	-1.13804	-10.0248	-8.88681
BLOCK14/SES141/SA141S15	SES162	-1.19509	-10.0819	-8.88681
BLOCK14/SES141/SA141S15	SES180	-1.16484	-10.0516	-8.88681
BLOCK14/SES141/SA141S24	SES127	-2.43628	-13.016	-10.5797
BLOCK14/SES141/SA141S24	SES144	-1.8613	-12.441	-10.5797
BLOCK14/SES141/SA141S24	SES162	-0.967888	-11.5476	-10.5797
BLOCK14/SES141/SA141S24	SES183	-1.80389	-12.3836	-10.5797
BLOCK14/SES141/SA141S26	SES142	-1.8101	-11.9231	-10.113
BLOCK14/SES141/SA141S26	SES144	-2.12024	-12.2333	-10.113
BLOCK14/SES141/SA141S26	SES172	-1.90757	-12.0206	-10.113
BLOCK14/SES141/SA141S26	SES180	-2.25772	-12.3708	-10.113
BLOCK14/SES141/SA141S29	SES127	-2.25911	-10.5287	-8.2696
BLOCK14/SES141/SA141S29	SES142	-2.30783	-10.5774	-8.2696
BLOCK14/SES141/SA141S29	SES144	-2.11066	-10.3803	-8.2696
BLOCK14/SES141/SA141S29	SES180	-1.91462	-10.1842	-8.2696
BLOCK15/SES157/SA157S08	SES083	-2.67033	-10.3553	-7.68501
BLOCK15/SES157/SA157S08	SES127	-3.56944	-11.2545	-7.68501
BLOCK15/SES157/SA157S08	SES148	-2.95654	-10.6416	-7.68501
BLOCK15/SES157/SA157S08	SES292	-3.02762	-10.7126	-7.68501
BLOCK15/SES157/SA157S11	SES083	-2.8105	-11.219	-8.40854
BLOCK15/SES157/SA157S11	SES127	-4.45335	-12.8619	-8.40854
BLOCK15/SES157/SA157S11	SES148	-3.26736	-11.6759	-8.40854
BLOCK15/SES157/SA157S11	SES292	-3.00967	-11.4182	-8.40854
BLOCK15/SES157/SA157S21	SES127	-2.2304	-8.78782	-6.55742
BLOCK15/SES157/SA157S21	SES148	-2.4652	-9.02262	-6.55742
BLOCK15/SES157/SA157S21	SES158	-5.82571	-12.3831	-6.55742
BLOCK15/SES157/SA157S21	SES292	-2.38862	-8.94605	-6.55742
BLOCK15/SES157/SA157S24	SES127	-3.24704	-12.2414	-8.99432
BLOCK15/SES157/SA157S24	SES148	-2.88237	-11.8767	-8.99432
BLOCK15/SES157/SA157S24	SES183	-2.64844	-11.6428	-8.99432
BLOCK15/SES157/SA157S24	SES292	-2.76502	-11.7593	-8.99432
BLOCK15/SES157/SA157S26	SES007	-3.28278	-11.0973	-7.81454
BLOCK15/SES157/SA157S26	SES127	-3.83099	-11.6455	-7.81454
BLOCK15/SES157/SA157S26	SES147	-2.85623	-10.6708	-7.81454
BLOCK15/SES157/SA157S26	SES148	-3.67966	-11.4942	-7.81454
BLOCK16/SES161/SA161S10	SES007	-2.40242	-12.5712	-10.1688
BLOCK16/SES161/SA161S10	SES105	-2.08069	-12.2495	-10.1688
BLOCK16/SES161/SA161S10	SES158	-2.67067	-12.8394	-10.1688
BLOCK16/SES161/SA161S10	SES275	-2.60181	-12.7706	-10.1688
BLOCK16/SES161/SA161S12	SES007	-2.95087	-16.9545	-14.0037
BLOCK16/SES161/SA161S12	SES105	-2.6513	-16.655	-14.0037
BLOCK16/SES161/SA161S12	SES158	-3.32927	-17.3329	-14.0037
BLOCK16/SES161/SA161S12	SES275	-3.26836	-17.272	-14.0037
BLOCK16/SES161/SA161S20	SES007	-2.77076	-16.518	-13.7472
BLOCK16/SES161/SA161S20	SES105	-3.12413	-16.8713	-13.7472
BLOCK16/SES161/SA161S20	SES158	-2.92299	-16.6702	-13.7472
BLOCK16/SES161/SA161S20	SES275	-4.02001	-17.7672	-13.7472
BLOCK16/SES161/SA161S23	SES007	-3.52165	-18.8584	-15.3368
BLOCK16/SES161/SA161S23	SES105	-2.12642	-17.4632	-15.3368
BLOCK16/SES161/SA161S23	SES148	-2.77948	-18.1163	-15.3368
BLOCK16/SES161/SA161S23	SES158	-3.89568	-19.2325	-15.3368
BLOCK16/SES161/SA161S28	SES007	-2.85476	-16.8519	-13.9972
BLOCK16/SES161/SA161S28	SES105	-3.82066	-17.8178	-13.9972
BLOCK16/SES161/SA161S28	SES158	-2.89985	-16.897	-13.9972
BLOCK16/SES161/SA161S28	SES206	-2.48237	-16.4795	-13.9972
BLOCK16/SES164/SA164S11	SES104	-2.35292	-9.82859	-7.47566
BLOCK16/SES164/SA164S11	SES125	-2.55532	-10.031	-7.47566
BLOCK16/SES164/SA164S11	SES158	-4.74815	-12.2238	-7.47566
BLOCK16/SES164/SA164S11	SES206	-3.43252	-10.9082	-7.47566
BLOCK16/SES164/SA164S13	SES099	-3.6351	-11.2697	-7.63463
BLOCK16/SES164/SA164S13	SES104	-2.57778	-10.2124	-7.63463
BLOCK16/SES164/SA164S13	SES125	-2.90636	-10.541	-7.63463
BLOCK16/SES164/SA164S13	SES206	-3.84629	-11.4809	-7.63463
BLOCK16/SES164/SA164S24	SES002	-2.47707	-10.0293	-7.55224
BLOCK16/SES164/SA164S24	SES099	-4.49966	-12.0519	-7.55224
BLOCK16/SES164/SA164S24	SES125	-3.19781	-10.75	-7.55224
BLOCK16/SES164/SA164S24	SES226	-2.04556	-9.5978	-7.55224
BLOCK16/SES164/SA164S27	SES087	-2.17694	-10.5575	-8.38057
BLOCK16/SES164/SA164S27	SES125	-1.14761	-9.52818	-8.38057
BLOCK16/SES164/SA164S27	SES206	-2.5535	-10.9341	-8.38057
BLOCK16/SES164/SA164S27	SES226	-0.911017	-9.29158	-8.38057
BLOCK16/SES164/SA164S29	SES002	-2.18696	-9.26783	-7.08088
BLOCK16/SES164/SA164S29	SES019	-3.42937	-10.5102	-7.08088
BLOCK16/SES164/SA164S29	SES125	-2.68958	-9.77045	-7.08088
BLOCK16/SES164/SA164S29	SES226	-1.7316	-8.81248	-7.08088
BLOCK16/SES169/SA169S13	SES117	-2.04231	-12.3261	-10.2838
BLOCK16/SES169/SA169S13	SES144	-2.25949	-12.5433	-10.2838
BLOCK16/SES169/SA169S13	SES146	-2.01944	-12.3033	-10.2838
BLOCK16/SES169/SA169S13	SES162	-1.80576	-12.0896	-10.2838
BLOCK16/SES169/SA169S14	SES144	-2.384	-9.82564	-7.44164
BLOCK16/SES169/SA169S14	SES148	-2.4366	-9.87824	-7.44164
BLOCK16/SES169/SA169S14	SES177	-2.30309	-9.74473	-7.44164
BLOCK16/SES169/SA169S14	SES180	-2.5035	-9.94514	-7.44164
BLOCK16/SES169/SA169S24	SES117	-1.57897	-10.2755	-8.69658
BLOCK16/SES169/SA169S24	SES144	-1.21397	-9.91055	-8.69658
BLOCK16/SES169/SA169S24	SES146	-1.45	-10.1466	-8.69658
BLOCK16/SES169/SA169S24	SES162	-0.864991	-9.56157	-8.69658
BLOCK16/SES169/SA169S27	SES127	-2.35032	-11.6752	-9.32488
BLOCK16/SES169/SA169S27	SES129	-2.06418	-11.3891	-9.32488
BLOCK16/SES169/SA169S27	SES144	-2.28855	-11.6134	-9.32488
BLOCK16/SES169/SA169S27	SES146	-2.17376	-11.4986	-9.32488
BLOCK16/SES169/SA169S29	SES144	-1.95276	-8.29197	-6.3392
BLOCK16/SES169/SA169S29	SES162	-1.83889	-8.17809	-6.3392
BLOCK16/SES169/SA169S29	SES177	-2.07475	-8.41396	-6.3392
BLOCK16/SES169/SA169S29	SES180	-2.16927	-8.50847	-6.3392
BLOCK17/SES171/SA171S12	SES083	-3.02522	-12.5336	-9.50837
BLOCK17/SES171/SA171S12	SES148	-2.69765	-12.206	-9.50837
BLOCK17/SES171/SA171S12	SES172	-2.89511	-12.4035	-9.50837
BLOCK17/SES171/SA171S12	SES292	-2.70236	-12.2107	-9.50837
BLOCK17/SES171/SA171S15	SES148	-2.26118	-12.0122	-9.75101
BLOCK17/SES171/SA171S15	SES177	-2.32786	-12.0789	-9.75101
BLOCK17/SES171/SA171S15	SES180	-2.98156	-12.7326	-9.75101
BLOCK17/SES171/SA171S15	SES292	-2.36096	-12.112	-9.75101
BLOCK17/SES171/SA171S22	SES007	-3.07012	-9.98225	-6.91213
BLOCK17/SES171/SA171S22	SES148	-2.78361	-9.69574	-6.91213
BLOCK17/SES171/SA171S22	SES177	-2.96204	-9.87416	-6.91213
BLOCK17/SES171/SA171S22	SES180	-4.15506	-11.0672	-6.91213
BLOCK17/SES171/SA171S25	SES101	-3.1457	-13.8531	-10.7074
BLOCK17/SES171/SA171S25	SES120	-3.52687	-14.2342	-10.7074
BLOCK17/SES171/SA171S25	SES177	-2.90409	-13.6115	-10.7074
BLOCK17/SES171/SA171S25	SES180	-3.22738	-13.9348	-10.7074
BLOCK17/SES171/SA171S27	SES177	-2.31431	-12.8189	-10.5046
BLOCK17/SES171/SA171S27	SES180	-3.35561	-13.8602	-10.5046
BLOCK17/SES171/SA171S27	SES189	-2.01734	-12.522	-10.5046
BLOCK17/SES171/SA171S27	SES292	-2.49454	-12.9992	-10.5046
BLOCK17/SES173/SA173S13	SES162	-2.53353	-12.7953	-10.2618
BLOCK17/SES173/SA173S13	SES177	-2.16066	-12.4224	-10.2618
BLOCK17/SES173/SA173S13	SES180	-2.63344	-12.8952	-10.2618
BLOCK17/SES173/SA173S13	SES292	-2.29415	-12.5559	-10.2618
BLOCK17/SES173/SA173S14	SES007	-2.31648	-11.4253	-9.1088
BLOCK17/SES173/SA173S14	SES162	-2.04875	-11.1575	-9.1088
BLOCK17/SES173/SA173S14	SES177	-1.72289	-10.8317	-9.1088
BLOCK17/SES173/SA173S14	SES180	-2.38199	-11.4908	-9.1088
BLOCK17/SES173/SA173S24	SES144	-2.86246	-13.1362	-10.2738
BLOCK17/SES173/SA173S24	SES162	-2.62282	-12.8966	-10.2738
BLOCK17/SES173/SA173S24	SES177	-2.03575	-12.3095	-10.2738
BLOCK17/SES173/SA173S24	SES180	-3.76645	-14.0402	-10.2738
BLOCK17/SES173/SA173S27	SES162	-2.03234	-12.4329	-10.4006
BLOCK17/SES173/SA173S27	SES177	-1.64114	-12.0417	-10.4006
BLOCK17/SES173/SA173S27	SES180	-1.88667	-12.2872	-10.4006
BLOCK17/SES173/SA173S27	SES292	-1.7615	-12.1621	-10.4006
BLOCK17/SES173/SA173S29	SES162	-2.10593	-9.94451	-7.83858
BLOCK17/SES173/SA173S29	SES175	-1.88488	-9.72346	-7.83858
BLOCK17/SES173/SA173S29	SES177	-2.01134	-9.84992	-7.83858
BLOCK17/SES173/SA173S29	SES292	-1.9593	-9.79787	-7.83858
BLOCK18/SES182/SA182S10	SES144	-3.81562	-13.7113	-9.89567
BLOCK18/SES182/SA182S10	SES177	-2.6599	-12.5556	-9.89567
BLOCK18/SES182/SA182S10	SES180	-4.04701	-13.9427	-9.89567
BLOCK18/SES182/SA182S10	SES275	-3.38178	-13.2774	-9.89567
BLOCK18/SES182/SA182S12	SES144	-4.94514	-15.0815	-10.1364
BLOCK18/SES182/SA182S12	SES177	-3.39952	-13.5359	-10.1364
BLOCK18/SES182/SA182S12	SES180	-5.60958	-15.746	-10.1364
BLOCK18/SES182/SA182S12	SES275	-3.88657	-14.023	-10.1364
BLOCK18/SES182/SA182S21	SES117	-2.77486	-14.1821	-11.4072
BLOCK18/SES182/SA182S21	SES144	-3.18595	-14.5932	-11.4072
BLOCK18/SES182/SA182S21	SES162	-2.55393	-13.9612	-11.4072
BLOCK18/SES182/SA182S21	SES180	-3.97645	-15.3837	-11.4072
BLOCK18/SES182/SA182S23	SES117	-3.05287	-17.7892	-14.7363
BLOCK18/SES182/SA182S23	SES144	-5.58125	-20.3175	-14.7363
BLOCK18/SES182/SA182S23	SES180	-5.86787	-20.6042	-14.7363
BLOCK18/SES182/SA182S23	SES275	-3.54005	-18.2764	-14.7363
BLOCK18/SES182/SA182S25	SES007	-2.03356	-11.8697	-9.83617
BLOCK18/SES182/SA182S25	SES162	-2.53275	-12.3689	-9.83617
BLOCK18/SES182/SA182S25	SES177	-2.15503	-11.9912	-9.83617
BLOCK18/SES182/SA182S25	SES180	-3.38652	-13.2227	-9.83617
BLOCK18/SES184/SA184S12	SES177	-2.14308	-11.0608	-8.9177
BLOCK18/SES184/SA184S12	SES180	-1.84465	-10.7623	-8.9177
BLOCK18/SES184/SA184S12	SES189	-3.81788	-12.7356	-8.9177
BLOCK18/SES184/SA184S12	SES292	-1.90092	-10.8186	-8.9177
BLOCK18/SES184/SA184S13	SES101	-3.10413	-12.364	-9.25983
BLOCK18/SES184/SA184S13	SES177	-3.26359	-12.5234	-9.25983
BLOCK18/SES184/SA184S13	SES180	-2.52449	-11.7843	-9.25983
BLOCK18/SES184/SA184S13	SES292	-2.64384	-11.9037	-9.25983
BLOCK18/SES184/SA184S22	SES177	-2.86702	-11.7901	-8.92306
BLOCK18/SES184/SA184S22	SES180	-2.32764	-11.2507	-8.92306
BLOCK18/SES184/SA184S22	SES189	-4.56926	-13.4923	-8.92306
BLOCK18/SES184/SA184S22	SES292	-2.88955	-11.8126	-8.92306
BLOCK18/SES184/SA184S25	SES101	-2.88392	-10.8339	-7.94995
BLOCK18/SES184/SA184S25	SES177	-3.98013	-11.9301	-7.94995
BLOCK18/SES184/SA184S25	SES180	-2.51706	-10.467	-7.94995
BLOCK18/SES184/SA184S25	SES292	-3.13715	-11.0871	-7.94995
BLOCK18/SES184/SA184S27	SES083	-2.91706	-11.2917	-8.37463
BLOCK18/SES184/SA184S27	SES177	-2.35547	-10.7301	-8.37463
BLOCK18/SES184/SA184S27	SES202	-2.09415	-10.4688	-8.37463
BLOCK18/SES184/SA184S27	SES292	-1.87514	-10.2498	-8.37463
BLOCK20/SES204/SA204S12	SES062	-1.78287	-11.1848	-9.40194
BLOCK20/SES204/SA204S12	SES083	-1.80013	-11.2021	-9.40194
BLOCK20/SES204/SA204S12	SES206	-1.96249	-11.3644	-9.40194
BLOCK20/SES204/SA204S12	SES226	-2.48292	-11.8849	-9.40194
BLOCK20/SES204/SA204S14	SES068	-3.9296	-11.886	-7.95642
BLOCK20/SES204/SA204S14	SES087	-3.11429	-11.0707	-7.95642
BLOCK20/SES204/SA204S14	SES206	-3.42033	-11.3767	-7.95642
BLOCK20/SES204/SA204S14	SES226	-2.82293	-10.7793	-7.95642
BLOCK20/SES204/SA204S22	SES068	-5.01685	-14.4553	-9.43849
BLOCK20/SES204/SA204S22	SES082	-3.08746	-12.526	-9.43849
BLOCK20/SES204/SA204S22	SES083	-3.05928	-12.4978	-9.43849
BLOCK20/SES204/SA204S22	SES206	-3.15175	-12.5902	-9.43849
BLOCK20/SES204/SA204S25	SES062	-3.21996	-13.5405	-10.3205
BLOCK20/SES204/SA204S25	SES083	-2.90686	-13.2274	-10.3205
BLOCK20/SES204/SA204S25	SES206	-3.05843	-13.379	-10.3205
BLOCK20/SES204/SA204S25	SES226	-2.95564	-13.2762	-10.3205
BLOCK20/SES204/SA204S27	SES068	-3.60362	-12.8697	-9.26613
BLOCK20/SES204/SA204S27	SES082	-3.14079	-12.4069	-9.26613
BLOCK20/SES204/SA204S27	SES087	-2.66841	-11.9345	-9.26613
BLOCK20/SES204/SA204S27	SES206	-3.37475	-12.6409	-9.26613
BLOCK20/SES207/SA207S10	SES127	-3.22178	-10.9916	-7.76982
BLOCK20/SES207/SA207S10	SES183	-2.53864	-10.3085	-7.76982
BLOCK20/SES207/SA207S10	SES189	-3.14252	-10.9123	-7.76982
BLOCK20/SES207/SA207S10	SES292	-2.98994	-10.7598	-7.76982
BLOCK20/SES207/SA207S11	SES127	-1.87217	-9.56414	-7.69198
BLOCK20/SES207/SA207S11	SES183	-2.47981	-10.1718	-7.69198
BLOCK20/SES207/SA207S11	SES187	-2.56062	-10.2526	-7.69198
BLOCK20/SES207/SA207S11	SES292	-2.30874	-10.0007	-7.69198
BLOCK20/SES207/SA207S25	SES068	-4.16002	-14.0721	-9.91205
BLOCK20/SES207/SA207S25	SES083	-2.98769	-12.8997	-9.91205
BLOCK20/SES207/SA207S25	SES127	-2.3423	-12.2544	-9.91205
BLOCK20/SES207/SA207S25	SES187	-2.63949	-12.5515	-9.91205
BLOCK20/SES207/SA207S27	SES127	-3.05902	-13.868	-10.809
BLOCK20/SES207/SA207S27	SES183	-2.63008	-13.439	-10.809
BLOCK20/SES207/SA207S27	SES187	-2.55826	-13.3672	-10.809
BLOCK20/SES207/SA207S27	SES292	-2.63382	-13.4428	-10.809
BLOCK20/SES207/SA207S29	SES083	-2.66651	-9.50398	-6.83748
BLOCK20/SES207/SA207S29	SES085	-1.57034	-8.40781	-6.83748
BLOCK20/SES207/SA207S29	SES172	-1.00671	-7.84418	-6.83748
BLOCK20/SES207/SA207S29	SES189	-3.97643	-10.8139	-6.83748
BLOCK22/SES221/SA221S12	SES068	-3.79538	-12.4739	-8.67857
BLOCK22/SES221/SA221S12	SES143	-2.54418	-11.2227	-8.67857
BLOCK22/SES221/SA221S12	SES175	-2.34425	-11.0228	-8.67857
BLOCK22/SES221/SA221S12	SES202	-1.94586	-10.6244	-8.67857
BLOCK22/SES221/SA221S15	SES085	-2.43448	-11.0428	-8.60836
BLOCK22/SES221/SA221S15	SES143	-2.87763	-11.486	-8.60836
BLOCK22/SES221/SA221S15	SES175	-2.43487	-11.0432	-8.60836
BLOCK22/SES221/SA221S15	SES187	-2.84311	-11.4515	-8.60836
BLOCK22/SES221/SA221S23	SES068	-4.13997	-13.8089	-9.66891
BLOCK22/SES221/SA221S23	SES143	-2.85998	-12.5289	-9.66891
BLOCK22/SES221/SA221S23	SES175	-2.66533	-12.3342	-9.66891
BLOCK22/SES221/SA221S23	SES189	-2.85201	-12.5209	-9.66891
BLOCK22/SES221/SA221S27	SES085	-1.72441	-11.0883	-9.36386
BLOCK22/SES221/SA221S27	SES143	-2.30038	-11.6642	-9.36386
BLOCK22/SES221/SA221S27	SES175	-2.49851	-11.8624	-9.36386
BLOCK22/SES221/SA221S27	SES189	-3.33468	-12.6985	-9.36386
BLOCK22/SES221/SA221S29	SES085	-1.93629	-15.2585	-13.3222
BLOCK22/SES221/SA221S29	SES143	-2.18939	-15.5116	-13.3222
BLOCK22/SES221/SA221S29	SES175	-2.29637	-15.6186	-13.3222
BLOCK22/SES221/SA221S29	SES187	-2.85361	-16.1758	-13.3222
BLOCK22/SES223/SA223S11	SES143	-2.04189	-12.8498	-10.8079
BLOCK22/SES223/SA223S11	SES144	-2.43087	-13.2388	-10.8079
BLOCK22/SES223/SA223S11	SES175	-1.75619	-12.5641	-10.8079
BLOCK22/SES223/SA223S11	SES187	-2.29246	-13.1004	-10.8079
BLOCK22/SES223/SA223S13	SES068	-5.01349	-17.7587	-12.7452
BLOCK22/SES223/SA223S13	SES143	-2.50277	-15.248	-12.7452
BLOCK22/SES223/SA223S13	SES146	-2.44917	-15.1944	-12.7452
BLOCK22/SES223/SA223S13	SES202	-2.25833	-15.0035	-12.7452
BLOCK22/SES223/SA223S22	SES143	-1.83681	-11.382	-9.54516
BLOCK22/SES223/SA223S22	SES144	-1.98093	-11.5261	-9.54516
BLOCK22/SES223/SA223S22	SES175	-1.48564	-11.0308	-9.54516
BLOCK22/SES223/SA223S22	SES187	-1.68126	-11.2264	-9.54516
BLOCK22/SES223/SA223S25	SES068	-4.67112	-14.9925	-10.3214
BLOCK22/SES223/SA223S25	SES143	-2.53806	-12.8594	-10.3214
BLOCK22/SES223/SA223S25	SES175	-2.10259	-12.424	-10.3214
BLOCK22/SES223/SA223S25	SES187	-2.51567	-12.8371	-10.3214
BLOCK22/SES223/SA223S27	SES143	-3.09118	-15.5863	-12.4951
BLOCK22/SES223/SA223S27	SES146	-4.28327	-16.7784	-12.4951
BLOCK22/SES223/SA223S27	SES187	-3.26672	-15.7618	-12.4951
BLOCK22/SES223/SA223S27	SES292	-3.17377	-15.6689	-12.4951
BLOCK27/SES273/SA273S12	SES099	-3.0048	-13.997	-10.9922
BLOCK27/SES273/SA273S12	SES104	-3.53851	-14.5307	-10.9922
BLOCK27/SES273/SA273S12	SES125	-3.49424	-14.4865	-10.9922
BLOCK27/SES273/SA273S12	SES206	-3.02551	-14.0177	-10.9922
BLOCK27/SES273/SA273S13	SES099	-3.40254	-11.51	-8.10748
BLOCK27/SES273/SA273S13	SES104	-2.88832	-10.9958	-8.10748
BLOCK27/SES273/SA273S13	SES206	-3.22052	-11.328	-8.10748
BLOCK27/SES273/SA273S13	SES292	-2.61209	-10.7196	-8.10748
BLOCK27/SES273/SA273S21	SES099	-2.37833	-11.1461	-8.76777
BLOCK27/SES273/SA273S21	SES148	-2.78515	-11.5529	-8.76777
BLOCK27/SES273/SA273S21	SES149	-2.47869	-11.2465	-8.76777
BLOCK27/SES273/SA273S21	SES177	-2.55468	-11.3224	-8.76777
BLOCK27/SES273/SA273S25	SES104	-3.31563	-15.4276	-12.112
BLOCK27/SES273/SA273S25	SES125	-3.23504	-15.347	-12.112
BLOCK27/SES273/SA273S25	SES158	-2.10671	-14.2187	-12.112
BLOCK27/SES273/SA273S25	SES206	-2.00067	-14.1127	-12.112
BLOCK27/SES273/SA273S27	SES099	-3.40247	-10.7708	-7.36831
BLOCK27/SES273/SA273S27	SES104	-3.5094	-10.8777	-7.36831
BLOCK27/SES273/SA273S27	SES149	-2.98557	-10.3539	-7.36831
BLOCK27/SES273/SA273S27	SES275	-2.69999	-10.0683	-7.36831
BLOCK27/SES274/SA274S10	SES105	-4.32073	-11.3086	-6.98786
BLOCK27/SES274/SA274S10	SES125	-4.08339	-11.0713	-6.98786
BLOCK27/SES274/SA274S10	SES129	-1.71798	-8.70584	-6.98786
BLOCK27/SES274/SA274S10	SES158	-8.1011	-15.089	-6.98786
BLOCK27/SES274/SA274S11	SES105	-3.27665	-12.2714	-8.99475
BLOCK27/SES274/SA274S11	SES149	-3.07248	-12.0672	-8.99475
BLOCK27/SES274/SA274S11	SES158	-4.19084	-13.1856	-8.99475
BLOCK27/SES274/SA274S11	SES275	-3.20413	-12.1989	-8.99475
BLOCK27/SES274/SA274S21	SES105	-2.59903	-10.7999	-8.20087
BLOCK27/SES274/SA274S21	SES129	-2.45357	-10.6544	-8.20087
BLOCK27/SES274/SA274S21	SES149	-2.92399	-11.1249	-8.20087
BLOCK27/SES274/SA274S21	SES158	-4.78638	-12.9872	-8.20087
BLOCK27/SES274/SA274S24	SES105	-3.56627	-11.8802	-8.31392
BLOCK27/SES274/SA274S24	SES129	-2.05551	-10.3694	-8.31392
BLOCK27/SES274/SA274S24	SES149	-3.51021	-11.8241	-8.31392
BLOCK27/SES274/SA274S24	SES158	-6.67301	-14.9869	-8.31392
BLOCK27/SES274/SA274S29	SES105	-3.03902	-11.5713	-8.53223
BLOCK27/SES274/SA274S29	SES106	-3.29218	-11.8244	-8.53223
BLOCK27/SES274/SA274S29	SES120	-2.80094	-11.3332	-8.53223
BLOCK27/SES274/SA274S29	SES275	-2.5334	-11.0656	-8.53223
BLOCK27/SES276/SA276S16	SES148	-3.40983	-13.8982	-10.4884
BLOCK27/SES276/SA276S16	SES172	-1.97439	-12.4628	-10.4884
BLOCK27/SES276/SA276S16	SES180	-2.31214	-12.8005	-10.4884
BLOCK27/SES276/SA276S16	SES292	-2.58018	-13.0686	-10.4884
BLOCK27/SES276/SA276S17	SES101	-2.01415	-10.2564	-8.24222
BLOCK27/SES276/SA276S17	SES177	-2.6513	-10.8935	-8.24222
BLOCK27/SES276/SA276S17	SES180	-2.18085	-10.4231	-8.24222
BLOCK27/SES276/SA276S17	SES292	-2.29025	-10.5325	-8.24222
BLOCK27/SES276/SA276S24	SES101	-2.07525	-10.0942	-8.01891
BLOCK27/SES276/SA276S24	SES177	-2.3936	-10.4125	-8.01891
BLOCK27/SES276/SA276S24	SES180	-2.98411	-11.003	-8.01891
BLOCK27/SES276/SA276S24	SES292	-3.0093	-11.0282	-8.01891
BLOCK27/SES276/SA276S26	SES101	-1.48053	-7.23303	-5.7525
BLOCK27/SES276/SA276S26	SES177	-1.97311	-7.72561	-5.7525
BLOCK27/SES276/SA276S26	SES180	-1.90189	-7.65439	-5.7525
BLOCK27/SES276/SA276S26	SES292	-1.7753	-7.52781	-5.7525
BLOCK27/SES276/SA276S28	SES101	-1.84508	-8.21074	-6.36566
BLOCK27/SES276/SA276S28	SES177	-2.64418	-9.00983	-6.36566
BLOCK27/SES276/SA276S28	SES180	-2.25778	-8.62344	-6.36566
BLOCK27/SES276/SA276S28	SES292	-2.61865	-8.98431	-6.36566
BLOCK27/SES277/SA277S12	SES101	-1.99495	-13.2824	-11.2875
BLOCK27/SES277/SA277S12	SES177	-2.54423	-13.8317	-11.2875
BLOCK27/SES277/SA277S12	SES180	-2.6107	-13.8982	-11.2875
BLOCK27/SES277/SA277S12	SES292	-2.20159	-13.4891	-11.2875
BLOCK27/SES277/SA277S14	SES177	-2.48451	-13.1434	-10.6589
BLOCK27/SES277/SA277S14	SES180	-3.59565	-14.2546	-10.6589
BLOCK27/SES277/SA277S14	SES189	-2.05078	-12.7097	-10.6589
BLOCK27/SES277/SA277S14	SES292	-2.56857	-13.2275	-10.6589
BLOCK27/SES277/SA277S21	SES177	-2.22665	-12.3198	-10.0932
BLOCK27/SES277/SA277S21	SES180	-3.03483	-13.128	-10.0932
BLOCK27/SES277/SA277S21	SES189	-2.21184	-12.305	-10.0932
BLOCK27/SES277/SA277S21	SES292	-2.50747	-12.6007	-10.0932
BLOCK27/SES277/SA277S24	SES144	-1.83724	-12.7125	-10.8753
BLOCK27/SES277/SA277S24	SES177	-2.55009	-13.4254	-10.8753
BLOCK27/SES277/SA277S24	SES180	-2.61057	-13.4858	-10.8753
BLOCK27/SES277/SA277S24	SES189	-2.66267	-13.5379	-10.8753
BLOCK27/SES277/SA277S29	SES177	-2.98572	-10.1498	-7.16404
BLOCK27/SES277/SA277S29	SES180	-3.12578	-10.2898	-7.16404
BLOCK27/SES277/SA277S29	SES202	-3.39578	-10.5598	-7.16404
BLOCK27/SES277/SA277S29	SES292	-3.30035	-10.4644	-7.16404
BLOCK27/SES279/SA279S09	SES120	-2.95054	-11.0782	-8.12764
BLOCK27/SES279/SA279S09	SES146	-2.65129	-10.7789	-8.12764
BLOCK27/SES279/SA279S09	SES206	-2.75881	-10.8864	-8.12764
BLOCK27/SES279/SA279S09	SES226	-3.77264	-11.9003	-8.12764
BLOCK27/SES279/SA279S10	SES099	-2.28812	-10.8539	-8.56576
BLOCK27/SES279/SA279S10	SES206	-2.51609	-11.0819	-8.56576
BLOCK27/SES279/SA279S10	SES226	-3.72017	-12.2859	-8.56576
BLOCK27/SES279/SA279S10	SES292	-2.83558	-11.4013	-8.56576
BLOCK27/SES279/SA279S20	SES099	-3.61851	-14.1172	-10.4986
BLOCK27/SES279/SA279S20	SES206	-2.29509	-12.7937	-10.4986
BLOCK27/SES279/SA279S20	SES226	-3.97408	-14.4727	-10.4986
BLOCK27/SES279/SA279S20	SES292	-2.85251	-13.3512	-10.4986
BLOCK27/SES279/SA279S26	SES099	-1.78931	-12.9188	-11.1295
BLOCK27/SES279/SA279S26	SES206	-2.1646	-13.2941	-11.1295
BLOCK27/SES279/SA279S26	SES226	-3.10196	-14.2314	-11.1295
BLOCK27/SES279/SA279S26	SES292	-2.41601	-13.5455	-11.1295
BLOCK27/SES279/SA279S28	SES099	-1.71484	-7.74388	-6.02903
BLOCK27/SES279/SA279S28	SES120	-2.33991	-8.36894	-6.02903
BLOCK27/SES279/SA279S28	SES177	-2.37863	-8.40766	-6.02903
BLOCK27/SES279/SA279S28	SES206	-2.61429	-8.64333	-6.02903
BLOCK29/SES290/SA290S12	SES162	-2.19258	-11.3388	-9.1462
BLOCK29/SES290/SA290S12	SES177	-2.19718	-11.3434	-9.1462
BLOCK29/SES290/SA290S12	SES180	-3.10218	-12.2484	-9.1462
BLOCK29/SES290/SA290S12	SES292	-2.95121	-12.0974	-9.1462
BLOCK29/SES290/SA290S13	SES007	-2.63044	-11.336	-8.70555
BLOCK29/SES290/SA290S13	SES162	-2.46508	-11.1706	-8.70555
BLOCK29/SES290/SA290S13	SES177	-2.4586	-11.1642	-8.70555
BLOCK29/SES290/SA290S13	SES180	-2.6854	-11.391	-8.70555
BLOCK29/SES290/SA290S22	SES177	-2.43715	-11.2228	-8.78568
BLOCK29/SES290/SA290S22	SES180	-3.05744	-11.8431	-8.78568
BLOCK29/SES290/SA290S22	SES202	-2.45282	-11.2385	-8.78568
BLOCK29/SES290/SA290S22	SES292	-2.87055	-11.6562	-8.78568
BLOCK29/SES290/SA290S25	SES162	-3.01396	-12.6291	-9.6151
BLOCK29/SES290/SA290S25	SES177	-2.92641	-12.5415	-9.6151
BLOCK29/SES290/SA290S25	SES180	-3.52535	-13.1404	-9.6151
BLOCK29/SES290/SA290S25	SES292	-3.18019	-12.7953	-9.6151
BLOCK29/SES290/SA290S29	SES177	-1.84702	-8.7776	-6.93058
BLOCK29/SES290/SA290S29	SES180	-2.64024	-9.57082	-6.93058
BLOCK29/SES290/SA290S29	SES275	-2.11111	-9.04169	-6.93058
BLOCK29/SES290/SA290S29	SES292	-2.64373	-9.57431	-6.93058
BLOCK29/SES291/SA291S11	SES105	-2.94849	-13.9507	-11.0022
BLOCK29/SES291/SA291S11	SES125	-2.80995	-13.8121	-11.0022
BLOCK29/SES291/SA291S11	SES158	-2.65895	-13.6611	-11.0022
BLOCK29/SES291/SA291S11	SES275	-3.04622	-14.0484	-11.0022
BLOCK29/SES291/SA291S12	SES158	-2.12354	-15.4542	-13.3307
BLOCK29/SES291/SA291S12	SES226	-6.48291	-19.8136	-13.3307
BLOCK29/SES291/SA291S12	SES270	-4.93743	-18.2681	-13.3307
BLOCK29/SES291/SA291S12	SES275	-5.19636	-18.527	-13.3307
BLOCK29/SES291/SA291S22	SES082	-2.42434	-11.5521	-9.12773
BLOCK29/SES291/SA291S22	SES158	-3.19599	-12.3237	-9.12773
BLOCK29/SES291/SA291S22	SES259	-2.56526	-11.693	-9.12773
BLOCK29/SES291/SA291S22	SES275	-3.22333	-12.3511	-9.12773
BLOCK29/SES291/SA291S24	SES104	-2.97938	-14.3054	-11.3261
BLOCK29/SES291/SA291S24	SES125	-3.1395	-14.4656	-11.3261
BLOCK29/SES291/SA291S24	SES158	-3.08087	-14.4069	-11.3261
BLOCK29/SES291/SA291S24	SES275	-4.15046	-15.4765	-11.3261
BLOCK29/SES291/SA291S27	SES158	-3.27492	-12.4153	-9.14042
BLOCK29/SES291/SA291S27	SES172	-4.61717	-13.7576	-9.14042
BLOCK29/SES291/SA291S27	SES275	-3.19623	-12.3367	-9.14042
BLOCK29/SES291/SA291S27	SES292	-3.40986	-12.5503	-9.14042
Threshold search:
THR	-8.101108583692	9	0(0)	1(1000)
THR	-8.01527157785508	8.991	0(0)	0.999(999)
THR	-7.92943457201816	8.991	0(0)	0.999(999)
THR	-7.84359756618124	8.991	0(0)	0.999(999)
THR	-7.75776056034432	8.991	0(0)	0.999(999)
THR	-7.6719235545074	8.991	0(0)	0.999(999)
THR	-7.58608654867048	8.991	0(0)	0.999(999)
THR	-7.50024954283356	8.991	0(0)	0.999(999)
THR	-7.41441253699664	8.991	0(0)	0.999(999)
THR	-7.32857553115972	8.991	0(0)	0.999(999)
THR	-7.2427385253228	8.991	0(0)	0.999(999)
THR	-7.15690151948588	8.991	0(0)	0.999(999)
THR	-7.07106451364896	8.982	0(0)	0.998(998)
THR	-6.98522750781204	8.982	0(0)	0.998(998)
THR	-6.89939050197512	8.982	0(0)	0.998(998)
THR	-6.8135534961382	8.982	0(0)	0.998(998)
THR	-6.72771649030128	8.982	0(0)	0.998(998)
THR	-6.64187948446436	8.964	0(0)	0.996(996)
THR	-6.55604247862744	8.964	0(0)	0.996(996)
THR	-6.47020547279052	8.946	0(0)	0.994(994)
THR	-6.3843684669536	8.946	0(0)	0.994(994)
THR	-6.29853146111668	8.946	0(0)	0.994(994)
THR	-6.21269445527976	8.95	0.004(1)	0.994(994)
THR	-6.12685744944284	8.941	0.004(1)	0.993(993)
THR	-6.04102044360592	8.941	0.004(1)	0.993(993)
THR	-5.955183437769	8.941	0.004(1)	0.993(993)
THR	-5.86934643193208	8.932	0.004(1)	0.992(992)
THR	-5.78350942609516	8.887	0.004(1)	0.987(987)
THR	-5.69767242025824	8.878	0.004(1)	0.986(986)
THR	-5.61183541442132	8.878	0.004(1)	0.986(986)
THR	-5.5259984085844	8.86	0.004(1)	0.984(984)
THR	-5.44016140274748	8.851	0.004(1)	0.983(983)
THR	-5.35432439691056	8.851	0.004(1)	0.983(983)
THR	-5.26848739107364	8.824	0.004(1)	0.98(980)
THR	-5.18265038523672	8.797	0.004(1)	0.977(977)
THR	-5.0968133793998	8.788	0.004(1)	0.976(976)
THR	-5.01097637356288	8.743	0.004(1)	0.971(971)
THR	-4.92513936772596	8.716	0.004(1)	0.968(968)
THR	-4.83930236188904	8.707	0.004(1)	0.967(967)
THR	-4.75346535605212	8.693	0.008(2)	0.965(965)
THR	-4.6676283502152	8.652	0.012(3)	0.96(960)
THR	-4.58179134437828	8.643	0.012(3)	0.959(959)
THR	-4.49595433854136	8.616	0.012(3)	0.956(956)
THR	-4.41011733270444	8.58	0.012(3)	0.952(952)
THR	-4.32428032686752	8.553	0.012(3)	0.949(949)
THR	-4.2384433210306	8.463	0.012(3)	0.939(939)
THR	-4.15260631519368	8.382	0.012(3)	0.93(930)
THR	-4.06676930935676	8.305	0.016(4)	0.921(921)
THR	-3.98093230351984	8.233	0.016(4)	0.913(913)
THR	-3.89509529768292	8.107	0.016(4)	0.899(899)
THR	-3.809258291846	8.026	0.016(4)	0.89(890)
THR	-3.72342128600908	7.963	0.016(4)	0.883(883)
THR	-3.63758428017216	7.864	0.016(4)	0.872(872)
THR	-3.55174727433524	7.594	0.016(4)	0.842(842)
THR	-3.46591026849832	7.458	0.024(6)	0.826(826)
THR	-3.3800732626614	7.334	0.044(11)	0.81(810)
THR	-3.29423625682448	7.085	0.056(14)	0.781(781)
THR	-3.20839925098756	6.814	0.064(16)	0.75(750)
THR	-3.12256224515064	6.557	0.068(17)	0.721(721)
THR	-3.03672523931372	6.339	0.084(21)	0.695(695)
THR	-2.9508882334768	5.994	0.108(27)	0.654(654)
THR	-2.86505122763988	5.65	0.124(31)	0.614(614)
THR	-2.77921422180296	5.386	0.148(37)	0.582(582)
THR	-2.69337721596604	4.989	0.192(48)	0.533(533)
THR	-2.60754021012912	4.55	0.248(62)	0.478(478)
THR	-2.5217032042922	4.11	0.276(69)	0.426(426)
THR	-2.43586619845528	3.688	0.304(76)	0.376(376)
THR	-2.35002919261836	3.383	0.332(83)	0.339(339)
THR	-2.26419218678144	3.036	0.372(93)	0.296(296)
THR	-2.17835518094452	2.792	0.416(104)	0.264(264)
THR	-2.0925181751076	2.412	0.468(117)	0.216(216)
THR	-2.00668116927068	2.119	0.508(127)	0.179(179)
THR	-1.92084416343376	1.836	0.54(135)	0.144(144)
THR	-1.83500715759684	1.627	0.592(148)	0.115(115)
THR	-1.74917015175992	1.431	0.648(162)	0.087(87)
THR	-1.663333145923	1.3	0.688(172)	0.068(68)
THR	-1.57749614008608	1.195	0.736(184)	0.051(51)
THR	-1.49165913424916	1.158	0.78(195)	0.042(42)
THR	-1.40582212841224	1.092	0.804(201)	0.032(32)
THR	-1.31998512257532	1.075	0.832(208)	0.027(27)
THR	-1.2341481167384	1.071	0.864(216)	0.023(23)
THR	-1.14831111090148	1.05	0.888(222)	0.018(18)
THR	-1.06247410506456	1.039	0.904(226)	0.015(15)
THR	-0.976637099227641	1.017	0.936(234)	0.009(9)
THR	-0.890800093390721	0.993	0.948(237)	0.005(5)
THR	-0.804963087553801	0.987	0.96(240)	0.003(3)
THR	-0.719126081716881	0.991	0.964(241)	0.003(3)
THR	-0.633289075879961	0.977	0.968(242)	0.001(1)
THR	-0.547452070043041	0.981	0.972(243)	0.001(1)
THR	-0.461615064206121	0.985	0.976(244)	0.001(1)
THR	-0.375778058369201	0.985	0.976(244)	0.001(1)
THR	-0.289941052532281	0.989	0.98(245)	0.001(1)
THR	-0.204104046695361	0.993	0.984(246)	0.001(1)
THR	-0.118267040858441	0.993	0.984(246)	0.001(1)
THR	-0.0324300350215214	0.993	0.984(246)	0.001(1)
THR	0.0534069708153986	0.988	0.988(247)	0(0)
THR	0.139243976652319	0.988	0.988(247)	0(0)
THR	0.225080982489239	0.992	0.992(248)	0(0)
THR	0.310917988326159	0.992	0.992(248)	0(0)
THR	0.396754994163079	0.992	0.992(248)	0(0)
THR	0.482591999999999	0.996	0.996(249)	0(0)
THR	0.568429005836919	1	1(250)	0(0)


==============================================
THR: -0.633289075879961
Missed:     242/250=0.9680
FalseAlarm: 1/1000=0.0010
----------------------------------------------
==> CostDetection: 97.7
==============================================
