Threshold search:
THR	-5.89156040675	9	0(0)	1(1000)
THR	-5.7874928026825	8.973	0(0)	0.997(997)
THR	-5.683425198615	8.964	0(0)	0.996(996)
THR	-5.5793575945475	8.964	0(0)	0.996(996)
THR	-5.47528999048	8.955	0(0)	0.995(995)
THR	-5.3712223864125	8.937	0(0)	0.993(993)
THR	-5.267154782345	8.928	0(0)	0.992(992)
THR	-5.1630871782775	8.919	0(0)	0.991(991)
THR	-5.05901957421	8.919	0(0)	0.991(991)
THR	-4.9549519701425	8.919	0(0)	0.991(991)
THR	-4.850884366075	8.901	0(0)	0.989(989)
THR	-4.7468167620075	8.901	0(0)	0.989(989)
THR	-4.64274915794	8.892	0(0)	0.988(988)
THR	-4.5386815538725	8.874	0(0)	0.986(986)
THR	-4.434613949805	8.865	0(0)	0.985(985)
THR	-4.3305463457375	8.856	0(0)	0.984(984)
THR	-4.22647874167	8.847	0(0)	0.983(983)
THR	-4.1224111376025	8.811	0(0)	0.979(979)
THR	-4.01834353353501	8.802	0(0)	0.978(978)
THR	-3.91427592946751	8.775	0(0)	0.975(975)
THR	-3.8102083254	8.757	0(0)	0.973(973)
THR	-3.7061407213325	8.703	0(0)	0.967(967)
THR	-3.602073117265	8.685	0(0)	0.965(965)
THR	-3.4980055131975	8.658	0(0)	0.962(962)
THR	-3.39393790913	8.613	0(0)	0.957(957)
THR	-3.2898703050625	8.613	0(0)	0.957(957)
THR	-3.185802700995	8.577	0(0)	0.953(953)
THR	-3.0817350969275	8.505	0(0)	0.945(945)
THR	-2.97766749286	8.424	0(0)	0.936(936)
THR	-2.8735998887925	8.343	0(0)	0.927(927)
THR	-2.769532284725	8.28	0(0)	0.92(920)
THR	-2.6654646806575	8.208	0(0)	0.912(912)
THR	-2.56139707659	8.109	0(0)	0.901(901)
THR	-2.4573294725225	8.001	0(0)	0.889(889)
THR	-2.353261868455	7.866	0(0)	0.874(874)
THR	-2.2491942643875	7.641	0(0)	0.849(849)
THR	-2.14512666032	7.461	0(0)	0.829(829)
THR	-2.0410590562525	7.195	0.004(1)	0.799(799)
THR	-1.936991452185	6.979	0.004(1)	0.775(775)
THR	-1.8329238481175	6.691	0.004(1)	0.743(743)
THR	-1.72885624405	6.268	0.004(1)	0.696(696)
THR	-1.6247886399825	5.89	0.004(1)	0.654(654)
THR	-1.520721035915	5.557	0.004(1)	0.617(617)
THR	-1.4166534318475	5.215	0.004(1)	0.579(579)
THR	-1.31258582778	4.873	0.004(1)	0.541(541)
THR	-1.2085182237125	4.423	0.004(1)	0.491(491)
THR	-1.104450619645	4	0.004(1)	0.444(444)
THR	-1.0003830155775	3.604	0.004(1)	0.4(400)
THR	-0.896315411510003	3.28	0.004(1)	0.364(364)
THR	-0.792247807442503	2.865	0.012(3)	0.317(317)
THR	-0.688180203375003	2.572	0.016(4)	0.284(284)
THR	-0.584112599307503	2.223	0.036(9)	0.243(243)
THR	-0.480044995240003	1.803	0.048(12)	0.195(195)
THR	-0.375977391172503	1.531	0.064(16)	0.163(163)
THR	-0.271909787105003	1.285	0.088(22)	0.133(133)
THR	-0.167842183037503	1.133	0.116(29)	0.113(113)
THR	-0.0637745789700034	0.98	0.152(38)	0.092(92)
THR	0.0402930250974965	0.787	0.184(46)	0.067(67)
THR	0.144360629164997	0.73	0.244(61)	0.054(54)
THR	0.248428233232497	0.641	0.272(68)	0.041(41)
THR	0.352495837299997	0.605	0.308(77)	0.033(33)
THR	0.456563441367496	0.667	0.388(97)	0.031(31)
THR	0.560631045434997	0.616	0.436(109)	0.02(20)
THR	0.664698649502496	0.624	0.48(120)	0.016(16)
THR	0.768766253569996	0.662	0.536(134)	0.014(14)
THR	0.872833857637496	0.674	0.584(146)	0.01(10)
THR	0.976901461704996	0.69	0.636(159)	0.006(6)
THR	1.0809690657725	0.692	0.656(164)	0.004(4)
THR	1.18503666984	0.723	0.696(174)	0.003(3)
THR	1.2891042739075	0.734	0.716(179)	0.002(2)
THR	1.393171877975	0.77	0.752(188)	0.002(2)
THR	1.4972394820425	0.79	0.772(193)	0.002(2)
THR	1.60130708611	0.818	0.8(200)	0.002(2)
THR	1.7053746901775	0.841	0.832(208)	0.001(1)
THR	1.809442294245	0.844	0.844(211)	0(0)
THR	1.9135098983125	0.876	0.876(219)	0(0)
THR	2.01757750238	0.912	0.912(228)	0(0)
THR	2.1216451064475	0.916	0.916(229)	0(0)
THR	2.225712710515	0.924	0.924(231)	0(0)
THR	2.3297803145825	0.932	0.932(233)	0(0)
THR	2.43384791865	0.944	0.944(236)	0(0)
THR	2.5379155227175	0.948	0.948(237)	0(0)
THR	2.641983126785	0.96	0.96(240)	0(0)
THR	2.7460507308525	0.964	0.964(241)	0(0)
THR	2.85011833492	0.968	0.968(242)	0(0)
THR	2.9541859389875	0.972	0.972(243)	0(0)
THR	3.058253543055	0.972	0.972(243)	0(0)
THR	3.1623211471225	0.98	0.98(245)	0(0)
THR	3.26638875119	0.98	0.98(245)	0(0)
THR	3.3704563552575	0.988	0.988(247)	0(0)
THR	3.474523959325	0.992	0.992(248)	0(0)
THR	3.5785915633925	0.992	0.992(248)	0(0)
THR	3.68265916746	0.996	0.996(249)	0(0)
THR	3.7867267715275	0.996	0.996(249)	0(0)
THR	3.890794375595	0.996	0.996(249)	0(0)
THR	3.9948619796625	0.996	0.996(249)	0(0)
THR	4.09892958373	0.996	0.996(249)	0(0)
THR	4.2029971877975	0.996	0.996(249)	0(0)
THR	4.307064791865	0.996	0.996(249)	0(0)
THR	4.4111323959325	0.996	0.996(249)	0(0)
THR	4.5152	0.996	0.996(249)	0(0)
THR	4.6192676040675	1	1(250)	0(0)


==============================================
THR: 0.352495837299997
Missed:     77/250=0.3080
FalseAlarm: 33/1000=0.0330
----------------------------------------------
==> CostDetection: 60.5
==============================================
Threshold search:
THR	-5.60191004761	9	0(0)	1(1000)
THR	-5.5014338471339	8.991	0(0)	0.999(999)
THR	-5.4009576466578	8.991	0(0)	0.999(999)
THR	-5.3004814461817	8.991	0(0)	0.999(999)
THR	-5.2000052457056	8.991	0(0)	0.999(999)
THR	-5.0995290452295	8.991	0(0)	0.999(999)
THR	-4.9990528447534	8.973	0(0)	0.997(997)
THR	-4.8985766442773	8.973	0(0)	0.997(997)
THR	-4.7981004438012	8.973	0(0)	0.997(997)
THR	-4.6976242433251	8.955	0(0)	0.995(995)
THR	-4.597148042849	8.955	0(0)	0.995(995)
THR	-4.4966718423729	8.955	0(0)	0.995(995)
THR	-4.3961956418968	8.955	0(0)	0.995(995)
THR	-4.2957194414207	8.955	0(0)	0.995(995)
THR	-4.1952432409446	8.919	0(0)	0.991(991)
THR	-4.0947670404685	8.892	0(0)	0.988(988)
THR	-3.9942908399924	8.874	0(0)	0.986(986)
THR	-3.8938146395163	8.856	0(0)	0.984(984)
THR	-3.7933384390402	8.847	0(0)	0.983(983)
THR	-3.6928622385641	8.829	0(0)	0.981(981)
THR	-3.592386038088	8.793	0(0)	0.977(977)
THR	-3.4919098376119	8.721	0(0)	0.969(969)
THR	-3.3914336371358	8.658	0(0)	0.962(962)
THR	-3.2909574366597	8.622	0(0)	0.958(958)
THR	-3.1904812361836	8.532	0(0)	0.948(948)
THR	-3.0900050357075	8.478	0(0)	0.942(942)
THR	-2.9895288352314	8.325	0(0)	0.925(925)
THR	-2.88905263475529	8.181	0(0)	0.909(909)
THR	-2.78857643427919	8.055	0(0)	0.895(895)
THR	-2.68810023380309	7.902	0(0)	0.878(878)
THR	-2.58762403332699	7.767	0(0)	0.863(863)
THR	-2.48714783285089	7.614	0(0)	0.846(846)
THR	-2.38667163237479	7.335	0(0)	0.815(815)
THR	-2.28619543189869	7.029	0(0)	0.781(781)
THR	-2.18571923142259	6.75	0(0)	0.75(750)
THR	-2.08524303094649	6.462	0(0)	0.718(718)
THR	-1.98476683047039	6.048	0(0)	0.672(672)
THR	-1.88429062999429	5.733	0(0)	0.637(637)
THR	-1.78381442951819	5.283	0(0)	0.587(587)
THR	-1.68333822904209	4.788	0(0)	0.532(532)
THR	-1.58286202856599	4.212	0(0)	0.468(468)
THR	-1.48238582808989	3.798	0(0)	0.422(422)
THR	-1.38190962761379	3.321	0(0)	0.369(369)
THR	-1.28143342713769	2.898	0(0)	0.322(322)
THR	-1.18095722666159	2.52	0(0)	0.28(280)
THR	-1.08048102618549	2.169	0(0)	0.241(241)
THR	-0.980004825709394	1.827	0(0)	0.203(203)
THR	-0.879528625233294	1.512	0(0)	0.168(168)
THR	-0.779052424757194	1.206	0(0)	0.134(134)
THR	-0.678576224281094	0.954	0(0)	0.106(106)
THR	-0.578100023804994	0.747	0(0)	0.083(83)
THR	-0.477623823328894	0.585	0(0)	0.065(65)
THR	-0.377147622852794	0.418	0.004(1)	0.046(46)
THR	-0.276671422376694	0.305	0.008(2)	0.033(33)
THR	-0.176195221900594	0.206	0.008(2)	0.022(22)
THR	-0.0757190214244942	0.161	0.008(2)	0.017(17)
THR	0.0247571790516058	0.111	0.012(3)	0.011(11)
THR	0.125233379527706	0.097	0.016(4)	0.009(9)
THR	0.225709580003806	0.07	0.016(4)	0.006(6)
THR	0.326185780479906	0.072	0.036(9)	0.004(4)
THR	0.426661980956006	0.083	0.056(14)	0.003(3)
THR	0.527138181432106	0.111	0.084(21)	0.003(3)
THR	0.627614381908206	0.126	0.108(27)	0.002(2)
THR	0.728090582384306	0.14	0.14(35)	0(0)
THR	0.828566782860406	0.188	0.188(47)	0(0)
THR	0.929042983336506	0.244	0.244(61)	0(0)
THR	1.02951918381261	0.288	0.288(72)	0(0)
THR	1.12999538428871	0.324	0.324(81)	0(0)
THR	1.23047158476481	0.36	0.36(90)	0(0)
THR	1.33094778524091	0.424	0.424(106)	0(0)
THR	1.43142398571701	0.452	0.452(113)	0(0)
THR	1.53190018619311	0.496	0.496(124)	0(0)
THR	1.63237638666921	0.556	0.556(139)	0(0)
THR	1.73285258714531	0.588	0.588(147)	0(0)
THR	1.83332878762141	0.64	0.64(160)	0(0)
THR	1.93380498809751	0.724	0.724(181)	0(0)
THR	2.03428118857361	0.756	0.756(189)	0(0)
THR	2.13475738904971	0.816	0.816(204)	0(0)
THR	2.23523358952581	0.836	0.836(209)	0(0)
THR	2.33570979000191	0.86	0.86(215)	0(0)
THR	2.43618599047801	0.868	0.868(217)	0(0)
THR	2.53666219095411	0.888	0.888(222)	0(0)
THR	2.63713839143021	0.912	0.912(228)	0(0)
THR	2.73761459190631	0.936	0.936(234)	0(0)
THR	2.83809079238241	0.944	0.944(236)	0(0)
THR	2.93856699285851	0.96	0.96(240)	0(0)
THR	3.03904319333461	0.96	0.96(240)	0(0)
THR	3.13951939381071	0.96	0.96(240)	0(0)
THR	3.23999559428681	0.964	0.964(241)	0(0)
THR	3.34047179476291	0.972	0.972(243)	0(0)
THR	3.44094799523901	0.98	0.98(245)	0(0)
THR	3.54142419571511	0.98	0.98(245)	0(0)
THR	3.64190039619121	0.98	0.98(245)	0(0)
THR	3.74237659666731	0.984	0.984(246)	0(0)
THR	3.84285279714341	0.988	0.988(247)	0(0)
THR	3.94332899761951	0.988	0.988(247)	0(0)
THR	4.04380519809561	0.988	0.988(247)	0(0)
THR	4.14428139857171	0.996	0.996(249)	0(0)
THR	4.24475759904781	0.996	0.996(249)	0(0)
THR	4.34523379952391	0.996	0.996(249)	0(0)
THR	4.44571000000001	1	1(250)	0(0)


==============================================
THR: 0.225709580003806
Missed:     4/250=0.0160
FalseAlarm: 6/1000=0.0060
----------------------------------------------
==> CostDetection: 7.0
==============================================
Threshold search:
THR	-5.43982847327	9	0(0)	1(1000)
THR	-5.3550956885373	8.991	0(0)	0.999(999)
THR	-5.2703629038046	8.991	0(0)	0.999(999)
THR	-5.1856301190719	8.991	0(0)	0.999(999)
THR	-5.1008973343392	8.991	0(0)	0.999(999)
THR	-5.0161645496065	8.991	0(0)	0.999(999)
THR	-4.9314317648738	8.991	0(0)	0.999(999)
THR	-4.8466989801411	8.991	0(0)	0.999(999)
THR	-4.7619661954084	8.991	0(0)	0.999(999)
THR	-4.6772334106757	8.991	0(0)	0.999(999)
THR	-4.592500625943	8.991	0(0)	0.999(999)
THR	-4.5077678412103	8.991	0(0)	0.999(999)
THR	-4.4230350564776	8.991	0(0)	0.999(999)
THR	-4.3383022717449	8.991	0(0)	0.999(999)
THR	-4.2535694870122	8.991	0(0)	0.999(999)
THR	-4.1688367022795	8.991	0(0)	0.999(999)
THR	-4.0841039175468	8.991	0(0)	0.999(999)
THR	-3.9993711328141	8.991	0(0)	0.999(999)
THR	-3.9146383480814	8.991	0(0)	0.999(999)
THR	-3.8299055633487	8.991	0(0)	0.999(999)
THR	-3.745172778616	8.982	0(0)	0.998(998)
THR	-3.6604399938833	8.982	0(0)	0.998(998)
THR	-3.5757072091506	8.982	0(0)	0.998(998)
THR	-3.4909744244179	8.982	0(0)	0.998(998)
THR	-3.4062416396852	8.982	0(0)	0.998(998)
THR	-3.3215088549525	8.982	0(0)	0.998(998)
THR	-3.2367760702198	8.982	0(0)	0.998(998)
THR	-3.1520432854871	8.982	0(0)	0.998(998)
THR	-3.0673105007544	8.982	0(0)	0.998(998)
THR	-2.9825777160217	8.982	0(0)	0.998(998)
THR	-2.897844931289	8.982	0(0)	0.998(998)
THR	-2.8131121465563	8.982	0(0)	0.998(998)
THR	-2.7283793618236	8.982	0(0)	0.998(998)
THR	-2.6436465770909	8.973	0(0)	0.997(997)
THR	-2.5589137923582	8.964	0(0)	0.996(996)
THR	-2.4741810076255	8.964	0(0)	0.996(996)
THR	-2.3894482228928	8.946	0(0)	0.994(994)
THR	-2.3047154381601	8.919	0(0)	0.991(991)
THR	-2.2199826534274	8.919	0(0)	0.991(991)
THR	-2.1352498686947	8.901	0(0)	0.989(989)
THR	-2.050517083962	8.901	0(0)	0.989(989)
THR	-1.9657842992293	8.874	0(0)	0.986(986)
THR	-1.8810515144966	8.865	0(0)	0.985(985)
THR	-1.7963187297639	8.847	0(0)	0.983(983)
THR	-1.7115859450312	8.766	0(0)	0.974(974)
THR	-1.6268531602985	8.748	0(0)	0.972(972)
THR	-1.5421203755658	8.685	0(0)	0.965(965)
THR	-1.4573875908331	8.622	0(0)	0.958(958)
THR	-1.3726548061004	8.523	0(0)	0.947(947)
THR	-1.2879220213677	8.388	0(0)	0.932(932)
THR	-1.203189236635	8.181	0(0)	0.909(909)
THR	-1.1184564519023	7.965	0(0)	0.885(885)
THR	-1.0337236671696	7.758	0(0)	0.862(862)
THR	-0.948990882436902	7.542	0(0)	0.838(838)
THR	-0.864258097704202	7.281	0(0)	0.809(809)
THR	-0.779525312971503	6.966	0(0)	0.774(774)
THR	-0.694792528238803	6.633	0(0)	0.737(737)
THR	-0.610059743506103	6.264	0(0)	0.696(696)
THR	-0.525326958773403	5.895	0(0)	0.655(655)
THR	-0.440594174040703	5.571	0(0)	0.619(619)
THR	-0.355861389308003	5.058	0(0)	0.562(562)
THR	-0.271128604575303	4.67	0.008(2)	0.518(518)
THR	-0.186395819842603	4.075	0.016(4)	0.451(451)
THR	-0.101663035109903	3.629	0.02(5)	0.401(401)
THR	-0.0169302503772026	3.194	0.044(11)	0.35(350)
THR	0.0678025343554974	2.688	0.06(15)	0.292(292)
THR	0.152535319088197	2.214	0.108(27)	0.234(234)
THR	0.237268103820897	1.857	0.156(39)	0.189(189)
THR	0.322000888553597	1.537	0.196(49)	0.149(149)
THR	0.406733673286298	1.301	0.248(62)	0.117(117)
THR	0.491466458018998	1.153	0.316(79)	0.093(93)
THR	0.576199242751698	0.988	0.376(94)	0.068(68)
THR	0.660932027484397	0.866	0.416(104)	0.05(50)
THR	0.745664812217097	0.826	0.484(121)	0.038(38)
THR	0.830397596949797	0.807	0.564(141)	0.027(27)
THR	0.915130381682497	0.787	0.616(154)	0.019(19)
THR	0.999863166415197	0.745	0.664(166)	0.009(9)
THR	1.0845959511479	0.748	0.712(178)	0.004(4)
THR	1.1693287358806	0.757	0.748(187)	0.001(1)
THR	1.2540615206133	0.776	0.776(194)	0(0)
THR	1.338794305346	0.832	0.832(208)	0(0)
THR	1.4235270900787	0.86	0.86(215)	0(0)
THR	1.5082598748114	0.876	0.876(219)	0(0)
THR	1.5929926595441	0.884	0.884(221)	0(0)
THR	1.6777254442768	0.92	0.92(230)	0(0)
THR	1.7624582290095	0.928	0.928(232)	0(0)
THR	1.8471910137422	0.94	0.94(235)	0(0)
THR	1.9319237984749	0.948	0.948(237)	0(0)
THR	2.0166565832076	0.96	0.96(240)	0(0)
THR	2.1013893679403	0.96	0.96(240)	0(0)
THR	2.186122152673	0.964	0.964(241)	0(0)
THR	2.2708549374057	0.968	0.968(242)	0(0)
THR	2.3555877221384	0.976	0.976(244)	0(0)
THR	2.4403205068711	0.98	0.98(245)	0(0)
THR	2.5250532916038	0.984	0.984(246)	0(0)
THR	2.6097860763365	0.988	0.988(247)	0(0)
THR	2.6945188610692	0.992	0.992(248)	0(0)
THR	2.7792516458019	0.996	0.996(249)	0(0)
THR	2.8639844305346	0.996	0.996(249)	0(0)
THR	2.9487172152673	0.996	0.996(249)	0(0)
THR	3.03345	0.996	0.996(249)	0(0)
THR	3.1181827847327	1	1(250)	0(0)


==============================================
THR: 0.999863166415197
Missed:     166/250=0.6640
FalseAlarm: 9/1000=0.0090
----------------------------------------------
==> CostDetection: 74.5
==============================================
